{"target": 432.05089061606253, "params": {"T_s": 19.680162545981712, "bandwidth_lower_bound": 0.1, "bandwidth_upper_bound": 9.753123330552471, "delay": 34.40284376834516, "delay_noise": 0.0, "loss": 0.00019156751113090457, "queue": 2.9769027784221014}, "datetime": {"datetime": "2022-05-09 23:52:13", "elapsed": 0.0, "delta": 0.0}}
{"target": 364.18561389727654, "params": {"T_s": 7.8166789725637225, "bandwidth_lower_bound": 0.1, "bandwidth_upper_bound": 1.6598555880228851, "delay": 28.974395759771298, "delay_noise": 0.0, "loss": 0.0008255887523598021, "queue": 2.347194297635815}, "datetime": {"datetime": "2022-05-09 23:52:22", "elapsed": 8.186406, "delta": 8.186406}}
{"target": -112.24991131456085, "params": {"T_s": 28.081654156238812, "bandwidth_lower_bound": 0.1, "bandwidth_upper_bound": 0.3866462214268806, "delay": 198.8503494908776, "delay_noise": 0.0, "loss": 0, "queue": 1.9614795263161655}, "datetime": {"datetime": "2022-05-09 23:52:30", "elapsed": 16.178595, "delta": 7.992189}}
{"target": -126.7082658102355, "params": {"T_s": 22.313624722651046, "bandwidth_lower_bound": 0.1, "bandwidth_upper_bound": 0.12399159458574026, "delay": 180.69774096320992, "delay_noise": 0.0, "loss": 0.0011356446587023384, "queue": 1.2539766846827207}, "datetime": {"datetime": "2022-05-09 23:52:37", "elapsed": 24.051978, "delta": 7.873383}}
{"target": 262.2591179065245, "params": {"T_s": 1.7721065784203165, "bandwidth_lower_bound": 0.1, "bandwidth_upper_bound": 31.926056690693187, "delay": 74.66349134203003, "delay_noise": 0.0, "loss": 0.0005589297700069402, "queue": 1.2812258476791725}, "datetime": {"datetime": "2022-05-09 23:52:49", "elapsed": 35.762749, "delta": 11.710771}}
{"target": 408.6063937314536, "params": {"T_s": 22.57997312876857, "bandwidth_lower_bound": 0.1, "bandwidth_upper_bound": 6.113851200293995, "delay": 64.59440961783427, "delay_noise": 0.0, "loss": 0, "queue": 2.154260461949603}, "datetime": {"datetime": "2022-05-09 23:52:59", "elapsed": 45.307141, "delta": 9.544392}}
{"target": 298.5487871308067, "params": {"T_s": 7.150344110351021, "bandwidth_lower_bound": 0.1, "bandwidth_upper_bound": 1.3233728976427708, "delay": 115.471524343021, "delay_noise": 0.0, "loss": 0.01070134960994661, "queue": 0.656906498606465}, "datetime": {"datetime": "2022-05-09 23:53:07", "elapsed": 54.008177, "delta": 8.701036}}
{"target": 194.5295489435993, "params": {"T_s": 1.7004883257912904, "bandwidth_lower_bound": 0.1, "bandwidth_upper_bound": 0.6231206399728331, "delay": 69.19467715756583, "delay_noise": 0.0, "loss": 0.009701098214674157, "queue": 1.5819725830370195}, "datetime": {"datetime": "2022-05-09 23:53:16", "elapsed": 63.00674, "delta": 8.998563}}
{"target": 31.7373906660857, "params": {"T_s": 25.514060872623567, "bandwidth_lower_bound": 0.1, "bandwidth_upper_bound": 0.13915303964360318, "delay": 54.300865706652566, "delay_noise": 0.0, "loss": 0.003670792075405807, "queue": 1.0776229095224048}, "datetime": {"datetime": "2022-05-09 23:53:25", "elapsed": 72.136396, "delta": 9.129656}}
{"target": 429.5159370471848, "params": {"T_s": 14.413566867045873, "bandwidth_lower_bound": 0.1, "bandwidth_upper_bound": 11.31027267524135, "delay": 66.15869711352124, "delay_noise": 0.0, "loss": 0.0021888109821318353, "queue": 1.8700926691863144}, "datetime": {"datetime": "2022-05-09 23:53:37", "elapsed": 83.578931, "delta": 11.442535}}
{"target": 32.46297895544774, "params": {"T_s": 11.053193371013204, "bandwidth_lower_bound": 0.1, "bandwidth_upper_bound": 0.507193508947369, "delay": 117.96746516728822, "delay_noise": 0.0, "loss": 0, "queue": 1.7235816053869033}, "datetime": {"datetime": "2022-05-09 23:53:47", "elapsed": 93.446906, "delta": 9.867975}}
{"target": -142.95949372191495, "params": {"T_s": 2.4113892373416825, "bandwidth_lower_bound": 0.1, "bandwidth_upper_bound": 0.2237912533744226, "delay": 21.875481611201234, "delay_noise": 0.0, "loss": 0.0003057536002341636, "queue": 2.512663676044345}, "datetime": {"datetime": "2022-05-09 23:53:57", "elapsed": 103.653577, "delta": 10.206671}}
{"target": 445.154943787252, "params": {"T_s": 12.53343071827402, "bandwidth_lower_bound": 0.1, "bandwidth_upper_bound": 21.65583703507473, "delay": 26.83064914343603, "delay_noise": 0.0, "loss": 0, "queue": 0.7348896258411934}, "datetime": {"datetime": "2022-05-09 23:54:11", "elapsed": 117.345543, "delta": 13.691966}}
{"target": 282.56083157454924, "params": {"T_s": 20.91827720152784, "bandwidth_lower_bound": 0.1, "bandwidth_upper_bound": 1.2451880171960057, "delay": 81.06238577368143, "delay_noise": 0.0, "loss": 0.00019082074374293355, "queue": 2.4773589900068544}, "datetime": {"datetime": "2022-05-09 23:54:20", "elapsed": 126.977551, "delta": 9.632008}}
{"target": 404.3439630650505, "params": {"T_s": 28.087805844817616, "bandwidth_lower_bound": 0.1, "bandwidth_upper_bound": 29.8010538419773, "delay": 20.747688339385338, "delay_noise": 0.0, "loss": 0.03391453229654178, "queue": 2.9993066724952864}, "datetime": {"datetime": "2022-05-09 23:54:31", "elapsed": 137.321641, "delta": 10.34409}}
