{"target": -13.51109875674257, "params": {"T_s": 12.822923814328297, "bandwidth_lower_bound": 0.1, "bandwidth_upper_bound": 23.206232147052337, "delay": 58.88642658829048, "delay_noise": 0.0, "loss": 0.00013310332245872322, "queue": 1.673918668032007}, "datetime": {"datetime": "2022-05-10 03:23:30", "elapsed": 0.0, "delta": 0.0}}
{"target": -92.46147081622539, "params": {"T_s": 19.090554173655914, "bandwidth_lower_bound": 0.1, "bandwidth_upper_bound": 11.447876513257555, "delay": 196.2258949111854, "delay_noise": 0.0, "loss": 0.010254531726371578, "queue": 2.184206426056956}, "datetime": {"datetime": "2022-05-10 03:23:39", "elapsed": 9.767094, "delta": 9.767094}}
{"target": -106.97787875322788, "params": {"T_s": 1.7985057293534452, "bandwidth_lower_bound": 0.1, "bandwidth_upper_bound": 2.2372501906406796, "delay": 25.547081492495938, "delay_noise": 0.0, "loss": 0, "queue": 0.687767477562172}, "datetime": {"datetime": "2022-05-10 03:23:49", "elapsed": 19.439891, "delta": 9.672797}}
{"target": -40.27513920620284, "params": {"T_s": 14.025265310976106, "bandwidth_lower_bound": 0.1, "bandwidth_upper_bound": 74.50704292978229, "delay": 166.9999836433784, "delay_noise": 0.0, "loss": 0.0021403900475844362, "queue": 2.538097120827075}, "datetime": {"datetime": "2022-05-10 03:24:08", "elapsed": 38.261411, "delta": 18.82152}}
{"target": -1.9719197377098112, "params": {"T_s": 13.972617713864794, "bandwidth_lower_bound": 0.1, "bandwidth_upper_bound": 8.142667988673399, "delay": 73.73458701867995, "delay_noise": 0.0, "loss": 0.0010111903722692212, "queue": 1.090835347124207}, "datetime": {"datetime": "2022-05-10 03:24:20", "elapsed": 50.031646, "delta": 11.770235}}
{"target": -262.60366668979066, "params": {"T_s": 5.204720067828534, "bandwidth_lower_bound": 0.1, "bandwidth_upper_bound": 0.36512689118000874, "delay": 80.9983322907501, "delay_noise": 0.0, "loss": 0, "queue": 1.7919253200450995}, "datetime": {"datetime": "2022-05-10 03:24:27", "elapsed": 57.510538, "delta": 7.478892}}
{"target": -117.46650457677275, "params": {"T_s": 27.76017917258456, "bandwidth_lower_bound": 0.1, "bandwidth_upper_bound": 12.859764184617923, "delay": 144.56253342128878, "delay_noise": 0.0, "loss": 0.001431871174586226, "queue": 2.153497267459452}, "datetime": {"datetime": "2022-05-10 03:24:39", "elapsed": 68.924943, "delta": 11.414405}}
{"target": -16.329168514203786, "params": {"T_s": 27.385750566641132, "bandwidth_lower_bound": 0.1, "bandwidth_upper_bound": 32.150563974779125, "delay": 190.32203118328954, "delay_noise": 0.0, "loss": 0, "queue": 0.39500531069270706}, "datetime": {"datetime": "2022-05-10 03:24:52", "elapsed": 82.329264, "delta": 13.404321}}
{"target": -150.49961383396453, "params": {"T_s": 27.84807444153663, "bandwidth_lower_bound": 0.1, "bandwidth_upper_bound": 1.6769193847028334, "delay": 35.83920003994371, "delay_noise": 0.0, "loss": 0.0007699227771254787, "queue": 1.1540836161528818}, "datetime": {"datetime": "2022-05-10 03:25:01", "elapsed": 91.412387, "delta": 9.083123}}
{"target": -269.3485088171986, "params": {"T_s": 14.25066553454157, "bandwidth_lower_bound": 0.1, "bandwidth_upper_bound": 0.5885721221553265, "delay": 184.37654123524246, "delay_noise": 0.0, "loss": 0.0018517583014281084, "queue": 2.3037212614808587}, "datetime": {"datetime": "2022-05-10 03:25:09", "elapsed": 99.310075, "delta": 7.897688}}
{"target": -0.5847701825844496, "params": {"T_s": 26.53033337320969, "bandwidth_lower_bound": 0.1, "bandwidth_upper_bound": 19.370076477008116, "delay": 190.4489834916137, "delay_noise": 0.0, "loss": 0.00017509567652963275, "queue": 0.5979556234146777}, "datetime": {"datetime": "2022-05-10 03:25:21", "elapsed": 111.057223, "delta": 11.747148}}
{"target": -59.36451071928968, "params": {"T_s": 21.944731754068446, "bandwidth_lower_bound": 0.1, "bandwidth_upper_bound": 3.3565383615904887, "delay": 66.55351107559416, "delay_noise": 0.0, "loss": 0.0008125998814578683, "queue": 2.1095407707365004}, "datetime": {"datetime": "2022-05-10 03:25:30", "elapsed": 120.029412, "delta": 8.972189}}
{"target": -7.9800731400926, "params": {"T_s": 23.633401042923108, "bandwidth_lower_bound": 0.1, "bandwidth_upper_bound": 23.262750393665616, "delay": 79.84211002757208, "delay_noise": 0.0, "loss": 0, "queue": 2.5449320546040832}, "datetime": {"datetime": "2022-05-10 03:25:45", "elapsed": 135.125248, "delta": 15.095836}}
{"target": -58.88769954090475, "params": {"T_s": 29.904497357139697, "bandwidth_lower_bound": 0.1, "bandwidth_upper_bound": 0.7231855877469735, "delay": 90.42300208954633, "delay_noise": 0.0, "loss": 0.011107473772662442, "queue": 0.2817214483472291}, "datetime": {"datetime": "2022-05-10 03:25:53", "elapsed": 143.295166, "delta": 8.169918}}
{"target": -39.77409868256882, "params": {"T_s": 2.201998521555857, "bandwidth_lower_bound": 0.1, "bandwidth_upper_bound": 1.9773147581533954, "delay": 52.20183350036334, "delay_noise": 0.0, "loss": 0.0006871784525162774, "queue": 1.1916254666234114}, "datetime": {"datetime": "2022-05-10 03:26:01", "elapsed": 151.657497, "delta": 8.362331}}
