{"target": -8.663946579151371, "params": {"T_s": 25.210422311303834, "bandwidth_lower_bound": 0.1, "bandwidth_upper_bound": 17.136473158328144, "delay": 73.37916557874458, "delay_noise": 0.0, "loss": 0.001793111962418014, "queue": 1.3025827430471038}, "datetime": {"datetime": "2022-05-10 04:45:08", "elapsed": 0.0, "delta": 0.0}}
{"target": 40.07048705634347, "params": {"T_s": 12.863105685966062, "bandwidth_lower_bound": 0.1, "bandwidth_upper_bound": 13.503426347626652, "delay": 192.18419259072212, "delay_noise": 0.0, "loss": 0.0003818627451807042, "queue": 0.5176983631359171}, "datetime": {"datetime": "2022-05-10 04:45:20", "elapsed": 12.223773, "delta": 12.223773}}
{"target": 79.95983461652023, "params": {"T_s": 7.3190672110492, "bandwidth_lower_bound": 0.1, "bandwidth_upper_bound": 67.6164181641533, "delay": 176.60120766898655, "delay_noise": 0.0, "loss": 0, "queue": 1.9831296386591495}, "datetime": {"datetime": "2022-05-10 04:45:48", "elapsed": 39.607973, "delta": 27.3842}}
{"target": -242.91661550489957, "params": {"T_s": 5.035241307562202, "bandwidth_lower_bound": 0.1, "bandwidth_upper_bound": 41.83979572176084, "delay": 53.173160561680575, "delay_noise": 0.0, "loss": 0.015526780588463789, "queue": 0.6167745765238131}, "datetime": {"datetime": "2022-05-10 04:46:03", "elapsed": 55.427631, "delta": 15.819658}}
{"target": -638.8750170610267, "params": {"T_s": 17.325548786610224, "bandwidth_lower_bound": 0.1, "bandwidth_upper_bound": 0.33012983873664564, "delay": 22.596546276065762, "delay_noise": 0.0, "loss": 0.00048280425415356997, "queue": 2.4248097654390075}, "datetime": {"datetime": "2022-05-10 04:46:12", "elapsed": 64.348322, "delta": 8.920691}}
{"target": -61.59858308314783, "params": {"T_s": 29.733857748442666, "bandwidth_lower_bound": 0.1, "bandwidth_upper_bound": 1.3559579357622604, "delay": 104.1160102731242, "delay_noise": 0.0, "loss": 0.0042695624698063745, "queue": 0.40302187751338114}, "datetime": {"datetime": "2022-05-10 04:46:21", "elapsed": 73.336447, "delta": 8.988125}}
{"target": -297.5111498173874, "params": {"T_s": 26.595735875966515, "bandwidth_lower_bound": 0.1, "bandwidth_upper_bound": 31.629959608777845, "delay": 142.62567539826424, "delay_noise": 0.0, "loss": 0.027574214546651116, "queue": 2.668683696800392}, "datetime": {"datetime": "2022-05-10 04:46:33", "elapsed": 85.440612, "delta": 12.104165}}
{"target": -27.410231478619323, "params": {"T_s": 3.754187515597284, "bandwidth_lower_bound": 0.1, "bandwidth_upper_bound": 3.0072565229282606, "delay": 23.57675377929477, "delay_noise": 0.0, "loss": 0.04374441371048224, "queue": 0.9603684303934561}, "datetime": {"datetime": "2022-05-10 04:46:44", "elapsed": 95.684506, "delta": 10.243894}}
{"target": -268.22257396658836, "params": {"T_s": 27.01740471210677, "bandwidth_lower_bound": 0.1, "bandwidth_upper_bound": 0.24950249002084718, "delay": 64.83597372852523, "delay_noise": 0.0, "loss": 0.0003640878041054984, "queue": 1.1267898942421455}, "datetime": {"datetime": "2022-05-10 04:46:52", "elapsed": 104.177264, "delta": 8.492758}}
{"target": -227.84161587965727, "params": {"T_s": 17.474185814716158, "bandwidth_lower_bound": 0.1, "bandwidth_upper_bound": 24.770367762780637, "delay": 55.19396135462977, "delay_noise": 0.0, "loss": 0.021657197100406235, "queue": 0.24440184098353873}, "datetime": {"datetime": "2022-05-10 04:47:05", "elapsed": 117.172264, "delta": 12.995}}
{"target": -103.29380492507696, "params": {"T_s": 18.6679130379264, "bandwidth_lower_bound": 0.1, "bandwidth_upper_bound": 1.6873991639106978, "delay": 102.96067709874207, "delay_noise": 0.0, "loss": 0.03573066649620416, "queue": 1.4785391050290242}, "datetime": {"datetime": "2022-05-10 04:47:14", "elapsed": 126.013602, "delta": 8.841338}}
{"target": -262.94143863101385, "params": {"T_s": 6.16889932403531, "bandwidth_lower_bound": 0.1, "bandwidth_upper_bound": 73.48673234255696, "delay": 130.3926131200436, "delay_noise": 0.0, "loss": 0.025831802217499467, "queue": 1.7573186417446123}, "datetime": {"datetime": "2022-05-10 04:47:32", "elapsed": 143.491093, "delta": 17.477491}}
{"target": -150.40438733596972, "params": {"T_s": 26.73971465767384, "bandwidth_lower_bound": 0.1, "bandwidth_upper_bound": 0.32066082765584153, "delay": 163.8233798678737, "delay_noise": 0.0, "loss": 0, "queue": 0.5161296682820934}, "datetime": {"datetime": "2022-05-10 04:47:40", "elapsed": 151.579992, "delta": 8.088899}}
{"target": -46.18590956097833, "params": {"T_s": 15.374179481249703, "bandwidth_lower_bound": 0.1, "bandwidth_upper_bound": 6.11936854674226, "delay": 137.85066364192556, "delay_noise": 0.0, "loss": 0.009726371985242776, "queue": 0.5469697119719266}, "datetime": {"datetime": "2022-05-10 04:47:50", "elapsed": 161.485771, "delta": 9.905779}}
{"target": 107.94980594330198, "params": {"T_s": 6.048798173709309, "bandwidth_lower_bound": 0.1, "bandwidth_upper_bound": 40.3457181985912, "delay": 108.5061818371606, "delay_noise": 0.0, "loss": 0.0002299645278693656, "queue": 2.9355246761791776}, "datetime": {"datetime": "2022-05-10 04:48:08", "elapsed": 179.865002, "delta": 18.379231}}
