{"target": -307.5289687855458, "params": {"T_s": 4.33658242530359, "bandwidth_lower_bound": 0.1, "bandwidth_upper_bound": 0.251288661213521, "delay": 49.636744753139055, "delay_noise": 0.0, "loss": 0.015066016020047328, "queue": 2.065052596674472}, "datetime": {"datetime": "2022-05-10 04:25:03", "elapsed": 0.0, "delta": 0.0}}
{"target": -14.619572609174782, "params": {"T_s": 16.693704156218708, "bandwidth_lower_bound": 0.1, "bandwidth_upper_bound": 15.894427467920506, "delay": 80.20010364933916, "delay_noise": 0.0, "loss": 0, "queue": 0.35927782262322505}, "datetime": {"datetime": "2022-05-10 04:25:17", "elapsed": 14.214306, "delta": 14.214306}}
{"target": -117.75299069701487, "params": {"T_s": 26.132810586076808, "bandwidth_lower_bound": 0.1, "bandwidth_upper_bound": 1.6404701944650246, "delay": 64.58710126160533, "delay_noise": 0.0, "loss": 0.01315637019253805, "queue": 2.577029613685612}, "datetime": {"datetime": "2022-05-10 04:25:26", "elapsed": 23.236619, "delta": 9.022313}}
{"target": -14.570685935262645, "params": {"T_s": 29.172487651626252, "bandwidth_lower_bound": 0.1, "bandwidth_upper_bound": 73.02379098454287, "delay": 90.26015544626433, "delay_noise": 0.0, "loss": 0, "queue": 2.711876023948296}, "datetime": {"datetime": "2022-05-10 04:25:57", "elapsed": 54.144536, "delta": 30.907917}}
{"target": -585.958352596444, "params": {"T_s": 9.642101519974117, "bandwidth_lower_bound": 0.1, "bandwidth_upper_bound": 0.10360689230125569, "delay": 109.55409802552039, "delay_noise": 0.0, "loss": 0.0022593442805383377, "queue": 2.9389715754296173}, "datetime": {"datetime": "2022-05-10 04:26:05", "elapsed": 62.014469, "delta": 7.869933}}
{"target": -43.89276048908738, "params": {"T_s": 27.351219977101543, "bandwidth_lower_bound": 0.1, "bandwidth_upper_bound": 3.765017622725339, "delay": 22.595752071243055, "delay_noise": 0.0, "loss": 0.03352354689587239, "queue": 1.3534683534818042}, "datetime": {"datetime": "2022-05-10 04:26:15", "elapsed": 72.221541, "delta": 10.207072}}
{"target": -19.11350751616237, "params": {"T_s": 26.08549649760827, "bandwidth_lower_bound": 0.1, "bandwidth_upper_bound": 7.697636301173464, "delay": 56.56063777649252, "delay_noise": 0.0, "loss": 0, "queue": 1.3323346806111411}, "datetime": {"datetime": "2022-05-10 04:26:27", "elapsed": 84.180479, "delta": 11.958938}}
{"target": -59.52540214660925, "params": {"T_s": 29.813602279429002, "bandwidth_lower_bound": 0.1, "bandwidth_upper_bound": 2.1636361921113876, "delay": 113.01130754985952, "delay_noise": 0.0, "loss": 0.004888435787725547, "queue": 1.317751280531409}, "datetime": {"datetime": "2022-05-10 04:26:36", "elapsed": 93.19667, "delta": 9.016191}}
{"target": -28.287479119299235, "params": {"T_s": 20.434209776369073, "bandwidth_lower_bound": 0.1, "bandwidth_upper_bound": 6.7403060071729515, "delay": 108.92682390796789, "delay_noise": 0.0, "loss": 0, "queue": 2.4280688214849238}, "datetime": {"datetime": "2022-05-10 04:26:47", "elapsed": 103.674858, "delta": 10.478188}}
{"target": -225.055693046052, "params": {"T_s": 9.419650555351941, "bandwidth_lower_bound": 0.1, "bandwidth_upper_bound": 0.7922282547548322, "delay": 30.606718927720088, "delay_noise": 0.0, "loss": 0.0001405091543601508, "queue": 0.8815144455866943}, "datetime": {"datetime": "2022-05-10 04:26:56", "elapsed": 112.884513, "delta": 9.209655}}
{"target": -371.8619610514227, "params": {"T_s": 16.806761515912953, "bandwidth_lower_bound": 0.1, "bandwidth_upper_bound": 88.68922060017515, "delay": 79.36743930740491, "delay_noise": 0.0, "loss": 0.030528440981375318, "queue": 0.8059663367894634}, "datetime": {"datetime": "2022-05-10 04:27:14", "elapsed": 131.371724, "delta": 18.487211}}
{"target": -19.274078908826368, "params": {"T_s": 25.796482413540907, "bandwidth_lower_bound": 0.1, "bandwidth_upper_bound": 22.73574630797263, "delay": 63.840058875474575, "delay_noise": 0.0, "loss": 0.0021878797106227297, "queue": 1.351950182330536}, "datetime": {"datetime": "2022-05-10 04:27:29", "elapsed": 146.020385, "delta": 14.648661}}
{"target": -65.10432875904189, "params": {"T_s": 15.514021748137797, "bandwidth_lower_bound": 0.1, "bandwidth_upper_bound": 4.670236101279953, "delay": 81.19775382349606, "delay_noise": 0.0, "loss": 0.00031747952682841673, "queue": 0.2841401084869923}, "datetime": {"datetime": "2022-05-10 04:27:38", "elapsed": 155.36788, "delta": 9.347495}}
{"target": -184.6324331746137, "params": {"T_s": 25.897535831058274, "bandwidth_lower_bound": 0.1, "bandwidth_upper_bound": 29.868172486132142, "delay": 60.126834067441514, "delay_noise": 0.0, "loss": 0.011272716062056796, "queue": 0.8411757711762136}, "datetime": {"datetime": "2022-05-10 04:27:51", "elapsed": 168.008521, "delta": 12.640641}}
{"target": -226.10877503902384, "params": {"T_s": 28.780059448875768, "bandwidth_lower_bound": 0.1, "bandwidth_upper_bound": 0.35508612325599137, "delay": 90.95209273356953, "delay_noise": 0.0, "loss": 0, "queue": 0.32781926332367056}, "datetime": {"datetime": "2022-05-10 04:28:00", "elapsed": 176.714357, "delta": 8.705836}}
