{"target": -28.290940085048376, "params": {"T_s": 11.861663446573512, "bandwidth_lower_bound": 0.1, "bandwidth_upper_bound": 15.702970884055384, "delay": 120.53437987101324, "delay_noise": 0.0, "loss": 0, "queue": 0.36263411407095847}, "datetime": {"datetime": "2022-05-10 04:05:35", "elapsed": 0.0, "delta": 0.0}}
{"target": -65.49761042749412, "params": {"T_s": 26.11910822747312, "bandwidth_lower_bound": 0.1, "bandwidth_upper_bound": 13.311216080736887, "delay": 6.0757298705688845, "delay_noise": 0.0, "loss": 0.012001973305133511, "queue": 0.7945495098991733}, "datetime": {"datetime": "2022-05-10 04:05:55", "elapsed": 19.633234, "delta": 19.633234}}
{"target": -127.72405900785098, "params": {"T_s": 6.272924049005918, "bandwidth_lower_bound": 0.1, "bandwidth_upper_bound": 0.817949947521167, "delay": 105.90177346318309, "delay_noise": 0.0, "loss": 0.00011947392933804657, "queue": 1.9131881052226625}, "datetime": {"datetime": "2022-05-10 04:06:04", "elapsed": 28.247262, "delta": 8.614028}}
{"target": -62.01484123980751, "params": {"T_s": 5.045321958909213, "bandwidth_lower_bound": 0.1, "bandwidth_upper_bound": 1.2562773503807023, "delay": 92.30185687497311, "delay_noise": 0.0, "loss": 0, "queue": 1.6398564275581125}, "datetime": {"datetime": "2022-05-10 04:06:12", "elapsed": 36.885658, "delta": 8.638396}}
{"target": -82.40821938984479, "params": {"T_s": 18.180022496999232, "bandwidth_lower_bound": 0.1, "bandwidth_upper_bound": 6.647135865318025, "delay": 35.76377649008372, "delay_noise": 0.0, "loss": 0.03235799106558409, "queue": 2.9037696926087664}, "datetime": {"datetime": "2022-05-10 04:06:23", "elapsed": 47.808796, "delta": 10.923138}}
{"target": -359.029602108206, "params": {"T_s": 24.443523095377373, "bandwidth_lower_bound": 0.1, "bandwidth_upper_bound": 0.19634341572933325, "delay": 137.47813924940706, "delay_noise": 0.0, "loss": 0, "queue": 1.5864953483115565}, "datetime": {"datetime": "2022-05-10 04:06:31", "elapsed": 55.939558, "delta": 8.130762}}
{"target": -125.7422963847457, "params": {"T_s": 1.9972671123413335, "bandwidth_lower_bound": 0.1, "bandwidth_upper_bound": 0.5975027999960292, "delay": 133.17941230208842, "delay_noise": 0.0, "loss": 0.0008389984887778372, "queue": 1.730788782161183}, "datetime": {"datetime": "2022-05-10 04:06:40", "elapsed": 64.333489, "delta": 8.393931}}
{"target": -6.781750715856333, "params": {"T_s": 6.360779210240284, "bandwidth_lower_bound": 0.1, "bandwidth_upper_bound": 21.15429079726122, "delay": 188.02079042970945, "delay_noise": 0.0, "loss": 0.0016280435384281016, "queue": 2.7812478580647273}, "datetime": {"datetime": "2022-05-10 04:06:53", "elapsed": 77.446048, "delta": 13.112559}}
{"target": -417.65087553851845, "params": {"T_s": 3.5662825595056655, "bandwidth_lower_bound": 0.1, "bandwidth_upper_bound": 0.1366727291545622, "delay": 66.41540549112634, "delay_noise": 0.0, "loss": 0.00010086383947515236, "queue": 2.520465025625402}, "datetime": {"datetime": "2022-05-10 04:07:01", "elapsed": 85.436167, "delta": 7.990119}}
{"target": -27.606098310665686, "params": {"T_s": 11.345846474114088, "bandwidth_lower_bound": 0.1, "bandwidth_upper_bound": 4.247058562261867, "delay": 29.902996545003003, "delay_noise": 0.0, "loss": 0, "queue": 2.9632834224814486}, "datetime": {"datetime": "2022-05-10 04:07:12", "elapsed": 96.313937, "delta": 10.87777}}
{"target": -20.228470709760245, "params": {"T_s": 25.55670778789605, "bandwidth_lower_bound": 0.1, "bandwidth_upper_bound": 11.10450224140141, "delay": 198.7133089583502, "delay_noise": 0.0, "loss": 0.0020324045344605073, "queue": 1.4888998921607153}, "datetime": {"datetime": "2022-05-10 04:07:22", "elapsed": 106.987115, "delta": 10.673178}}
{"target": -17.17420388096579, "params": {"T_s": 4.267486859537454, "bandwidth_lower_bound": 0.1, "bandwidth_upper_bound": 6.600426568472551, "delay": 187.1481013497054, "delay_noise": 0.0, "loss": 0.00012930647349033625, "queue": 1.995691112375198}, "datetime": {"datetime": "2022-05-10 04:07:32", "elapsed": 116.917422, "delta": 9.930307}}
{"target": -27.90780648330913, "params": {"T_s": 29.869973243362473, "bandwidth_lower_bound": 0.1, "bandwidth_upper_bound": 24.61907186936889, "delay": 171.19679838112964, "delay_noise": 0.0, "loss": 0.000396362989395563, "queue": 0.9385844705541797}, "datetime": {"datetime": "2022-05-10 04:07:49", "elapsed": 133.13088, "delta": 16.213458}}
{"target": 22.49271275335525, "params": {"T_s": 1.0806996144236511, "bandwidth_lower_bound": 0.1, "bandwidth_upper_bound": 51.710840357887214, "delay": 2.6022223204948665, "delay_noise": 0.0, "loss": 0.0005778581841509391, "queue": 1.9371227737848065}, "datetime": {"datetime": "2022-05-10 04:08:25", "elapsed": 169.625568, "delta": 36.494688}}
{"target": -100.97167097543044, "params": {"T_s": 29.960775840504454, "bandwidth_lower_bound": 0.1, "bandwidth_upper_bound": 94.2411146107551, "delay": 94.14007101566452, "delay_noise": 0.0, "loss": 0.0015046727221610819, "queue": 1.2644371885513583}, "datetime": {"datetime": "2022-05-10 04:08:54", "elapsed": 198.364431, "delta": 28.738863}}
