{"target": -18.275012509761694, "params": {"T_s": 25.907788751498153, "bandwidth_lower_bound": 0.1, "bandwidth_upper_bound": 4.627925232529891, "delay": 191.21999670037, "delay_noise": 0.0, "loss": 0.010451754848154755, "queue": 0.48304236886414925}, "datetime": {"datetime": "2022-05-10 00:15:26", "elapsed": 0.0, "delta": 0.0}}
{"target": -31.361961329283247, "params": {"T_s": 27.926154041830173, "bandwidth_lower_bound": 0.1, "bandwidth_upper_bound": 6.1611290900068045, "delay": 20.17325868964801, "delay_noise": 0.0, "loss": 0.00282852006412758, "queue": 1.43679776769146}, "datetime": {"datetime": "2022-05-10 00:15:42", "elapsed": 16.272511, "delta": 16.272511}}
{"target": -35.46579557733543, "params": {"T_s": 16.993145805424856, "bandwidth_lower_bound": 0.1, "bandwidth_upper_bound": 5.864131410095607, "delay": 11.886686364278235, "delay_noise": 0.0, "loss": 0.006836023708777267, "queue": 2.7505433230697283}, "datetime": {"datetime": "2022-05-10 00:15:59", "elapsed": 33.503891, "delta": 17.23138}}
{"target": 20.976898795926274, "params": {"T_s": 3.694388458301666, "bandwidth_lower_bound": 0.1, "bandwidth_upper_bound": 2.414800280604145, "delay": 91.49965697718463, "delay_noise": 0.0, "loss": 0, "queue": 2.1862376357576263}, "datetime": {"datetime": "2022-05-10 00:16:11", "elapsed": 44.885806, "delta": 11.381915}}
{"target": -369.09856675347646, "params": {"T_s": 5.658098238734526, "bandwidth_lower_bound": 0.1, "bandwidth_upper_bound": 0.1274798441560498, "delay": 107.90757229156326, "delay_noise": 0.0, "loss": 0.00013830170368051142, "queue": 0.3261747560960061}, "datetime": {"datetime": "2022-05-10 00:16:22", "elapsed": 55.745525, "delta": 10.859719}}
{"target": 58.172660908605906, "params": {"T_s": 7.918707663393442, "bandwidth_lower_bound": 0.1, "bandwidth_upper_bound": 22.240689579428473, "delay": 139.64992363979283, "delay_noise": 0.0, "loss": 0.0006721279589477652, "queue": 1.6675398156200114}, "datetime": {"datetime": "2022-05-10 00:16:40", "elapsed": 74.342351, "delta": 18.596826}}
{"target": 7.304371935324781, "params": {"T_s": 9.65769611332077, "bandwidth_lower_bound": 0.1, "bandwidth_upper_bound": 90.02287485018113, "delay": 101.22471436421372, "delay_noise": 0.0, "loss": 0.004926779796688947, "queue": 2.6173267170449854}, "datetime": {"datetime": "2022-05-10 00:17:08", "elapsed": 102.722067, "delta": 28.379716}}
{"target": 27.713840038566936, "params": {"T_s": 1.7589165796979445, "bandwidth_lower_bound": 0.1, "bandwidth_upper_bound": 23.292042958464364, "delay": 92.50969455707549, "delay_noise": 0.0, "loss": 0.00035575064464783446, "queue": 1.125889338708035}, "datetime": {"datetime": "2022-05-10 00:17:27", "elapsed": 121.141056, "delta": 18.418989}}
{"target": 46.27761341980149, "params": {"T_s": 18.52041170308642, "bandwidth_lower_bound": 0.1, "bandwidth_upper_bound": 87.85232142636721, "delay": 118.46992627755436, "delay_noise": 0.0, "loss": 0.0008455244015478223, "queue": 1.2023395207960186}, "datetime": {"datetime": "2022-05-10 00:18:09", "elapsed": 163.221834, "delta": 42.080778}}
{"target": 26.323112673725085, "params": {"T_s": 1.4349993449979492, "bandwidth_lower_bound": 0.1, "bandwidth_upper_bound": 22.527051918649214, "delay": 86.5466027809662, "delay_noise": 0.0, "loss": 0.0020351059787847695, "queue": 1.9928090298812413}, "datetime": {"datetime": "2022-05-10 00:18:28", "elapsed": 181.773342, "delta": 18.551508}}
{"target": 85.16287660522721, "params": {"T_s": 17.99187115766615, "bandwidth_lower_bound": 0.1, "bandwidth_upper_bound": 49.16764926678513, "delay": 131.7318589490167, "delay_noise": 0.0, "loss": 0.00035478165391739243, "queue": 1.8581000609014073}, "datetime": {"datetime": "2022-05-10 00:19:02", "elapsed": 215.830924, "delta": 34.057582}}
{"target": -300.60676670961095, "params": {"T_s": 22.080761625145954, "bandwidth_lower_bound": 0.1, "bandwidth_upper_bound": 0.4059888494613353, "delay": 144.78162041909644, "delay_noise": 0.0, "loss": 0.0014728259672668275, "queue": 1.4131679813647136}, "datetime": {"datetime": "2022-05-10 00:19:13", "elapsed": 227.322026, "delta": 11.491102}}
{"target": -456.03534099060755, "params": {"T_s": 7.337707837934342, "bandwidth_lower_bound": 0.1, "bandwidth_upper_bound": 0.1353376673158893, "delay": 126.82381403955436, "delay_noise": 0.0, "loss": 0.00018622782245794253, "queue": 2.30267912495999}, "datetime": {"datetime": "2022-05-10 00:19:25", "elapsed": 239.203435, "delta": 11.881409}}
{"target": 29.14002264397352, "params": {"T_s": 27.382444246933066, "bandwidth_lower_bound": 0.1, "bandwidth_upper_bound": 69.6009780066226, "delay": 126.12876813981211, "delay_noise": 0.0, "loss": 0.0012047022536901203, "queue": 1.0875636776213409}, "datetime": {"datetime": "2022-05-10 00:19:57", "elapsed": 271.410817, "delta": 32.207382}}
{"target": 91.3692337442018, "params": {"T_s": 29.524649787409505, "bandwidth_lower_bound": 0.1, "bandwidth_upper_bound": 92.53761952656701, "delay": 113.26552769524358, "delay_noise": 0.0, "loss": 0, "queue": 2.15454139508421}, "datetime": {"datetime": "2022-05-10 00:20:42", "elapsed": 316.517549, "delta": 45.106732}}
