{"target": -63.16523523931576, "params": {"T_s": 8.206793695694168, "bandwidth_lower_bound": 0.1, "bandwidth_upper_bound": 1.7093162012911807, "delay": 53.53933879560617, "delay_noise": 0.0, "loss": 0, "queue": 0.25505199120412325}, "datetime": {"datetime": "2022-05-10 00:42:57", "elapsed": 0.0, "delta": 0.0}}
{"target": -108.63225655482819, "params": {"T_s": 28.64430891360765, "bandwidth_lower_bound": 0.1, "bandwidth_upper_bound": 2.8824672368677087, "delay": 193.0753103334589, "delay_noise": 0.0, "loss": 0, "queue": 1.1839407883586295}, "datetime": {"datetime": "2022-05-10 00:43:09", "elapsed": 11.486117, "delta": 11.486117}}
{"target": 108.860266606752, "params": {"T_s": 5.745419715547762, "bandwidth_lower_bound": 0.1, "bandwidth_upper_bound": 43.8414139811475, "delay": 99.82456668608955, "delay_noise": 0.0, "loss": 0.00046703860413102144, "queue": 2.2184551758109095}, "datetime": {"datetime": "2022-05-10 00:43:41", "elapsed": 44.331176, "delta": 32.845059}}
{"target": -335.13974996015963, "params": {"T_s": 8.185280248664483, "bandwidth_lower_bound": 0.1, "bandwidth_upper_bound": 0.2675139583620126, "delay": 41.83290392943913, "delay_noise": 0.0, "loss": 0.03364714562069414, "queue": 0.35606715499807723}, "datetime": {"datetime": "2022-05-10 00:43:53", "elapsed": 55.559212, "delta": 11.228036}}
{"target": 70.26514389234639, "params": {"T_s": 18.386558020207616, "bandwidth_lower_bound": 0.1, "bandwidth_upper_bound": 81.4458871266437, "delay": 164.6707525676095, "delay_noise": 0.0, "loss": 0.0001683260253148336, "queue": 1.191150147654237}, "datetime": {"datetime": "2022-05-10 00:44:37", "elapsed": 99.505159, "delta": 43.945947}}
{"target": -281.55780951174694, "params": {"T_s": 3.2918787364782953, "bandwidth_lower_bound": 0.1, "bandwidth_upper_bound": 0.31432823120262493, "delay": 60.45709054609645, "delay_noise": 0.0, "loss": 0.0002193499229155432, "queue": 1.1542791370634808}, "datetime": {"datetime": "2022-05-10 00:44:48", "elapsed": 111.348142, "delta": 11.842983}}
{"target": -61.3553630143321, "params": {"T_s": 21.60165058227942, "bandwidth_lower_bound": 0.1, "bandwidth_upper_bound": 2.613145537340928, "delay": 146.8521712758985, "delay_noise": 0.0, "loss": 0, "queue": 1.057351727429199}, "datetime": {"datetime": "2022-05-10 00:45:01", "elapsed": 123.939557, "delta": 12.591415}}
{"target": -288.11070298005507, "params": {"T_s": 4.962839512078752, "bandwidth_lower_bound": 0.1, "bandwidth_upper_bound": 0.30740193678171795, "delay": 160.86078843992846, "delay_noise": 0.0, "loss": 0, "queue": 1.2972241727325622}, "datetime": {"datetime": "2022-05-10 00:45:13", "elapsed": 135.454095, "delta": 11.514538}}
{"target": -162.3021506634107, "params": {"T_s": 18.973489558165014, "bandwidth_lower_bound": 0.1, "bandwidth_upper_bound": 1.921610775393598, "delay": 19.618364312891654, "delay_noise": 0.0, "loss": 0.00028499462969824234, "queue": 1.1635819028874645}, "datetime": {"datetime": "2022-05-10 00:45:27", "elapsed": 149.738486, "delta": 14.284391}}
{"target": -67.07005853080304, "params": {"T_s": 12.50965733469284, "bandwidth_lower_bound": 0.1, "bandwidth_upper_bound": 2.5415285330189743, "delay": 178.86360240480704, "delay_noise": 0.0, "loss": 0.01329546603225851, "queue": 0.9701912312270775}, "datetime": {"datetime": "2022-05-10 00:45:39", "elapsed": 161.949808, "delta": 12.211322}}
{"target": -193.12450163086362, "params": {"T_s": 6.366157887695245, "bandwidth_lower_bound": 0.1, "bandwidth_upper_bound": 72.4029221544269, "delay": 136.72925933674577, "delay_noise": 0.0, "loss": 0.03712693287624898, "queue": 1.3015164695405732}, "datetime": {"datetime": "2022-05-10 00:46:03", "elapsed": 185.551808, "delta": 23.602}}
{"target": 53.81587765519537, "params": {"T_s": 25.630520753667764, "bandwidth_lower_bound": 0.1, "bandwidth_upper_bound": 55.457112237075286, "delay": 163.95096873201447, "delay_noise": 0.0, "loss": 0.00026003795581988447, "queue": 2.3185851674979907}, "datetime": {"datetime": "2022-05-10 00:46:31", "elapsed": 214.09798, "delta": 28.546172}}
{"target": -326.7922450434385, "params": {"T_s": 16.698297833892518, "bandwidth_lower_bound": 0.1, "bandwidth_upper_bound": 0.3690175790288848, "delay": 100.00912422148109, "delay_noise": 0.0, "loss": 0, "queue": 2.714884580793888}, "datetime": {"datetime": "2022-05-10 00:46:41", "elapsed": 223.493223, "delta": 9.395243}}
{"target": 29.163239670115992, "params": {"T_s": 3.8148479854795583, "bandwidth_lower_bound": 0.1, "bandwidth_upper_bound": 36.352815946100684, "delay": 99.13380085123309, "delay_noise": 0.0, "loss": 0.002506453885031807, "queue": 1.2885664994747101}, "datetime": {"datetime": "2022-05-10 00:47:01", "elapsed": 243.808601, "delta": 20.315378}}
{"target": -354.8137265474299, "params": {"T_s": 23.128344723910477, "bandwidth_lower_bound": 0.1, "bandwidth_upper_bound": 0.15693725274663944, "delay": 173.73512238702608, "delay_noise": 0.0, "loss": 0, "queue": 1.3343431556650942}, "datetime": {"datetime": "2022-05-10 00:47:12", "elapsed": 255.346686, "delta": 11.538085}}
