{"target": -17.999776178307684, "params": {"T_s": 22.126708556276043, "bandwidth_lower_bound": 0.1, "bandwidth_upper_bound": 71.86906622389583, "delay": 30.34834264876403, "delay_noise": 0.0, "loss": 0.00022057253929088426, "queue": 0.7223590744100845}, "datetime": {"datetime": "2022-05-10 01:45:42", "elapsed": 0.0, "delta": 0.0}}
{"target": -108.8027191718952, "params": {"T_s": 8.515385910350467, "bandwidth_lower_bound": 0.1, "bandwidth_upper_bound": 0.12522261378440813, "delay": 189.55195048909758, "delay_noise": 0.0, "loss": 0.0010838338809272166, "queue": 0.7516232053940921}, "datetime": {"datetime": "2022-05-10 01:45:50", "elapsed": 8.009354, "delta": 8.009354}}
{"target": -236.7493956470926, "params": {"T_s": 7.728952113405062, "bandwidth_lower_bound": 0.1, "bandwidth_upper_bound": 0.4766138242046954, "delay": 76.31796103590852, "delay_noise": 0.0, "loss": 0, "queue": 1.4883544230421162}, "datetime": {"datetime": "2022-05-10 01:45:58", "elapsed": 16.110856, "delta": 8.101502}}
{"target": -63.93288358337688, "params": {"T_s": 7.101802374840414, "bandwidth_lower_bound": 0.1, "bandwidth_upper_bound": 2.2662488656109936, "delay": 119.35158954153947, "delay_noise": 0.0, "loss": 0, "queue": 0.8037304882910554}, "datetime": {"datetime": "2022-05-10 01:46:07", "elapsed": 24.309618, "delta": 8.198762}}
{"target": 5.882871327329397, "params": {"T_s": 5.978860180267757, "bandwidth_lower_bound": 0.1, "bandwidth_upper_bound": 7.71270817845414, "delay": 107.21980104056506, "delay_noise": 0.0, "loss": 0.000873713345335871, "queue": 0.6878374349810241}, "datetime": {"datetime": "2022-05-10 01:46:16", "elapsed": 34.092813, "delta": 9.783195}}
{"target": -651.1034897026859, "params": {"T_s": 10.916136817727146, "bandwidth_lower_bound": 0.1, "bandwidth_upper_bound": 0.498093297875566, "delay": 7.0325419374115565, "delay_noise": 0.0, "loss": 0.0006128115460723552, "queue": 1.190534672474381}, "datetime": {"datetime": "2022-05-10 01:46:25", "elapsed": 42.75592, "delta": 8.663107}}
{"target": -246.38677475645935, "params": {"T_s": 19.55330777039883, "bandwidth_lower_bound": 0.1, "bandwidth_upper_bound": 0.363939516960275, "delay": 71.64940199305758, "delay_noise": 0.0, "loss": 0.009261429010471953, "queue": 1.3279064484309384}, "datetime": {"datetime": "2022-05-10 01:46:33", "elapsed": 50.55471, "delta": 7.79879}}
{"target": -132.57137342081796, "params": {"T_s": 13.701801710595166, "bandwidth_lower_bound": 0.1, "bandwidth_upper_bound": 0.38843846328802145, "delay": 144.89986871313957, "delay_noise": 0.0, "loss": 0, "queue": 0.4324354823596339}, "datetime": {"datetime": "2022-05-10 01:46:41", "elapsed": 58.352396, "delta": 7.797686}}
{"target": 37.32290151407203, "params": {"T_s": 7.011824671782433, "bandwidth_lower_bound": 0.1, "bandwidth_upper_bound": 14.153165695298421, "delay": 134.1921791260322, "delay_noise": 0.0, "loss": 0, "queue": 0.8465317793097231}, "datetime": {"datetime": "2022-05-10 01:46:53", "elapsed": 70.441929, "delta": 12.089533}}
{"target": -174.00459880754389, "params": {"T_s": 6.836402756137156, "bandwidth_lower_bound": 0.1, "bandwidth_upper_bound": 69.40736161053901, "delay": 51.627630478217, "delay_noise": 0.0, "loss": 0.0071161030830238356, "queue": 0.6114635099777419}, "datetime": {"datetime": "2022-05-10 01:47:13", "elapsed": 90.552526, "delta": 20.110597}}
{"target": 9.260645316151454, "params": {"T_s": 29.747840645581604, "bandwidth_lower_bound": 0.1, "bandwidth_upper_bound": 64.10556661070176, "delay": 171.18687886732, "delay_noise": 0.0, "loss": 0, "queue": 2.980740142938963}, "datetime": {"datetime": "2022-05-10 01:47:38", "elapsed": 115.757503, "delta": 25.204977}}
{"target": 18.927153556074963, "params": {"T_s": 8.555156253264283, "bandwidth_lower_bound": 0.1, "bandwidth_upper_bound": 24.35986983951942, "delay": 132.19706322327627, "delay_noise": 0.0, "loss": 0, "queue": 0.3871558021503355}, "datetime": {"datetime": "2022-05-10 01:47:54", "elapsed": 131.601364, "delta": 15.843861}}
{"target": -295.8867960432592, "params": {"T_s": 29.750714728371275, "bandwidth_lower_bound": 0.1, "bandwidth_upper_bound": 0.5828547573606673, "delay": 104.69201860792212, "delay_noise": 0.0, "loss": 0.0001566550844187693, "queue": 2.5309135024775578}, "datetime": {"datetime": "2022-05-10 01:48:02", "elapsed": 139.784641, "delta": 8.183277}}
{"target": -201.85615521398478, "params": {"T_s": 29.99494056956534, "bandwidth_lower_bound": 0.1, "bandwidth_upper_bound": 0.7309551050628011, "delay": 198.9466784587811, "delay_noise": 0.0, "loss": 0.0020879426728850083, "queue": 1.7357752521040477}, "datetime": {"datetime": "2022-05-10 01:48:10", "elapsed": 148.13251, "delta": 8.347869}}
{"target": -66.64069972914695, "params": {"T_s": 1.0290899893867387, "bandwidth_lower_bound": 0.1, "bandwidth_upper_bound": 50.54213800399353, "delay": 165.3888123201063, "delay_noise": 0.0, "loss": 0.000989958406261109, "queue": 2.3009194990884883}, "datetime": {"datetime": "2022-05-10 01:48:26", "elapsed": 164.20556, "delta": 16.07305}}
