{"target": 33.843153660064786, "params": {"T_s": 3.763854356174102, "bandwidth_lower_bound": 0.1, "bandwidth_upper_bound": 10.726269964777703, "delay": 10.606958157660907, "delay_noise": 0.0, "loss": 0.0017129059420550943, "queue": 0.7346058557832695}, "datetime": {"datetime": "2022-02-01 06:06:49", "elapsed": 0.0, "delta": 0.0}}
{"target": 80.07127605233279, "params": {"T_s": 10.027735758905186, "bandwidth_lower_bound": 0.1, "bandwidth_upper_bound": 1.8044309219258103, "delay": 67.78745030945306, "delay_noise": 0.0, "loss": 0, "queue": 1.0879093173625658}, "datetime": {"datetime": "2022-02-01 06:06:58", "elapsed": 8.169197, "delta": 8.169197}}
{"target": 157.33501307904487, "params": {"T_s": 7.2175300322366285, "bandwidth_lower_bound": 0.1, "bandwidth_upper_bound": 13.0300989799042, "delay": 64.30603292794896, "delay_noise": 0.0, "loss": 0.0002971746584138083, "queue": 1.9030340866645363}, "datetime": {"datetime": "2022-02-01 06:07:06", "elapsed": 16.738749, "delta": 8.569552}}
{"target": 65.53162642211538, "params": {"T_s": 10.92684731078103, "bandwidth_lower_bound": 0.1, "bandwidth_upper_bound": 1.5195837467057844, "delay": 47.98006961249841, "delay_noise": 0.0, "loss": 0.00023978794592400708, "queue": 1.8340969112386438}, "datetime": {"datetime": "2022-02-01 06:07:14", "elapsed": 24.669874, "delta": 7.931125}}
{"target": 191.65265184454103, "params": {"T_s": 1.5004706324183799, "bandwidth_lower_bound": 0.1, "bandwidth_upper_bound": 0.17766169211408236, "delay": 26.992341051868184, "delay_noise": 0.0, "loss": 0.0023890465295710907, "queue": 2.9985208432129147}, "datetime": {"datetime": "2022-02-01 06:07:21", "elapsed": 31.462813, "delta": 6.792939}}
{"target": 501.81079375325913, "params": {"T_s": 4.215024768631484, "bandwidth_lower_bound": 0.1, "bandwidth_upper_bound": 41.47660312703914, "delay": 158.28916535636404, "delay_noise": 0.0, "loss": 0.00019150273019854353, "queue": 2.2202017966382788}, "datetime": {"datetime": "2022-02-01 06:07:34", "elapsed": 45.031696, "delta": 13.568883}}
{"target": 187.72226754720452, "params": {"T_s": 5.30877561491779, "bandwidth_lower_bound": 0.1, "bandwidth_upper_bound": 0.5409946591556791, "delay": 57.96731489429321, "delay_noise": 0.0, "loss": 0.017153421627454275, "queue": 0.5997532057846696}, "datetime": {"datetime": "2022-02-01 06:07:42", "elapsed": 52.286195, "delta": 7.254499}}
{"target": 371.99966469515186, "params": {"T_s": 4.2010774181793895, "bandwidth_lower_bound": 0.1, "bandwidth_upper_bound": 50.416639373340814, "delay": 121.28647510337473, "delay_noise": 0.0, "loss": 0.00011100298303864681, "queue": 0.9742209415015808}, "datetime": {"datetime": "2022-02-01 06:07:58", "elapsed": 68.99044, "delta": 16.704245}}
{"target": 460.73214903724664, "params": {"T_s": 2.3443062751364474, "bandwidth_lower_bound": 0.1, "bandwidth_upper_bound": 67.36362145972728, "delay": 136.9016555510758, "delay_noise": 0.0, "loss": 0.02353502705016395, "queue": 2.4829533503804955}, "datetime": {"datetime": "2022-02-01 06:08:16", "elapsed": 86.888853, "delta": 17.898413}}
{"target": 101.18349299179033, "params": {"T_s": 12.446217962479617, "bandwidth_lower_bound": 0.1, "bandwidth_upper_bound": 0.5282545516538725, "delay": 54.73270837123201, "delay_noise": 0.0, "loss": 0.0005926240503434127, "queue": 1.0999734681846793}, "datetime": {"datetime": "2022-02-01 06:08:23", "elapsed": 93.479237, "delta": 6.590384}}
{"target": 249.24459115151114, "params": {"T_s": 14.790695692132616, "bandwidth_lower_bound": 0.1, "bandwidth_upper_bound": 0.20894926487511276, "delay": 199.9576495019683, "delay_noise": 0.0, "loss": 0, "queue": 0.30051278075575855}, "datetime": {"datetime": "2022-02-01 06:08:29", "elapsed": 100.031535, "delta": 6.552298}}
{"target": 156.2369979378968, "params": {"T_s": 0.10439907451450126, "bandwidth_lower_bound": 0.1, "bandwidth_upper_bound": 0.2329768937618154, "delay": 95.7171552659021, "delay_noise": 0.0, "loss": 0.000581182790554579, "queue": 2.708375408001755}, "datetime": {"datetime": "2022-02-01 06:08:36", "elapsed": 106.866983, "delta": 6.835448}}
{"target": 297.5808819902288, "params": {"T_s": 0.04411528148046351, "bandwidth_lower_bound": 0.1, "bandwidth_upper_bound": 4.147490654863562, "delay": 180.93067268567464, "delay_noise": 0.0, "loss": 0, "queue": 1.9220511248491252}, "datetime": {"datetime": "2022-02-01 06:08:44", "elapsed": 114.197743, "delta": 7.33076}}
{"target": 181.73600921736042, "params": {"T_s": 14.842725177300233, "bandwidth_lower_bound": 0.1, "bandwidth_upper_bound": 2.8862765948983, "delay": 172.3439448569607, "delay_noise": 0.0, "loss": 0.00045120425315005173, "queue": 0.7824856587210742}, "datetime": {"datetime": "2022-02-01 06:08:51", "elapsed": 121.642586, "delta": 7.444843}}
{"target": 152.02942375815854, "params": {"T_s": 14.961370919316384, "bandwidth_lower_bound": 0.1, "bandwidth_upper_bound": 2.4027797884598283, "delay": 145.26314991085462, "delay_noise": 0.0, "loss": 0.018343995924014953, "queue": 0.6413501568867952}, "datetime": {"datetime": "2022-02-01 06:08:58", "elapsed": 128.979088, "delta": 7.336502}}
