{"target": 130.92808176025147, "params": {"T_s": 6.115305421204292, "bandwidth_lower_bound": 0.1, "bandwidth_upper_bound": 23.206232147052337, "delay": 58.88642658829048, "delay_noise": 0.0, "loss": 0.00013310332245872322, "queue": 1.673918668032007}, "datetime": {"datetime": "2022-02-01 05:16:27", "elapsed": 0.0, "delta": 0.0}}
{"target": 419.3794629229303, "params": {"T_s": 9.3571831932703, "bandwidth_lower_bound": 0.1, "bandwidth_upper_bound": 11.447876513257555, "delay": 196.2258949111854, "delay_noise": 0.0, "loss": 0.010254531726371578, "queue": 2.184206426056956}, "datetime": {"datetime": "2022-02-01 05:16:37", "elapsed": 9.880063, "delta": 9.880063}}
{"target": 311.191086659333, "params": {"T_s": 0.41302020483798885, "bandwidth_lower_bound": 0.1, "bandwidth_upper_bound": 2.2372501906406796, "delay": 25.547081492495938, "delay_noise": 0.0, "loss": 0, "queue": 0.687767477562172}, "datetime": {"datetime": "2022-02-01 05:16:47", "elapsed": 19.356945, "delta": 9.476882}}
{"target": 501.1508927840079, "params": {"T_s": 6.737206195332469, "bandwidth_lower_bound": 0.1, "bandwidth_upper_bound": 74.50704292978229, "delay": 166.9999836433784, "delay_noise": 0.0, "loss": 0.0021403900475844362, "queue": 2.538097120827075}, "datetime": {"datetime": "2022-02-01 05:17:09", "elapsed": 42.288875, "delta": 22.93193}}
{"target": 125.71985637371219, "params": {"T_s": 6.709974679585239, "bandwidth_lower_bound": 0.1, "bandwidth_upper_bound": 8.142667988673399, "delay": 73.73458701867995, "delay_noise": 0.0, "loss": 0.0010111903722692212, "queue": 1.090835347124207}, "datetime": {"datetime": "2022-02-01 05:17:20", "elapsed": 52.577293, "delta": 10.288418}}
{"target": 174.18296762880362, "params": {"T_s": 2.1748552074975174, "bandwidth_lower_bound": 0.1, "bandwidth_upper_bound": 0.36512689118000874, "delay": 80.9983322907501, "delay_noise": 0.0, "loss": 0, "queue": 1.7919253200450995}, "datetime": {"datetime": "2022-02-01 05:17:27", "elapsed": 59.740959, "delta": 7.163666}}
{"target": 225.89820040725553, "params": {"T_s": 13.8414719858196, "bandwidth_lower_bound": 0.1, "bandwidth_upper_bound": 12.859764184617923, "delay": 144.56253342128878, "delay_noise": 0.0, "loss": 0.001431871174586226, "queue": 2.153497267459452}, "datetime": {"datetime": "2022-02-01 05:17:38", "elapsed": 71.166389, "delta": 11.42543}}
{"target": 386.64085597811305, "params": {"T_s": 13.647802017228173, "bandwidth_lower_bound": 0.1, "bandwidth_upper_bound": 32.150563974779125, "delay": 190.32203118328954, "delay_noise": 0.0, "loss": 0, "queue": 0.39500531069270706}, "datetime": {"datetime": "2022-02-01 05:17:52", "elapsed": 84.508195, "delta": 13.341806}}
{"target": 61.00080074780186, "params": {"T_s": 13.886935055967223, "bandwidth_lower_bound": 0.1, "bandwidth_upper_bound": 1.6769193847028334, "delay": 35.83920003994371, "delay_noise": 0.0, "loss": 0.0007699227771254787, "queue": 1.1540836161528818}, "datetime": {"datetime": "2022-02-01 05:18:01", "elapsed": 94.215582, "delta": 9.707387}}
{"target": 238.62928640033437, "params": {"T_s": 6.853792517866329, "bandwidth_lower_bound": 0.1, "bandwidth_upper_bound": 0.5885721221553265, "delay": 184.37654123524246, "delay_noise": 0.0, "loss": 0.0018517583014281084, "queue": 2.3037212614808587}, "datetime": {"datetime": "2022-02-01 05:18:09", "elapsed": 101.708034, "delta": 7.492452}}
{"target": 425.24501658480233, "params": {"T_s": 8.408690163168053, "bandwidth_lower_bound": 0.1, "bandwidth_upper_bound": 16.13124349943739, "delay": 165.7528429187576, "delay_noise": 0.0, "loss": 0.006032441775797353, "queue": 2.5814645420893445}, "datetime": {"datetime": "2022-02-01 05:18:21", "elapsed": 114.283471, "delta": 12.575437}}
{"target": 141.40589366372632, "params": {"T_s": 0.5514078727749239, "bandwidth_lower_bound": 0.1, "bandwidth_upper_bound": 10.365591490579712, "delay": 2.815468449342686, "delay_noise": 0.0, "loss": 0.001979355517991187, "queue": 2.4205753266378305}, "datetime": {"datetime": "2022-02-01 05:18:42", "elapsed": 134.628166, "delta": 20.344695}}
{"target": 220.46482877921423, "params": {"T_s": 0.08890234214034787, "bandwidth_lower_bound": 0.1, "bandwidth_upper_bound": 1.9751168305696896, "delay": 115.66882911822846, "delay_noise": 0.0, "loss": 0.001917045491736013, "queue": 2.2428378252395644}, "datetime": {"datetime": "2022-02-01 05:18:52", "elapsed": 144.882085, "delta": 10.253919}}
{"target": 373.821765428919, "params": {"T_s": 0.16391917090682662, "bandwidth_lower_bound": 0.1, "bandwidth_upper_bound": 14.220939809261893, "delay": 154.03233045784123, "delay_noise": 0.0, "loss": 0.0011354677953301453, "queue": 1.2643472291227873}, "datetime": {"datetime": "2022-02-01 05:19:06", "elapsed": 158.519942, "delta": 13.637857}}
{"target": 187.59377511015114, "params": {"T_s": 14.949965821927634, "bandwidth_lower_bound": 0.1, "bandwidth_upper_bound": 0.16997464121486117, "delay": 99.44962791768505, "delay_noise": 0.0, "loss": 0.005212584437515182, "queue": 0.6117068160856483}, "datetime": {"datetime": "2022-02-01 05:19:16", "elapsed": 168.944697, "delta": 10.424755}}
