{"target": 77.65991317977654, "params": {"T_s": 12.522632229984742, "bandwidth_lower_bound": 0.1, "bandwidth_upper_bound": 17.136473158328144, "delay": 73.37916557874458, "delay_noise": 0.0, "loss": 0.001793111962418014, "queue": 1.3025827430471038}, "datetime": {"datetime": "2022-02-01 07:53:19", "elapsed": 0.0, "delta": 0.0}}
{"target": 459.2137998519813, "params": {"T_s": 6.13608914791348, "bandwidth_lower_bound": 0.1, "bandwidth_upper_bound": 13.503426347626652, "delay": 192.18419259072212, "delay_noise": 0.0, "loss": 0.0003818627451807042, "queue": 0.5176983631359171}, "datetime": {"datetime": "2022-02-01 07:53:27", "elapsed": 8.084681, "delta": 8.084681}}
{"target": 705.3368318554033, "params": {"T_s": 3.268483040197862, "bandwidth_lower_bound": 0.1, "bandwidth_upper_bound": 67.6164181641533, "delay": 176.60120766898655, "delay_noise": 0.0, "loss": 0, "queue": 1.9831296386591495}, "datetime": {"datetime": "2022-02-01 07:53:39", "elapsed": 20.653502, "delta": 12.568821}}
{"target": 224.27486374335768, "params": {"T_s": 2.0871937797735525, "bandwidth_lower_bound": 0.1, "bandwidth_upper_bound": 41.83979572176084, "delay": 53.173160561680575, "delay_noise": 0.0, "loss": 0.015526780588463789, "queue": 0.6167745765238131}, "datetime": {"datetime": "2022-02-01 07:53:52", "elapsed": 33.863579, "delta": 13.210077}}
{"target": 149.70757117187685, "params": {"T_s": 8.444249372384597, "bandwidth_lower_bound": 0.1, "bandwidth_upper_bound": 0.33012983873664564, "delay": 22.596546276065762, "delay_noise": 0.0, "loss": 0.00048280425415356997, "queue": 2.4248097654390075}, "datetime": {"datetime": "2022-02-01 07:53:59", "elapsed": 40.119295, "delta": 6.255716}}
{"target": 111.92911081510897, "params": {"T_s": 14.862340214711725, "bandwidth_lower_bound": 0.1, "bandwidth_upper_bound": 1.3559579357622604, "delay": 104.1160102731242, "delay_noise": 0.0, "loss": 0.0042695624698063745, "queue": 0.40302187751338114}, "datetime": {"datetime": "2022-02-01 07:54:05", "elapsed": 46.291877, "delta": 6.172582}}
{"target": 240.53121144274638, "params": {"T_s": 13.239173728948197, "bandwidth_lower_bound": 0.1, "bandwidth_upper_bound": 31.629959608777845, "delay": 142.62567539826424, "delay_noise": 0.0, "loss": 0.027574214546651116, "queue": 2.668683696800392}, "datetime": {"datetime": "2022-02-01 07:54:15", "elapsed": 56.757464, "delta": 10.465587}}
{"target": 155.6489810414924, "params": {"T_s": 1.4245797494468708, "bandwidth_lower_bound": 0.1, "bandwidth_upper_bound": 3.0072565229282606, "delay": 23.57675377929477, "delay_noise": 0.0, "loss": 0.04374441371048224, "queue": 0.9603684303934561}, "datetime": {"datetime": "2022-02-01 07:54:23", "elapsed": 64.022708, "delta": 7.265244}}
{"target": 119.00585627656085, "params": {"T_s": 13.457278299365571, "bandwidth_lower_bound": 0.1, "bandwidth_upper_bound": 0.24950249002084718, "delay": 64.83597372852523, "delay_noise": 0.0, "loss": 0.0003640878041054984, "queue": 1.1267898942421455}, "datetime": {"datetime": "2022-02-01 07:54:29", "elapsed": 69.903143, "delta": 5.880435}}
{"target": 95.68239972238857, "params": {"T_s": 8.521130593818704, "bandwidth_lower_bound": 0.1, "bandwidth_upper_bound": 24.770367762780637, "delay": 55.19396135462977, "delay_noise": 0.0, "loss": 0.021657197100406235, "queue": 0.24440184098353873}, "datetime": {"datetime": "2022-02-01 07:54:38", "elapsed": 79.661607, "delta": 9.758464}}
{"target": 487.3591131893301, "params": {"T_s": 3.848100968227551, "bandwidth_lower_bound": 0.1, "bandwidth_upper_bound": 20.519213602779107, "delay": 176.92124506941286, "delay_noise": 0.0, "loss": 0.0007271738879111209, "queue": 0.36731851553320116}, "datetime": {"datetime": "2022-02-01 07:54:48", "elapsed": 89.0472, "delta": 9.385593}}
{"target": 304.35372268410583, "params": {"T_s": 0.007292270223452357, "bandwidth_lower_bound": 0.1, "bandwidth_upper_bound": 13.199289284857313, "delay": 171.85456622067102, "delay_noise": 0.0, "loss": 0.00018846402534266756, "queue": 1.2654791054782064}, "datetime": {"datetime": "2022-02-01 07:54:57", "elapsed": 98.424538, "delta": 9.377338}}
{"target": 411.09517484055937, "params": {"T_s": 1.5414832407122643, "bandwidth_lower_bound": 0.1, "bandwidth_upper_bound": 0.581553031221395, "delay": 182.04625891714056, "delay_noise": 0.0, "loss": 0, "queue": 2.472231608771356}, "datetime": {"datetime": "2022-02-01 07:55:03", "elapsed": 104.751737, "delta": 6.327199}}
{"target": 375.5858701739726, "params": {"T_s": 10.369248713190538, "bandwidth_lower_bound": 0.1, "bandwidth_upper_bound": 82.93393806538785, "delay": 175.47467457362416, "delay_noise": 0.0, "loss": 0, "queue": 2.2681865727900927}, "datetime": {"datetime": "2022-02-01 07:55:22", "elapsed": 123.252748, "delta": 18.501011}}
{"target": 328.5122418757114, "params": {"T_s": 9.401282339208215, "bandwidth_lower_bound": 0.1, "bandwidth_upper_bound": 73.91420023249347, "delay": 184.29156908660747, "delay_noise": 0.0, "loss": 0.002866423636454575, "queue": 2.039004950862844}, "datetime": {"datetime": "2022-02-01 07:55:41", "elapsed": 142.10557, "delta": 18.852822}}
