{"target": 258.68764663865886, "params": {"T_s": 5.618101782710437, "bandwidth_lower_bound": 0.1, "bandwidth_upper_bound": 15.702970884055384, "delay": 120.53437987101324, "delay_noise": 0.0, "loss": 0, "queue": 0.36263411407095847}, "datetime": {"datetime": "2022-02-01 06:52:45", "elapsed": 0.0, "delta": 0.0}}
{"target": 34.70590168338941, "params": {"T_s": 12.992642186624028, "bandwidth_lower_bound": 0.1, "bandwidth_upper_bound": 13.311216080736887, "delay": 6.0757298705688845, "delay_noise": 0.0, "loss": 0.012001973305133511, "queue": 0.7945495098991733}, "datetime": {"datetime": "2022-02-01 06:52:59", "elapsed": 14.521772, "delta": 14.521772}}
{"target": 231.87985247381627, "params": {"T_s": 2.727374508106509, "bandwidth_lower_bound": 0.1, "bandwidth_upper_bound": 0.817949947521167, "delay": 105.90177346318309, "delay_noise": 0.0, "loss": 0.00011947392933804657, "queue": 1.9131881052226625}, "datetime": {"datetime": "2022-02-01 06:53:06", "elapsed": 21.791656, "delta": 7.269884}}
{"target": 289.55698927320384, "params": {"T_s": 2.0924079097806274, "bandwidth_lower_bound": 0.1, "bandwidth_upper_bound": 1.2562773503807023, "delay": 92.30185687497311, "delay_noise": 0.0, "loss": 0, "queue": 1.6398564275581125}, "datetime": {"datetime": "2022-02-01 06:53:14", "elapsed": 29.582925, "delta": 7.791269}}
{"target": 96.76985910004174, "params": {"T_s": 8.886218532930638, "bandwidth_lower_bound": 0.1, "bandwidth_upper_bound": 6.647135865318025, "delay": 35.76377649008372, "delay_noise": 0.0, "loss": 0.03235799106558409, "queue": 2.9037696926087664}, "datetime": {"datetime": "2022-02-01 06:53:24", "elapsed": 38.851727, "delta": 9.268802}}
{"target": 105.6280770937369, "params": {"T_s": 12.125960221746917, "bandwidth_lower_bound": 0.1, "bandwidth_upper_bound": 0.19634341572933325, "delay": 137.47813924940706, "delay_noise": 0.0, "loss": 0, "queue": 1.5864953483115565}, "datetime": {"datetime": "2022-02-01 06:53:30", "elapsed": 45.139139, "delta": 6.287412}}
{"target": 293.1364828434198, "params": {"T_s": 0.5158278167282759, "bandwidth_lower_bound": 0.1, "bandwidth_upper_bound": 0.5975027999960292, "delay": 133.17941230208842, "delay_noise": 0.0, "loss": 0.0008389984887778372, "queue": 1.730788782161183}, "datetime": {"datetime": "2022-02-01 06:53:37", "elapsed": 52.229124, "delta": 7.089985}}
{"target": 534.0985057534874, "params": {"T_s": 2.7728168328829055, "bandwidth_lower_bound": 0.1, "bandwidth_upper_bound": 21.15429079726122, "delay": 188.02079042970945, "delay_noise": 0.0, "loss": 0.0016280435384281016, "queue": 2.7812478580647273}, "datetime": {"datetime": "2022-02-01 06:53:48", "elapsed": 63.04365, "delta": 10.814526}}
{"target": 153.77352004899677, "params": {"T_s": 1.3273875307787923, "bandwidth_lower_bound": 0.1, "bandwidth_upper_bound": 0.1366727291545622, "delay": 66.41540549112634, "delay_noise": 0.0, "loss": 0.00010086383947515236, "queue": 2.520465025625402}, "datetime": {"datetime": "2022-02-01 06:53:54", "elapsed": 69.221191, "delta": 6.177541}}
{"target": 79.84843173279711, "params": {"T_s": 5.3512999004038395, "bandwidth_lower_bound": 0.1, "bandwidth_upper_bound": 4.247058562261867, "delay": 29.902996545003003, "delay_noise": 0.0, "loss": 0, "queue": 2.9632834224814486}, "datetime": {"datetime": "2022-02-01 06:54:02", "elapsed": 77.699752, "delta": 8.478561}}
{"target": 340.7751698631737, "params": {"T_s": 14.906596541518974, "bandwidth_lower_bound": 0.1, "bandwidth_upper_bound": 72.02344678286684, "delay": 167.32397079727477, "delay_noise": 0.0, "loss": 0.010293970371955641, "queue": 1.4856455650525517}, "datetime": {"datetime": "2022-02-01 06:54:20", "elapsed": 94.849613, "delta": 17.149861}}
{"target": 612.1712441935179, "params": {"T_s": 1.4425475549313238, "bandwidth_lower_bound": 0.1, "bandwidth_upper_bound": 3.609036084171506, "delay": 189.03408461483022, "delay_noise": 0.0, "loss": 0.002998710462626337, "queue": 1.7501863323031017}, "datetime": {"datetime": "2022-02-01 06:54:28", "elapsed": 102.96464, "delta": 8.115027}}
{"target": 142.41696785577346, "params": {"T_s": 14.09599441424293, "bandwidth_lower_bound": 0.1, "bandwidth_upper_bound": 0.1403572135620351, "delay": 199.4592278814991, "delay_noise": 0.0, "loss": 0, "queue": 2.4484058848797168}, "datetime": {"datetime": "2022-02-01 06:54:35", "elapsed": 110.409173, "delta": 7.444533}}
{"target": 132.80471191061818, "params": {"T_s": 0.08561673779921453, "bandwidth_lower_bound": 0.1, "bandwidth_upper_bound": 0.15873515866397328, "delay": 171.55578795783163, "delay_noise": 0.0, "loss": 0.00452111646436864, "queue": 2.190449984484627}, "datetime": {"datetime": "2022-02-01 06:54:43", "elapsed": 118.583521, "delta": 8.174348}}
{"target": 109.2767239847731, "params": {"T_s": 14.716629691900929, "bandwidth_lower_bound": 0.1, "bandwidth_upper_bound": 11.082677858537098, "delay": 81.78656110677792, "delay_noise": 0.0, "loss": 0.043248834860755064, "queue": 0.7600127501517349}, "datetime": {"datetime": "2022-02-01 06:54:52", "elapsed": 127.624962, "delta": 9.041441}}
