{"target": 383.2343366384244, "params": {"T_s": 12.883339009395595, "bandwidth_lower_bound": 0.1, "bandwidth_upper_bound": 4.627925232529891, "delay": 191.21999670037, "delay_noise": 0.0, "loss": 0.010451754848154755, "queue": 0.48304236886414925}, "datetime": {"datetime": "2022-02-01 02:18:24", "elapsed": 0.0, "delta": 0.0}}
{"target": 50.44456973901805, "params": {"T_s": 13.927321056119055, "bandwidth_lower_bound": 0.1, "bandwidth_upper_bound": 6.1611290900068045, "delay": 20.17325868964801, "delay_noise": 0.0, "loss": 0.00282852006412758, "queue": 1.43679776769146}, "datetime": {"datetime": "2022-02-01 02:18:33", "elapsed": 9.368588, "delta": 9.368588}}
{"target": 31.21208744795132, "params": {"T_s": 8.272316795909408, "bandwidth_lower_bound": 0.1, "bandwidth_upper_bound": 5.864131410095607, "delay": 11.886686364278235, "delay_noise": 0.0, "loss": 0.006836023708777267, "queue": 2.7505433230697283}, "datetime": {"datetime": "2022-02-01 02:18:43", "elapsed": 19.76105, "delta": 10.392462}}
{"target": 395.6130247491683, "params": {"T_s": 1.393649202569827, "bandwidth_lower_bound": 0.1, "bandwidth_upper_bound": 2.414800280604145, "delay": 91.49965697718463, "delay_noise": 0.0, "loss": 0, "queue": 2.1862376357576263}, "datetime": {"datetime": "2022-02-01 02:18:50", "elapsed": 26.018542, "delta": 6.257492}}
{"target": 155.97568538484302, "params": {"T_s": 2.4093611579661345, "bandwidth_lower_bound": 0.1, "bandwidth_upper_bound": 0.1274798441560498, "delay": 107.90757229156326, "delay_noise": 0.0, "loss": 0.00013830170368051142, "queue": 0.3261747560960061}, "datetime": {"datetime": "2022-02-01 02:18:56", "elapsed": 32.329685, "delta": 6.311143}}
{"target": 385.86150489743306, "params": {"T_s": 3.5786418948586767, "bandwidth_lower_bound": 0.1, "bandwidth_upper_bound": 22.240689579428473, "delay": 139.64992363979283, "delay_noise": 0.0, "loss": 0.0006721279589477652, "queue": 1.6675398156200114}, "datetime": {"datetime": "2022-02-01 02:19:03", "elapsed": 39.910504, "delta": 7.580819}}
{"target": 385.14926179344315, "params": {"T_s": 4.478118679303845, "bandwidth_lower_bound": 0.1, "bandwidth_upper_bound": 90.02287485018113, "delay": 101.22471436421372, "delay_noise": 0.0, "loss": 0.004926779796688947, "queue": 2.6173267170449854}, "datetime": {"datetime": "2022-02-01 02:19:15", "elapsed": 51.776718, "delta": 11.866214}}
{"target": 402.3528052486962, "params": {"T_s": 0.39254305846445403, "bandwidth_lower_bound": 0.1, "bandwidth_upper_bound": 23.292042958464364, "delay": 92.50969455707549, "delay_noise": 0.0, "loss": 0.00035575064464783446, "queue": 1.125889338708035}, "datetime": {"datetime": "2022-02-01 02:19:23", "elapsed": 59.16197, "delta": 7.385252}}
{"target": 353.68270029805694, "params": {"T_s": 9.062281915389526, "bandwidth_lower_bound": 0.1, "bandwidth_upper_bound": 87.85232142636721, "delay": 118.46992627755436, "delay_noise": 0.0, "loss": 0.0008455244015478223, "queue": 1.2023395207960186}, "datetime": {"datetime": "2022-02-01 02:19:41", "elapsed": 77.178914, "delta": 18.016944}}
{"target": 373.19146135157007, "params": {"T_s": 0.2249996612058358, "bandwidth_lower_bound": 0.1, "bandwidth_upper_bound": 22.527051918649214, "delay": 86.5466027809662, "delay_noise": 0.0, "loss": 0.0020351059787847695, "queue": 1.9928090298812413}, "datetime": {"datetime": "2022-02-01 02:19:50", "elapsed": 86.638476, "delta": 9.459562}}
{"target": 178.173884928679, "params": {"T_s": 0.28564660186389534, "bandwidth_lower_bound": 0.1, "bandwidth_upper_bound": 0.14917221907834383, "delay": 167.93110171649334, "delay_noise": 0.0, "loss": 0, "queue": 0.4805505866960418}, "datetime": {"datetime": "2022-02-01 02:19:58", "elapsed": 94.739219, "delta": 8.100743}}
{"target": 175.836368573612, "params": {"T_s": 14.945441995630393, "bandwidth_lower_bound": 0.1, "bandwidth_upper_bound": 97.78076211186229, "delay": 59.58831022483371, "delay_noise": 0.0, "loss": 0.0009332496912448005, "queue": 1.8126328671952214}, "datetime": {"datetime": "2022-02-01 02:20:28", "elapsed": 124.596585, "delta": 29.857366}}
{"target": 337.0476675432558, "params": {"T_s": 0.12016303411121476, "bandwidth_lower_bound": 0.1, "bandwidth_upper_bound": 11.396611016057648, "delay": 41.38153225855153, "delay_noise": 0.0, "loss": 0.00020473540293689015, "queue": 1.5683375543381477}, "datetime": {"datetime": "2022-02-01 02:20:43", "elapsed": 139.369816, "delta": 14.773231}}
{"target": 245.88227291554847, "params": {"T_s": 14.971974852838304, "bandwidth_lower_bound": 0.1, "bandwidth_upper_bound": 5.475594868701293, "delay": 154.43237976627532, "delay_noise": 0.0, "loss": 0.0022254185612813567, "queue": 2.541330993440866}, "datetime": {"datetime": "2022-02-01 02:20:55", "elapsed": 151.382246, "delta": 12.01243}}
{"target": 534.2845259872074, "params": {"T_s": 0.30957875742205654, "bandwidth_lower_bound": 0.1, "bandwidth_upper_bound": 27.041939726135798, "delay": 199.5071719321299, "delay_noise": 0.0, "loss": 0, "queue": 2.7332589763068533}, "datetime": {"datetime": "2022-02-01 02:21:08", "elapsed": 164.108226, "delta": 12.72598}}
