{"target": 137.21432803669262, "params": {"T_s": 14.167449042859603, "bandwidth_lower_bound": 0.1, "bandwidth_upper_bound": 0.3787782967895681, "delay": 117.21518562223841, "delay_noise": 0.0, "loss": 0.0033961240229092725, "queue": 0.4896251540559946}, "datetime": {"datetime": "2022-02-01 03:33:37", "elapsed": 0.0, "delta": 0.0}}
{"target": 306.1200888655767, "params": {"T_s": 11.182136494266501, "bandwidth_lower_bound": 0.1, "bandwidth_upper_bound": 18.20848285020457, "delay": 158.95571465500177, "delay_noise": 0.0, "loss": 0.00043700906675027873, "queue": 2.897702986740904}, "datetime": {"datetime": "2022-02-01 03:33:48", "elapsed": 10.711606, "delta": 10.711606}}
{"target": 204.6192961855866, "params": {"T_s": 13.455998305793281, "bandwidth_lower_bound": 0.1, "bandwidth_upper_bound": 6.135548586379056, "delay": 115.52863520524062, "delay_noise": 0.0, "loss": 0.02737745279658401, "queue": 0.34344352088533525}, "datetime": {"datetime": "2022-02-01 03:33:56", "elapsed": 18.47069, "delta": 7.759084}}
{"target": 358.32293168634305, "params": {"T_s": 2.0221798337140173, "bandwidth_lower_bound": 0.1, "bandwidth_upper_bound": 1.2421506818725634, "delay": 161.075345979104, "delay_noise": 0.0, "loss": 0.00017049404326047705, "queue": 1.539575647649404}, "datetime": {"datetime": "2022-02-01 03:34:03", "elapsed": 25.429312, "delta": 6.958622}}
{"target": 188.39236636857714, "params": {"T_s": 2.6840617127381403, "bandwidth_lower_bound": 0.1, "bandwidth_upper_bound": 19.531115811063643, "delay": 41.374385022654195, "delay_noise": 0.0, "loss": 0.0015962197687456909, "queue": 0.31226394924432854}, "datetime": {"datetime": "2022-02-01 03:34:13", "elapsed": 35.437313, "delta": 10.008001}}
{"target": 140.91949816318476, "params": {"T_s": 12.369419747479608, "bandwidth_lower_bound": 0.1, "bandwidth_upper_bound": 0.11413294727907475, "delay": 161.59559759510844, "delay_noise": 0.0, "loss": 0, "queue": 1.502653563893788}, "datetime": {"datetime": "2022-02-01 03:34:19", "elapsed": 41.296226, "delta": 5.858913}}
{"target": 502.6443202940672, "params": {"T_s": 5.052763776415486, "bandwidth_lower_bound": 0.1, "bandwidth_upper_bound": 64.6211664679209, "delay": 175.55782068842493, "delay_noise": 0.0, "loss": 0.0005248646213395308, "queue": 2.170921834681147}, "datetime": {"datetime": "2022-02-01 03:34:32", "elapsed": 54.502477, "delta": 13.206251}}
{"target": 410.0966722081859, "params": {"T_s": 0.580820201512684, "bandwidth_lower_bound": 0.1, "bandwidth_upper_bound": 1.8069197183478618, "delay": 180.76597519513885, "delay_noise": 0.0, "loss": 0.04113088829198256, "queue": 1.8258881443956763}, "datetime": {"datetime": "2022-02-01 03:34:39", "elapsed": 61.179405, "delta": 6.676928}}
{"target": 79.74073696916383, "params": {"T_s": 14.63033686974033, "bandwidth_lower_bound": 0.1, "bandwidth_upper_bound": 0.9864021373317746, "delay": 96.1018345735241, "delay_noise": 0.0, "loss": 0.00501748548012132, "queue": 1.962970490291568}, "datetime": {"datetime": "2022-02-01 03:34:45", "elapsed": 67.76607, "delta": 6.586665}}
{"target": 186.95431480393302, "params": {"T_s": 12.945920194098068, "bandwidth_lower_bound": 0.1, "bandwidth_upper_bound": 11.810180893631342, "delay": 84.88394856403548, "delay_noise": 0.0, "loss": 0, "queue": 1.8730579154275084}, "datetime": {"datetime": "2022-02-01 03:34:53", "elapsed": 75.431077, "delta": 7.665007}}
{"target": 377.14071709162965, "params": {"T_s": 13.377113779051813, "bandwidth_lower_bound": 0.1, "bandwidth_upper_bound": 21.062247825643677, "delay": 184.0298029329291, "delay_noise": 0.0, "loss": 0.0033009017726825804, "queue": 0.40296534119410543}, "datetime": {"datetime": "2022-02-01 03:35:02", "elapsed": 84.658562, "delta": 9.227485}}
{"target": 399.7481404450966, "params": {"T_s": 2.5898538986896864, "bandwidth_lower_bound": 0.1, "bandwidth_upper_bound": 2.7095334299093157, "delay": 145.56920185264167, "delay_noise": 0.0, "loss": 0.03263899143304695, "queue": 2.8796841491116885}, "datetime": {"datetime": "2022-02-01 03:35:09", "elapsed": 91.875348, "delta": 7.216786}}
{"target": 526.7610320252005, "params": {"T_s": 3.064462390485521, "bandwidth_lower_bound": 0.1, "bandwidth_upper_bound": 70.23538995342616, "delay": 197.70549598656694, "delay_noise": 0.0, "loss": 0, "queue": 1.8120858484242437}, "datetime": {"datetime": "2022-02-01 03:35:21", "elapsed": 103.442903, "delta": 11.567555}}
{"target": 365.49200737303204, "params": {"T_s": 14.97950900527654, "bandwidth_lower_bound": 0.1, "bandwidth_upper_bound": 8.058507322912414, "delay": 199.37109300424953, "delay_noise": 0.0, "loss": 0.0412474118425906, "queue": 1.374822325732168}, "datetime": {"datetime": "2022-02-01 03:35:28", "elapsed": 110.647443, "delta": 7.20454}}
{"target": 80.13857751826868, "params": {"T_s": 14.091398320467784, "bandwidth_lower_bound": 0.1, "bandwidth_upper_bound": 2.488789546113631, "delay": 2.0393056010419457, "delay_noise": 0.0, "loss": 0.0037832846581950185, "queue": 2.75281461285751}, "datetime": {"datetime": "2022-02-01 03:35:42", "elapsed": 124.409659, "delta": 13.762216}}
