{"target": 479.9867413605037, "params": {"T_s": 5.771596792751156, "bandwidth_lower_bound": 0.1, "bandwidth_upper_bound": 68.0140924534985, "delay": 141.15932893492442, "delay_noise": 0.0, "loss": 0.0017437540678166092, "queue": 0.7603551600077325}, "datetime": {"datetime": "2022-02-01 03:58:12", "elapsed": 0.0, "delta": 0.0}}
{"target": 125.73034521210292, "params": {"T_s": 5.8108183150005175, "bandwidth_lower_bound": 0.1, "bandwidth_upper_bound": 0.16742559239588356, "delay": 57.62948098620258, "delay_noise": 0.0, "loss": 0.0006131485239962069, "queue": 2.6317705616047053}, "datetime": {"datetime": "2022-02-01 03:58:18", "elapsed": 6.076135, "delta": 6.076135}}
{"target": 329.9350815658764, "params": {"T_s": 7.9444407600642695, "bandwidth_lower_bound": 0.1, "bandwidth_upper_bound": 2.589202585297455, "delay": 138.39071738537072, "delay_noise": 0.0, "loss": 0.011091082050505414, "queue": 2.889028031162441}, "datetime": {"datetime": "2022-02-01 03:58:24", "elapsed": 12.464783, "delta": 6.388648}}
{"target": 216.15314775034904, "params": {"T_s": 12.872163580726895, "bandwidth_lower_bound": 0.1, "bandwidth_upper_bound": 4.4582373651715095, "delay": 131.62631956378195, "delay_noise": 0.0, "loss": 0.04033929895896335, "queue": 1.4558970424907105}, "datetime": {"datetime": "2022-02-01 03:58:31", "elapsed": 19.647963, "delta": 7.18318}}
{"target": 160.16531937547924, "params": {"T_s": 11.989093931450846, "bandwidth_lower_bound": 0.1, "bandwidth_upper_bound": 0.183838584026011, "delay": 159.0208526126403, "delay_noise": 0.0, "loss": 0.0018817985836845968, "queue": 0.7902005925930589}, "datetime": {"datetime": "2022-02-01 03:58:37", "elapsed": 25.418998, "delta": 5.771035}}
{"target": 28.041234055378652, "params": {"T_s": 3.6246178212023916, "bandwidth_lower_bound": 0.1, "bandwidth_upper_bound": 15.401680814085918, "delay": 4.987889505872738, "delay_noise": 0.0, "loss": 0.00043531695908687946, "queue": 1.8755182365077134}, "datetime": {"datetime": "2022-02-01 03:58:52", "elapsed": 40.617136, "delta": 15.198138}}
{"target": 217.79245355863765, "params": {"T_s": 1.9078947401472823, "bandwidth_lower_bound": 0.1, "bandwidth_upper_bound": 0.45043918832388813, "delay": 19.90434274553603, "delay_noise": 0.0, "loss": 0.046715264429107575, "queue": 1.107177252744496}, "datetime": {"datetime": "2022-02-01 03:58:59", "elapsed": 47.103223, "delta": 6.486087}}
{"target": 81.84243791951349, "params": {"T_s": 6.026115552187067, "bandwidth_lower_bound": 0.1, "bandwidth_upper_bound": 1.7910766552493373, "delay": 60.37295152427874, "delay_noise": 0.0, "loss": 0.00022070629997691634, "queue": 0.9001953930811839}, "datetime": {"datetime": "2022-02-01 03:59:05", "elapsed": 53.483392, "delta": 6.380169}}
{"target": 173.10897704843424, "params": {"T_s": 6.6280980490697745, "bandwidth_lower_bound": 0.1, "bandwidth_upper_bound": 0.9735823048412608, "delay": 130.36646919525666, "delay_noise": 0.0, "loss": 0.00011897316186462255, "queue": 2.1301163340355966}, "datetime": {"datetime": "2022-02-01 03:59:11", "elapsed": 59.662862, "delta": 6.17947}}
{"target": 235.49514223616416, "params": {"T_s": 13.79759887993545, "bandwidth_lower_bound": 0.1, "bandwidth_upper_bound": 10.243697056625008, "delay": 129.51178203913736, "delay_noise": 0.0, "loss": 0.00028005985741815425, "queue": 2.2406304966995365}, "datetime": {"datetime": "2022-02-01 03:59:19", "elapsed": 67.425462, "delta": 7.7626}}
{"target": 117.59050597518484, "params": {"T_s": 14.911697332132965, "bandwidth_lower_bound": 0.1, "bandwidth_upper_bound": 4.3302360909515745, "delay": 104.28412996182585, "delay_noise": 0.0, "loss": 0, "queue": 2.062427377670579}, "datetime": {"datetime": "2022-02-01 03:59:27", "elapsed": 75.143931, "delta": 7.718469}}
{"target": 158.4546141566784, "params": {"T_s": 0.8236158535635668, "bandwidth_lower_bound": 0.1, "bandwidth_upper_bound": 0.12668008977070902, "delay": 199.98427143625673, "delay_noise": 0.0, "loss": 0.0002555261056443152, "queue": 1.6654941846863796}, "datetime": {"datetime": "2022-02-01 03:59:33", "elapsed": 81.125356, "delta": 5.981425}}
{"target": 492.9070907580906, "params": {"T_s": 0.24635058432293022, "bandwidth_lower_bound": 0.1, "bandwidth_upper_bound": 69.9927007221061, "delay": 151.64289230422258, "delay_noise": 0.0, "loss": 0.010928997095782697, "queue": 2.2711400889232167}, "datetime": {"datetime": "2022-02-01 03:59:45", "elapsed": 93.462339, "delta": 12.336983}}
{"target": 65.0461155858141, "params": {"T_s": 14.867232006662011, "bandwidth_lower_bound": 0.1, "bandwidth_upper_bound": 45.757328512531174, "delay": 37.05383405547491, "delay_noise": 0.0, "loss": 0, "queue": 1.1882122943069435}, "datetime": {"datetime": "2022-02-01 04:00:00", "elapsed": 108.00148, "delta": 14.539141}}
{"target": 286.95823435090546, "params": {"T_s": 0.04872015826470344, "bandwidth_lower_bound": 0.1, "bandwidth_upper_bound": 40.010696762162354, "delay": 85.38187368456926, "delay_noise": 0.0, "loss": 0, "queue": 1.5456495603713274}, "datetime": {"datetime": "2022-02-01 04:00:11", "elapsed": 119.201562, "delta": 11.200082}}
