{"target": 68.80857298896564, "params": {"T_s": 8.20333734218032, "bandwidth_lower_bound": 0.1, "bandwidth_upper_bound": 28.920489517664063, "delay": 26.165873632379824, "delay_noise": 0.0, "loss": 0.0008788369774428035, "queue": 1.4989435362681915}, "datetime": {"datetime": "2022-02-01 04:33:28", "elapsed": 0.0, "delta": 0.0}}
{"target": 443.034504659701, "params": {"T_s": 7.071686166367737, "bandwidth_lower_bound": 0.1, "bandwidth_upper_bound": 59.840007793434275, "delay": 163.46957731858748, "delay_noise": 0.0, "loss": 0.025211444128857258, "queue": 1.3615262297828588}, "datetime": {"datetime": "2022-02-01 04:33:43", "elapsed": 14.361448, "delta": 14.361448}}
{"target": 173.0745188228238, "params": {"T_s": 12.387179434547255, "bandwidth_lower_bound": 0.1, "bandwidth_upper_bound": 7.658402006781224, "delay": 51.94941888785555, "delay_noise": 0.0, "loss": 0.015229393739273005, "queue": 0.33566680856965714}, "datetime": {"datetime": "2022-02-01 04:33:51", "elapsed": 22.651585, "delta": 8.290137}}
{"target": 140.26337175648678, "params": {"T_s": 12.82197820967729, "bandwidth_lower_bound": 0.1, "bandwidth_upper_bound": 0.7725388176354634, "delay": 98.1104814915349, "delay_noise": 0.0, "loss": 0.0016929689620638776, "queue": 0.6400082950336561}, "datetime": {"datetime": "2022-02-01 04:33:57", "elapsed": 28.934505, "delta": 6.28292}}
{"target": 314.7847986465904, "params": {"T_s": 7.891533709378162, "bandwidth_lower_bound": 0.1, "bandwidth_upper_bound": 10.26457598281377, "delay": 110.65233624494363, "delay_noise": 0.0, "loss": 0.028142106571587597, "queue": 1.7202691119402043}, "datetime": {"datetime": "2022-02-01 04:34:05", "elapsed": 36.291623, "delta": 7.357118}}
{"target": 26.42646499416776, "params": {"T_s": 9.788358443823675, "bandwidth_lower_bound": 0.1, "bandwidth_upper_bound": 28.63094432390661, "delay": 4.6846290540781546, "delay_noise": 0.0, "loss": 0.0004067762900223279, "queue": 1.5368794970912891}, "datetime": {"datetime": "2022-02-01 04:34:22", "elapsed": 54.098325, "delta": 17.806702}}
{"target": 144.3137965654231, "params": {"T_s": 10.728959720149781, "bandwidth_lower_bound": 0.1, "bandwidth_upper_bound": 0.21865477587311385, "delay": 123.2477157258858, "delay_noise": 0.0, "loss": 0, "queue": 0.9858392792729542}, "datetime": {"datetime": "2022-02-01 04:34:28", "elapsed": 60.147191, "delta": 6.048866}}
{"target": 144.90366543370527, "params": {"T_s": 4.4047938769783, "bandwidth_lower_bound": 0.1, "bandwidth_upper_bound": 14.753118291114577, "delay": 42.2727539054624, "delay_noise": 0.0, "loss": 0.004721028203950981, "queue": 1.1706120847612962}, "datetime": {"datetime": "2022-02-01 04:34:37", "elapsed": 68.836974, "delta": 8.689783}}
{"target": 201.8383216537361, "params": {"T_s": 3.2884062838189436, "bandwidth_lower_bound": 0.1, "bandwidth_upper_bound": 0.2128279350209005, "delay": 188.09593645768282, "delay_noise": 0.0, "loss": 0.02059238622602136, "queue": 2.6824159028836836}, "datetime": {"datetime": "2022-02-01 04:34:43", "elapsed": 74.498388, "delta": 5.661414}}
{"target": 325.55081567711284, "params": {"T_s": 0.20455290165537876, "bandwidth_lower_bound": 0.1, "bandwidth_upper_bound": 0.8023556636615435, "delay": 189.6938898079208, "delay_noise": 0.0, "loss": 0.04086601056686085, "queue": 2.480316819540054}, "datetime": {"datetime": "2022-02-01 04:34:49", "elapsed": 80.391826, "delta": 5.893438}}
{"target": 387.267892578613, "params": {"T_s": 4.503748365774379, "bandwidth_lower_bound": 0.1, "bandwidth_upper_bound": 2.373556238513316, "delay": 165.272107163943, "delay_noise": 0.0, "loss": 0, "queue": 0.8951348101731644}, "datetime": {"datetime": "2022-02-01 04:34:55", "elapsed": 86.783331, "delta": 6.391505}}
{"target": 406.91216882349323, "params": {"T_s": 0.5817816121780595, "bandwidth_lower_bound": 0.1, "bandwidth_upper_bound": 2.509935111024233, "delay": 152.39848605685523, "delay_noise": 0.0, "loss": 0.025461010972966353, "queue": 2.0124665453300397}, "datetime": {"datetime": "2022-02-01 04:35:02", "elapsed": 93.655271, "delta": 6.87194}}
{"target": 155.21787156463125, "params": {"T_s": 14.899480018016837, "bandwidth_lower_bound": 0.1, "bandwidth_upper_bound": 0.5351862053481055, "delay": 149.18404793302884, "delay_noise": 0.0, "loss": 0, "queue": 1.354769163967158}, "datetime": {"datetime": "2022-02-01 04:35:08", "elapsed": 99.925493, "delta": 6.270222}}
{"target": 217.81688954437942, "params": {"T_s": 0.0014484323901975404, "bandwidth_lower_bound": 0.1, "bandwidth_upper_bound": 4.749820629543303, "delay": 75.4964807488664, "delay_noise": 0.0, "loss": 0, "queue": 2.0149234817400803}, "datetime": {"datetime": "2022-02-01 04:35:16", "elapsed": 107.675245, "delta": 7.749752}}
{"target": 165.7928780525932, "params": {"T_s": 14.763061122890285, "bandwidth_lower_bound": 0.1, "bandwidth_upper_bound": 0.12331254878651839, "delay": 174.0401212116615, "delay_noise": 0.0, "loss": 0.0009076100584089172, "queue": 2.706259985923017}, "datetime": {"datetime": "2022-02-01 04:35:22", "elapsed": 114.131324, "delta": 6.456079}}
