{"target": 660.630550973063, "params": {"T_s": 11.56980964900119, "bandwidth_lower_bound": 0.1, "bandwidth_upper_bound": 7.960579883076777, "delay": 150.26316874264515, "delay_noise": 0.0, "loss": 0, "queue": 0.754576021326947}, "datetime": {"datetime": "2022-02-01 02:03:57", "elapsed": 0.0, "delta": 0.0}}
{"target": 1804.8981746295276, "params": {"T_s": 11.407960682984381, "bandwidth_lower_bound": 0.1, "bandwidth_upper_bound": 0.1840854411107584, "delay": 137.70124403682385, "delay_noise": 0.0, "loss": 0, "queue": 1.6341383374801743}, "datetime": {"datetime": "2022-02-01 02:04:05", "elapsed": 8.091524, "delta": 8.091524}}
{"target": 721.4298277224754, "params": {"T_s": 12.189314424781703, "bandwidth_lower_bound": 0.1, "bandwidth_upper_bound": 14.630728535036056, "delay": 59.79146149778536, "delay_noise": 0.0, "loss": 0.004398012401727209, "queue": 1.7191242304315315}, "datetime": {"datetime": "2022-02-01 02:04:15", "elapsed": 18.41811, "delta": 10.326586}}
{"target": 610.7708627504965, "params": {"T_s": 2.1325507140229045, "bandwidth_lower_bound": 0.1, "bandwidth_upper_bound": 10.529332619998273, "delay": 89.48296853575323, "delay_noise": 0.0, "loss": 0.001928213753333562, "queue": 1.6367870791522943}, "datetime": {"datetime": "2022-02-01 02:04:24", "elapsed": 26.70029, "delta": 8.28218}}
{"target": 557.011743822033, "params": {"T_s": 9.755957728972009, "bandwidth_lower_bound": 0.1, "bandwidth_upper_bound": 26.04171552863374, "delay": 105.28613617393955, "delay_noise": 0.0, "loss": 0.00015166048594107096, "queue": 0.45328617795854065}, "datetime": {"datetime": "2022-02-01 02:04:31", "elapsed": 33.910255, "delta": 7.209965}}
{"target": 1079.8090065409153, "params": {"T_s": 4.5105008495430505, "bandwidth_lower_bound": 0.1, "bandwidth_upper_bound": 30.62273519768889, "delay": 11.285471239071454, "delay_noise": 0.0, "loss": 0.0010606017112594443, "queue": 2.4940035878761924}, "datetime": {"datetime": "2022-02-01 02:04:56", "elapsed": 59.474786, "delta": 25.564531}}
{"target": 728.0532100786676, "params": {"T_s": 2.9842130951821844, "bandwidth_lower_bound": 0.1, "bandwidth_upper_bound": 1.1349008421937203, "delay": 151.42024292291174, "delay_noise": 0.0, "loss": 0.018609353841130206, "queue": 1.1114325859302965}, "datetime": {"datetime": "2022-02-01 02:05:05", "elapsed": 68.278479, "delta": 8.803693}}
{"target": 2244.9495471828122, "params": {"T_s": 2.4752384657872275, "bandwidth_lower_bound": 0.1, "bandwidth_upper_bound": 0.1907133626483571, "delay": 164.57892025171182, "delay_noise": 0.0, "loss": 0.00026354888572009986, "queue": 2.843929994268643}, "datetime": {"datetime": "2022-02-01 02:05:15", "elapsed": 77.688419, "delta": 9.40994}}
{"target": 523.5609360744355, "params": {"T_s": 14.814382123528084, "bandwidth_lower_bound": 0.1, "bandwidth_upper_bound": 30.08628267051226, "delay": 51.77207857299775, "delay_noise": 0.0, "loss": 0.02185878465390362, "queue": 1.696762256645082}, "datetime": {"datetime": "2022-02-01 02:05:30", "elapsed": 92.993712, "delta": 15.305293}}
{"target": 1781.0986205297686, "params": {"T_s": 8.853020444781343, "bandwidth_lower_bound": 0.1, "bandwidth_upper_bound": 1.1790854384045446, "delay": 17.763391850880907, "delay_noise": 0.0, "loss": 0.00016724361176050353, "queue": 2.3667248293896685}, "datetime": {"datetime": "2022-02-01 02:05:48", "elapsed": 110.834542, "delta": 17.84083}}
{"target": 1634.5317943096015, "params": {"T_s": 2.3638858075287956, "bandwidth_lower_bound": 0.1, "bandwidth_upper_bound": 0.47970402153737834, "delay": 163.33084838953306, "delay_noise": 0.0, "loss": 0.015877903098307004, "queue": 2.9646491922892566}, "datetime": {"datetime": "2022-02-01 02:06:00", "elapsed": 122.970172, "delta": 12.13563}}
{"target": 547.7771224654862, "params": {"T_s": 2.9948914017423083, "bandwidth_lower_bound": 0.1, "bandwidth_upper_bound": 2.145662403875488, "delay": 170.24928867031892, "delay_noise": 0.0, "loss": 0.0007740117132141644, "queue": 1.1171279105277876}, "datetime": {"datetime": "2022-02-01 02:06:11", "elapsed": 133.824816, "delta": 10.854644}}
{"target": 468.0727876905647, "params": {"T_s": 7.266316051971104, "bandwidth_lower_bound": 0.1, "bandwidth_upper_bound": 4.510199337864961, "delay": 163.7144475083654, "delay_noise": 0.0, "loss": 0.00019380256031941735, "queue": 2.6642260503293116}, "datetime": {"datetime": "2022-02-01 02:06:21", "elapsed": 143.771343, "delta": 9.946527}}
{"target": 526.8806509192452, "params": {"T_s": 1.4247820140103458, "bandwidth_lower_bound": 0.1, "bandwidth_upper_bound": 94.18124352321338, "delay": 165.4886658154006, "delay_noise": 0.0, "loss": 0.0002905790079514654, "queue": 0.39047616289796405}, "datetime": {"datetime": "2022-02-01 02:06:31", "elapsed": 153.88429, "delta": 10.112947}}
{"target": 2243.571330417448, "params": {"T_s": 3.6251178327867035, "bandwidth_lower_bound": 0.1, "bandwidth_upper_bound": 0.12423865343585667, "delay": 161.38002040195025, "delay_noise": 0.0, "loss": 0, "queue": 2.868917564711245}, "datetime": {"datetime": "2022-02-01 02:06:40", "elapsed": 163.581877, "delta": 9.697587}}
