{"target": 392.3022670582097, "params": {"T_s": 8.821962016159114, "bandwidth_lower_bound": 0.1, "bandwidth_upper_bound": 47.270716859926225, "delay": 163.53582050692143, "delay_noise": 0.0, "loss": 0.003621184264265782, "queue": 1.2603066376151426}, "datetime": {"datetime": "2022-02-01 04:24:23", "elapsed": 0.0, "delta": 0.0}}
{"target": 116.08698242470393, "params": {"T_s": 7.777664181721209, "bandwidth_lower_bound": 0.1, "bandwidth_upper_bound": 0.381549293433095, "delay": 55.918647609183616, "delay_noise": 0.0, "loss": 0.007877254350020164, "queue": 2.580917391369987}, "datetime": {"datetime": "2022-02-01 04:24:30", "elapsed": 6.490173, "delta": 6.490173}}
{"target": 88.81410143758374, "params": {"T_s": 11.628673409915441, "bandwidth_lower_bound": 0.1, "bandwidth_upper_bound": 0.22391397790244863, "delay": 150.7535784985648, "delay_noise": 0.0, "loss": 0, "queue": 2.601351487275335}, "datetime": {"datetime": "2022-02-01 04:24:36", "elapsed": 12.542313, "delta": 6.05214}}
{"target": 107.56972619604862, "params": {"T_s": 14.246685391714541, "bandwidth_lower_bound": 0.1, "bandwidth_upper_bound": 0.3438282521735949, "delay": 154.50988276140325, "delay_noise": 0.0, "loss": 0.002162922602991903, "queue": 2.550594184158377}, "datetime": {"datetime": "2022-02-01 04:24:42", "elapsed": 18.62414, "delta": 6.081827}}
{"target": 334.27973169679603, "params": {"T_s": 6.915590944386461, "bandwidth_lower_bound": 0.1, "bandwidth_upper_bound": 10.920269405912826, "delay": 130.85561099641936, "delay_noise": 0.0, "loss": 0, "queue": 2.3600463874039757}, "datetime": {"datetime": "2022-02-01 04:24:50", "elapsed": 26.198071, "delta": 7.573931}}
{"target": 86.36566707932832, "params": {"T_s": 7.214761984494688, "bandwidth_lower_bound": 0.1, "bandwidth_upper_bound": 3.403479730716926, "delay": 54.19850807469124, "delay_noise": 0.0, "loss": 0.002083370477034057, "queue": 1.760859469602391}, "datetime": {"datetime": "2022-02-01 04:24:57", "elapsed": 33.691392, "delta": 7.493321}}
{"target": 134.7601238667015, "params": {"T_s": 4.77869339369703, "bandwidth_lower_bound": 0.1, "bandwidth_upper_bound": 0.5941878370364994, "delay": 117.28374241047268, "delay_noise": 0.0, "loss": 0.001631289369036997, "queue": 2.5123060163168285}, "datetime": {"datetime": "2022-02-01 04:25:03", "elapsed": 40.081973, "delta": 6.390581}}
{"target": 497.68916013401736, "params": {"T_s": 2.3458757776642085, "bandwidth_lower_bound": 0.1, "bandwidth_upper_bound": 1.6824040154956446, "delay": 156.18020506393935, "delay_noise": 0.0, "loss": 0.008085799373759316, "queue": 1.858403652236276}, "datetime": {"datetime": "2022-02-01 04:25:10", "elapsed": 46.358394, "delta": 6.276421}}
{"target": 87.32567361460272, "params": {"T_s": 9.96733804238405, "bandwidth_lower_bound": 0.1, "bandwidth_upper_bound": 1.8919490507674346, "delay": 103.68653008403317, "delay_noise": 0.0, "loss": 0, "queue": 2.182725066508239}, "datetime": {"datetime": "2022-02-01 04:25:17", "elapsed": 53.246861, "delta": 6.888467}}
{"target": 91.4473995782316, "params": {"T_s": 9.306459003255144, "bandwidth_lower_bound": 0.1, "bandwidth_upper_bound": 2.3890673712415524, "delay": 77.20149983110106, "delay_noise": 0.0, "loss": 0.001151386792385427, "queue": 0.43565808475309303}, "datetime": {"datetime": "2022-02-01 04:25:24", "elapsed": 60.814171, "delta": 7.56731}}
{"target": 307.1301483277435, "params": {"T_s": 0.5646929186709826, "bandwidth_lower_bound": 0.1, "bandwidth_upper_bound": 0.4317259997544573, "delay": 180.19812400969187, "delay_noise": 0.0, "loss": 0.008590676648473326, "queue": 2.701575131878645}, "datetime": {"datetime": "2022-02-01 04:25:30", "elapsed": 66.696431, "delta": 5.88226}}
{"target": 306.21018191545556, "params": {"T_s": 14.844072229572918, "bandwidth_lower_bound": 0.1, "bandwidth_upper_bound": 27.561136281790386, "delay": 198.54370808507645, "delay_noise": 0.0, "loss": 0.00011892503627402894, "queue": 0.9816361244951082}, "datetime": {"datetime": "2022-02-01 04:25:38", "elapsed": 74.889785, "delta": 8.193354}}
{"target": 779.3653416377491, "params": {"T_s": 14.072493205787953, "bandwidth_lower_bound": 0.1, "bandwidth_upper_bound": 0.25724738081847354, "delay": 2.2649277630017544, "delay_noise": 0.0, "loss": 0.0012739431213168748, "queue": 2.529204729451398}, "datetime": {"datetime": "2022-02-01 04:25:45", "elapsed": 81.565452, "delta": 6.675667}}
{"target": 300.0830194074408, "params": {"T_s": 0.20592458189888807, "bandwidth_lower_bound": 0.1, "bandwidth_upper_bound": 0.5360529911531015, "delay": 20.952329722324485, "delay_noise": 0.0, "loss": 0.0008813577903199194, "queue": 2.2114635175912696}, "datetime": {"datetime": "2022-02-01 04:25:51", "elapsed": 88.025388, "delta": 6.459936}}
{"target": 50.24273644703226, "params": {"T_s": 14.983464171649587, "bandwidth_lower_bound": 0.1, "bandwidth_upper_bound": 2.516310586317027, "delay": 32.51425674200388, "delay_noise": 0.0, "loss": 0, "queue": 1.7989030061333287}, "datetime": {"datetime": "2022-02-01 04:25:59", "elapsed": 95.867855, "delta": 7.842467}}
