{"target": 431.91633507015433, "params": {"T_s": 2.704045333151538, "bandwidth_lower_bound": 0.1, "bandwidth_upper_bound": 2.4527629620474887, "delay": 145.53691798004527, "delay_noise": 0.0, "loss": 0.0006246294189162234, "queue": 0.23578628085370423}, "datetime": {"datetime": "2022-02-01 02:19:43", "elapsed": 0.0, "delta": 0.0}}
{"target": 396.100952248612, "params": {"T_s": 7.3105741097980745, "bandwidth_lower_bound": 0.1, "bandwidth_upper_bound": 35.6767486036594, "delay": 146.53296510372206, "delay_noise": 0.0, "loss": 0.020258269689182002, "queue": 2.600031891803923}, "datetime": {"datetime": "2022-02-01 02:19:53", "elapsed": 9.798073, "delta": 9.798073}}
{"target": 318.2293458551354, "params": {"T_s": 2.476299263928407, "bandwidth_lower_bound": 0.1, "bandwidth_upper_bound": 0.11519956478876546, "delay": 25.113979218443212, "delay_noise": 0.0, "loss": 0, "queue": 2.325142846849415}, "datetime": {"datetime": "2022-02-01 02:20:00", "elapsed": 17.307176, "delta": 7.509103}}
{"target": 116.15451501541429, "params": {"T_s": 12.274130367962153, "bandwidth_lower_bound": 0.1, "bandwidth_upper_bound": 0.9044746319458891, "delay": 24.108923934942755, "delay_noise": 0.0, "loss": 0.004329260887605919, "queue": 1.8787215095214354}, "datetime": {"datetime": "2022-02-01 02:20:08", "elapsed": 25.430678, "delta": 8.123502}}
{"target": 395.21437205146503, "params": {"T_s": 0.8351051937761761, "bandwidth_lower_bound": 0.1, "bandwidth_upper_bound": 1.6033540823257058, "delay": 169.89984151430096, "delay_noise": 0.0, "loss": 0.0016868216080214015, "queue": 1.7466747002153922}, "datetime": {"datetime": "2022-02-01 02:20:18", "elapsed": 34.776415, "delta": 9.345737}}
{"target": 94.14900047869372, "params": {"T_s": 14.236535966199563, "bandwidth_lower_bound": 0.1, "bandwidth_upper_bound": 1.0331470713610105, "delay": 49.49518645238973, "delay_noise": 0.0, "loss": 0, "queue": 1.220923800388915}, "datetime": {"datetime": "2022-02-01 02:20:27", "elapsed": 43.616402, "delta": 8.839987}}
{"target": 266.0094180982932, "params": {"T_s": 1.0503420393675367, "bandwidth_lower_bound": 0.1, "bandwidth_upper_bound": 0.16261020050622216, "delay": 59.47220609279179, "delay_noise": 0.0, "loss": 0.022342268298785887, "queue": 2.419339878223793}, "datetime": {"datetime": "2022-02-01 02:20:36", "elapsed": 52.731897, "delta": 9.115495}}
{"target": 107.56031024999766, "params": {"T_s": 8.427280652173176, "bandwidth_lower_bound": 0.1, "bandwidth_upper_bound": 1.2146485235638549, "delay": 35.42582511991966, "delay_noise": 0.0, "loss": 0.005137627153898464, "queue": 0.3760853468099613}, "datetime": {"datetime": "2022-02-01 02:20:47", "elapsed": 64.214674, "delta": 11.482777}}
{"target": 303.58675207956276, "params": {"T_s": 0.31099468321756973, "bandwidth_lower_bound": 0.1, "bandwidth_upper_bound": 0.7940649529095575, "delay": 140.83052645861633, "delay_noise": 0.0, "loss": 0.02824016668927958, "queue": 1.3209196121810634}, "datetime": {"datetime": "2022-02-01 02:20:58", "elapsed": 75.03549, "delta": 10.820816}}
{"target": 306.7690965582617, "params": {"T_s": 5.376568925222344, "bandwidth_lower_bound": 0.1, "bandwidth_upper_bound": 19.655010928616345, "delay": 131.21771850328562, "delay_noise": 0.0, "loss": 0.0023745935035477455, "queue": 2.8808433479126743}, "datetime": {"datetime": "2022-02-01 02:21:10", "elapsed": 86.5917, "delta": 11.55621}}
{"target": 207.0774316254832, "params": {"T_s": 14.931880858514957, "bandwidth_lower_bound": 0.1, "bandwidth_upper_bound": 0.9541800718625806, "delay": 189.69894128779316, "delay_noise": 0.0, "loss": 0, "queue": 1.986085614955295}, "datetime": {"datetime": "2022-02-01 02:21:18", "elapsed": 95.038635, "delta": 8.446935}}
{"target": 171.68433262529436, "params": {"T_s": 14.41516807709138, "bandwidth_lower_bound": 0.1, "bandwidth_upper_bound": 3.135744199439997, "delay": 104.70991239595014, "delay_noise": 0.0, "loss": 0, "queue": 0.6757070989427465}, "datetime": {"datetime": "2022-02-01 02:21:30", "elapsed": 106.462485, "delta": 11.42385}}
{"target": 301.8563364896355, "params": {"T_s": 0.2512971018843352, "bandwidth_lower_bound": 0.1, "bandwidth_upper_bound": 55.45217977957544, "delay": 2.23992718670257, "delay_noise": 0.0, "loss": 0, "queue": 2.126548998895461}, "datetime": {"datetime": "2022-02-01 02:21:59", "elapsed": 135.932468, "delta": 29.469983}}
{"target": 329.0993365658269, "params": {"T_s": 0.08780361552740146, "bandwidth_lower_bound": 0.1, "bandwidth_upper_bound": 11.251896065320016, "delay": 82.824642429593, "delay_noise": 0.0, "loss": 0, "queue": 0.34424269046961614}, "datetime": {"datetime": "2022-02-01 02:22:13", "elapsed": 150.32169, "delta": 14.389222}}
{"target": 372.20506979125645, "params": {"T_s": 14.999353029292367, "bandwidth_lower_bound": 0.1, "bandwidth_upper_bound": 43.919665103716504, "delay": 161.3444053290625, "delay_noise": 0.0, "loss": 0, "queue": 1.4315887700598284}, "datetime": {"datetime": "2022-02-01 02:22:32", "elapsed": 169.177322, "delta": 18.855632}}
