{"target": 82.9252341052952, "params": {"T_s": 14.400259550038777, "bandwidth_lower_bound": 0.1, "bandwidth_upper_bound": 99.9083709972361, "delay": 45.57332535700465, "delay_noise": 0.0, "loss": 0.005453984333593872, "queue": 2.9900760302494716}, "datetime": {"datetime": "2022-02-01 05:17:46", "elapsed": 0.0, "delta": 0.0}}
{"target": 130.04547588644164, "params": {"T_s": 4.7452046668591255, "bandwidth_lower_bound": 0.1, "bandwidth_upper_bound": 1.4188615846867303, "delay": 65.46281814590824, "delay_noise": 0.0, "loss": 0.004217367791244548, "queue": 2.7203988054654458}, "datetime": {"datetime": "2022-02-01 05:17:55", "elapsed": 8.445368, "delta": 8.445368}}
{"target": 316.0558853757373, "params": {"T_s": 8.011731587965809, "bandwidth_lower_bound": 0.1, "bandwidth_upper_bound": 10.36142977110159, "delay": 113.22236324800124, "delay_noise": 0.0, "loss": 0.020179643176721485, "queue": 2.55978273878212}, "datetime": {"datetime": "2022-02-01 05:18:04", "elapsed": 17.997426, "delta": 9.552058}}
{"target": 411.23711803751365, "params": {"T_s": 4.590188849244345, "bandwidth_lower_bound": 0.1, "bandwidth_upper_bound": 10.982888670456317, "delay": 194.1446569582735, "delay_noise": 0.0, "loss": 0.030625757710764274, "queue": 1.9982313474238242}, "datetime": {"datetime": "2022-02-01 05:18:13", "elapsed": 27.189391, "delta": 9.191965}}
{"target": 259.3538824677287, "params": {"T_s": 9.219714507631263, "bandwidth_lower_bound": 0.1, "bandwidth_upper_bound": 2.871412633902128, "delay": 161.82942127890584, "delay_noise": 0.0, "loss": 0.0009501997749514354, "queue": 2.321834539592432}, "datetime": {"datetime": "2022-02-01 05:18:22", "elapsed": 35.607489, "delta": 8.418098}}
{"target": 292.1520011894504, "params": {"T_s": 7.495153291557592, "bandwidth_lower_bound": 0.1, "bandwidth_upper_bound": 7.229201433989462, "delay": 172.59960745192254, "delay_noise": 0.0, "loss": 0.0003074884331489297, "queue": 1.9482501740476792}, "datetime": {"datetime": "2022-02-01 05:18:32", "elapsed": 46.012486, "delta": 10.404997}}
{"target": 274.2650104755354, "params": {"T_s": 2.1455505882585273, "bandwidth_lower_bound": 0.1, "bandwidth_upper_bound": 1.7802858183373003, "delay": 112.26283044628808, "delay_noise": 0.0, "loss": 0.0003264918858863082, "queue": 2.2629040582722326}, "datetime": {"datetime": "2022-02-01 05:18:42", "elapsed": 55.468494, "delta": 9.456008}}
{"target": 135.25139522637326, "params": {"T_s": 14.931760115493736, "bandwidth_lower_bound": 0.1, "bandwidth_upper_bound": 0.10140743966373494, "delay": 194.32367525939935, "delay_noise": 0.0, "loss": 0.0038676585274205013, "queue": 0.4730690719341936}, "datetime": {"datetime": "2022-02-01 05:18:52", "elapsed": 65.230414, "delta": 9.76192}}
{"target": 118.44493713518676, "params": {"T_s": 8.60143558377602, "bandwidth_lower_bound": 0.1, "bandwidth_upper_bound": 4.815852223453564, "delay": 71.45096722264744, "delay_noise": 0.0, "loss": 0.017932880682266783, "queue": 0.5194703816421223}, "datetime": {"datetime": "2022-02-01 05:19:04", "elapsed": 77.625237, "delta": 12.394823}}
{"target": 295.32138167070156, "params": {"T_s": 0.47158208165452464, "bandwidth_lower_bound": 0.1, "bandwidth_upper_bound": 0.7349036816639841, "delay": 89.5059358352349, "delay_noise": 0.0, "loss": 0.0016141183929267676, "queue": 2.034800928736467}, "datetime": {"datetime": "2022-02-01 05:19:14", "elapsed": 88.144358, "delta": 10.519121}}
{"target": 68.47523876094053, "params": {"T_s": 14.88336101768418, "bandwidth_lower_bound": 0.1, "bandwidth_upper_bound": 1.788254559739765, "delay": 98.96455034986704, "delay_noise": 0.0, "loss": 0.0002516626195033519, "queue": 1.9709246600373511}, "datetime": {"datetime": "2022-02-01 05:19:25", "elapsed": 98.329034, "delta": 10.184676}}
{"target": 259.8811973180641, "params": {"T_s": 0.019391250133352633, "bandwidth_lower_bound": 0.1, "bandwidth_upper_bound": 1.0604679349148831, "delay": 183.91014421046378, "delay_noise": 0.0, "loss": 0.027753241169546247, "queue": 2.2114146327182933}, "datetime": {"datetime": "2022-02-01 05:19:33", "elapsed": 106.246764, "delta": 7.91773}}
{"target": 166.18344462332226, "params": {"T_s": 7.277031460403744, "bandwidth_lower_bound": 0.1, "bandwidth_upper_bound": 1.985966057260802, "delay": 127.66531276440533, "delay_noise": 0.0, "loss": 0.0008387002557155579, "queue": 0.5200016922030065}, "datetime": {"datetime": "2022-02-01 05:19:42", "elapsed": 116.155019, "delta": 9.908255}}
{"target": 312.949012970292, "params": {"T_s": 0.02309454582964443, "bandwidth_lower_bound": 0.1, "bandwidth_upper_bound": 16.423949786328325, "delay": 148.04964627701074, "delay_noise": 0.0, "loss": 0.0058670116059704215, "queue": 1.1788300321069785}, "datetime": {"datetime": "2022-02-01 05:19:54", "elapsed": 127.723312, "delta": 11.568293}}
{"target": 279.7671876648122, "params": {"T_s": 14.057700077011035, "bandwidth_lower_bound": 0.1, "bandwidth_upper_bound": 73.02839332172027, "delay": 146.74383354220484, "delay_noise": 0.0, "loss": 0.0054767086913780245, "queue": 2.3080576040198597}, "datetime": {"datetime": "2022-02-01 05:20:14", "elapsed": 147.765635, "delta": 20.042323}}
