{"target": 109.27287041672656, "params": {"T_s": 7.759468257698839, "bandwidth_lower_bound": 0.1, "bandwidth_upper_bound": 19.786969219723527, "delay": 57.91437710548831, "delay_noise": 0.0, "loss": 0.0034544149786975725, "queue": 0.6679897686801575}, "datetime": {"datetime": "2022-02-01 05:08:04", "elapsed": 0.0, "delta": 0.0}}
{"target": 288.01848701017036, "params": {"T_s": 5.88663699697546, "bandwidth_lower_bound": 0.1, "bandwidth_upper_bound": 1.7210373067083649, "delay": 2.4880464777754616, "delay_noise": 0.0, "loss": 0.01877030189620289, "queue": 1.0411471302261466}, "datetime": {"datetime": "2022-02-01 05:08:13", "elapsed": 9.179833, "delta": 9.179833}}
{"target": 54.858856112927015, "params": {"T_s": 8.843727978220718, "bandwidth_lower_bound": 0.1, "bandwidth_upper_bound": 34.29900064503482, "delay": 14.88493693332431, "delay_noise": 0.0, "loss": 0.00011616782749951796, "queue": 2.5029057494896123}, "datetime": {"datetime": "2022-02-01 05:08:27", "elapsed": 23.796686, "delta": 14.616853}}
{"target": 142.99620140391085, "params": {"T_s": 9.392745569403692, "bandwidth_lower_bound": 0.1, "bandwidth_upper_bound": 0.10036595781098502, "delay": 188.54891410538892, "delay_noise": 0.0, "loss": 0.000362668236040375, "queue": 1.1701704324159237}, "datetime": {"datetime": "2022-02-01 05:08:34", "elapsed": 30.377088, "delta": 6.580402}}
{"target": 204.40742128049322, "params": {"T_s": 13.046776265957723, "bandwidth_lower_bound": 0.1, "bandwidth_upper_bound": 30.6375796253275, "delay": 144.13466396875558, "delay_noise": 0.0, "loss": 0.0016071594342575188, "queue": 0.5633176335745038}, "datetime": {"datetime": "2022-02-01 05:08:45", "elapsed": 41.770016, "delta": 11.392928}}
{"target": 198.93644049094306, "params": {"T_s": 1.1630113759076577, "bandwidth_lower_bound": 0.1, "bandwidth_upper_bound": 2.4726169630747545, "delay": 34.07847084254429, "delay_noise": 0.0, "loss": 0.0015025969850298079, "queue": 2.366116873412056}, "datetime": {"datetime": "2022-02-01 05:08:53", "elapsed": 49.44477, "delta": 7.674754}}
{"target": 245.98399423812162, "params": {"T_s": 9.83768187010355, "bandwidth_lower_bound": 0.1, "bandwidth_upper_bound": 0.34256406201861, "delay": 49.6355391811666, "delay_noise": 0.0, "loss": 0.0002934843156995229, "queue": 1.552554519240236}, "datetime": {"datetime": "2022-02-01 05:09:00", "elapsed": 56.318607, "delta": 6.873837}}
{"target": 172.9770096781734, "params": {"T_s": 14.336097616322789, "bandwidth_lower_bound": 0.1, "bandwidth_upper_bound": 3.290621765153861, "delay": 164.49889406225714, "delay_noise": 0.0, "loss": 0, "queue": 0.4213553619338052}, "datetime": {"datetime": "2022-02-01 05:09:07", "elapsed": 63.392814, "delta": 7.074207}}
{"target": 243.80951877732585, "params": {"T_s": 6.986443897185997, "bandwidth_lower_bound": 0.1, "bandwidth_upper_bound": 0.27701875692609795, "delay": 47.78775845148445, "delay_noise": 0.0, "loss": 0, "queue": 2.765941621784351}, "datetime": {"datetime": "2022-02-01 05:09:14", "elapsed": 70.37336, "delta": 6.980546}}
{"target": 202.08712379135164, "params": {"T_s": 3.521963263669456, "bandwidth_lower_bound": 0.1, "bandwidth_upper_bound": 71.57531697669441, "delay": 52.5159023050225, "delay_noise": 0.0, "loss": 0.039572962348884716, "queue": 0.8702387948525883}, "datetime": {"datetime": "2022-02-01 05:09:31", "elapsed": 87.788659, "delta": 17.415299}}
{"target": 505.0725333015294, "params": {"T_s": 14.885620681824978, "bandwidth_lower_bound": 0.1, "bandwidth_upper_bound": 0.5525663805201901, "delay": 2.024056570858133, "delay_noise": 0.0, "loss": 0.00010375564751302153, "queue": 1.9534649418866215}, "datetime": {"datetime": "2022-02-01 05:09:39", "elapsed": 95.432704, "delta": 7.644045}}
{"target": 234.6661382256685, "params": {"T_s": 0.08897268290292748, "bandwidth_lower_bound": 0.1, "bandwidth_upper_bound": 3.020469669200372, "delay": 105.47226405490183, "delay_noise": 0.0, "loss": 0, "queue": 1.3957820135217}, "datetime": {"datetime": "2022-02-01 05:09:46", "elapsed": 102.661243, "delta": 7.228539}}
{"target": 85.61733785938924, "params": {"T_s": 14.702863696621375, "bandwidth_lower_bound": 0.1, "bandwidth_upper_bound": 0.5094167240578859, "delay": 91.22870616732243, "delay_noise": 0.0, "loss": 0, "queue": 2.503131833273644}, "datetime": {"datetime": "2022-02-01 05:09:53", "elapsed": 109.794513, "delta": 7.13327}}
{"target": 267.2770556455832, "params": {"T_s": 0.21574130909146172, "bandwidth_lower_bound": 0.1, "bandwidth_upper_bound": 0.264759071042131, "delay": 125.02141697158622, "delay_noise": 0.0, "loss": 0, "queue": 0.24961028053121367}, "datetime": {"datetime": "2022-02-01 05:10:00", "elapsed": 116.504429, "delta": 6.709916}}
{"target": 253.89529664109347, "params": {"T_s": 14.979063716820223, "bandwidth_lower_bound": 0.1, "bandwidth_upper_bound": 9.987420618243425, "delay": 118.00830174555601, "delay_noise": 0.0, "loss": 0.00025133271246427383, "queue": 2.9155320810522456}, "datetime": {"datetime": "2022-02-01 05:10:08", "elapsed": 124.40833, "delta": 7.903901}}
