{"target": 352.38067388108897, "params": {"T_s": 3.1269080603826396, "bandwidth_lower_bound": 0.1, "bandwidth_upper_bound": 1.826476572015401, "delay": 172.11803570722614, "delay_noise": 0.0, "loss": 0.0001792573848219602, "queue": 0.9574919332339273}, "datetime": {"datetime": "2022-02-01 04:50:52", "elapsed": 0.0, "delta": 0.0}}
{"target": 20.92258721161869, "params": {"T_s": 10.365620256743941, "bandwidth_lower_bound": 0.1, "bandwidth_upper_bound": 27.280527372678932, "delay": 4.0843211145894704, "delay_noise": 0.0, "loss": 0.010233387776671916, "queue": 2.28628082896474}, "datetime": {"datetime": "2022-02-01 04:51:14", "elapsed": 22.2048, "delta": 22.2048}}
{"target": 555.7007773528707, "params": {"T_s": 2.83667032890843, "bandwidth_lower_bound": 0.1, "bandwidth_upper_bound": 20.70768806828393, "delay": 191.6507692824685, "delay_noise": 0.0, "loss": 0.00012611273020831352, "queue": 2.350379677475655}, "datetime": {"datetime": "2022-02-01 04:51:24", "elapsed": 32.592218, "delta": 10.387418}}
{"target": 96.71598003824033, "params": {"T_s": 10.323274873389213, "bandwidth_lower_bound": 0.1, "bandwidth_upper_bound": 7.008377316104574, "delay": 86.65593748917945, "delay_noise": 0.0, "loss": 0.003972727094310957, "queue": 0.5133064812742947}, "datetime": {"datetime": "2022-02-01 04:51:33", "elapsed": 40.760657, "delta": 8.168439}}
{"target": 247.5624580707848, "params": {"T_s": 13.849048887666756, "bandwidth_lower_bound": 0.1, "bandwidth_upper_bound": 10.770412094352261, "delay": 159.44262554061527, "delay_noise": 0.0, "loss": 0, "queue": 2.6497976867776076}, "datetime": {"datetime": "2022-02-01 04:51:41", "elapsed": 49.658379, "delta": 8.897722}}
{"target": 93.47314998401933, "params": {"T_s": 11.173981160529268, "bandwidth_lower_bound": 0.1, "bandwidth_upper_bound": 0.24266196244485572, "delay": 97.88827921371553, "delay_noise": 0.0, "loss": 0.00014170516719211654, "queue": 0.32785231927661346}, "datetime": {"datetime": "2022-02-01 04:51:49", "elapsed": 56.83188, "delta": 7.173501}}
{"target": 112.04990109272177, "params": {"T_s": 6.565209901231494, "bandwidth_lower_bound": 0.1, "bandwidth_upper_bound": 0.13665651327789938, "delay": 137.5960862960913, "delay_noise": 0.0, "loss": 0, "queue": 0.5613792201931413}, "datetime": {"datetime": "2022-02-01 04:51:56", "elapsed": 63.952411, "delta": 7.120531}}
{"target": 321.1829827557463, "params": {"T_s": 7.095900031134847, "bandwidth_lower_bound": 0.1, "bandwidth_upper_bound": 22.124234167302387, "delay": 122.26794490211435, "delay_noise": 0.0, "loss": 0.0429122716538041, "queue": 2.1850751586571695}, "datetime": {"datetime": "2022-02-01 04:52:06", "elapsed": 73.881665, "delta": 9.929254}}
{"target": 107.76045884289732, "params": {"T_s": 3.2809562313299034, "bandwidth_lower_bound": 0.1, "bandwidth_upper_bound": 4.133295158046036, "delay": 64.05731606979316, "delay_noise": 0.0, "loss": 0, "queue": 1.079407283570518}, "datetime": {"datetime": "2022-02-01 04:52:15", "elapsed": 82.741006, "delta": 8.859341}}
{"target": 429.5819766151718, "params": {"T_s": 3.287060427965038, "bandwidth_lower_bound": 0.1, "bandwidth_upper_bound": 30.592931539043843, "delay": 149.4237636645968, "delay_noise": 0.0, "loss": 0.014978460498679586, "queue": 0.2154347533300538}, "datetime": {"datetime": "2022-02-01 04:52:25", "elapsed": 93.413629, "delta": 10.672623}}
{"target": 464.97906399626106, "params": {"T_s": 3.0122024104011946, "bandwidth_lower_bound": 0.1, "bandwidth_upper_bound": 39.18610018513552, "delay": 192.4773341387907, "delay_noise": 0.0, "loss": 0.012915471266438694, "queue": 2.162148307878846}, "datetime": {"datetime": "2022-02-01 04:52:38", "elapsed": 106.470619, "delta": 13.05699}}
{"target": 217.6406583065659, "params": {"T_s": 13.139514346367344, "bandwidth_lower_bound": 0.1, "bandwidth_upper_bound": 3.7335899117079534, "delay": 184.41302095064552, "delay_noise": 0.0, "loss": 0, "queue": 0.3279715818015814}, "datetime": {"datetime": "2022-02-01 04:52:47", "elapsed": 114.809185, "delta": 8.338566}}
{"target": 103.49062142710474, "params": {"T_s": 10.89792704798344, "bandwidth_lower_bound": 0.1, "bandwidth_upper_bound": 0.1809090992343837, "delay": 199.24548843853134, "delay_noise": 0.0, "loss": 0, "queue": 2.3350435438445496}, "datetime": {"datetime": "2022-02-01 04:52:54", "elapsed": 122.217966, "delta": 7.408781}}
{"target": 164.6337647785317, "params": {"T_s": 0.4100695075935473, "bandwidth_lower_bound": 0.1, "bandwidth_upper_bound": 0.19141791080363507, "delay": 183.27626974702923, "delay_noise": 0.0, "loss": 0.0018042155370538828, "queue": 2.611814832852328}, "datetime": {"datetime": "2022-02-01 04:53:01", "elapsed": 128.970226, "delta": 6.75226}}
{"target": 452.51581438636583, "params": {"T_s": 1.2083488088135415, "bandwidth_lower_bound": 0.1, "bandwidth_upper_bound": 2.1198642506787837, "delay": 157.9425558847514, "delay_noise": 0.0, "loss": 0, "queue": 0.2658368758821532}, "datetime": {"datetime": "2022-02-01 04:53:09", "elapsed": 137.05754, "delta": 8.087314}}
