{"target": 243.77415646315578, "params": {"T_s": 2.312442635695086, "bandwidth_lower_bound": 0.1, "bandwidth_upper_bound": 0.6165169845402052, "delay": 107.68039988929895, "delay_noise": 0.0, "loss": 0.025032107655274707, "queue": 2.722001591527634}, "datetime": {"datetime": "2022-02-01 02:30:32", "elapsed": 0.0, "delta": 0.0}}
{"target": 304.27747953834336, "params": {"T_s": 0.5013214143951689, "bandwidth_lower_bound": 0.1, "bandwidth_upper_bound": 0.2580049059139254, "delay": 58.19801388567328, "delay_noise": 0.0, "loss": 0.031098716247325523, "queue": 2.587659515105998}, "datetime": {"datetime": "2022-02-01 02:30:39", "elapsed": 7.377163, "delta": 7.377163}}
{"target": 263.4678902967504, "params": {"T_s": 0.033888502777703056, "bandwidth_lower_bound": 0.1, "bandwidth_upper_bound": 4.530153310891031, "delay": 98.10472790521652, "delay_noise": 0.0, "loss": 0, "queue": 2.3407692609488606}, "datetime": {"datetime": "2022-02-01 02:30:47", "elapsed": 15.280225, "delta": 7.903062}}
{"target": 219.68522987635873, "params": {"T_s": 0.3121469692809925, "bandwidth_lower_bound": 0.1, "bandwidth_upper_bound": 0.22326418039536883, "delay": 63.35972172902579, "delay_noise": 0.0, "loss": 0.000553484854388903, "queue": 2.4852712345288754}, "datetime": {"datetime": "2022-02-01 02:30:56", "elapsed": 23.680761, "delta": 8.400536}}
{"target": 263.33440839953084, "params": {"T_s": 4.343801752958304, "bandwidth_lower_bound": 0.1, "bandwidth_upper_bound": 12.81938131094414, "delay": 66.85875630015776, "delay_noise": 0.0, "loss": 0.04148512866020409, "queue": 1.9488299128589865}, "datetime": {"datetime": "2022-02-01 02:31:04", "elapsed": 31.769277, "delta": 8.088516}}
{"target": 193.76367795487587, "params": {"T_s": 14.25470287049288, "bandwidth_lower_bound": 0.1, "bandwidth_upper_bound": 29.855734475187234, "delay": 82.51477975771901, "delay_noise": 0.0, "loss": 0.0003033605949114307, "queue": 2.986386848947964}, "datetime": {"datetime": "2022-02-01 02:31:16", "elapsed": 44.241977, "delta": 12.4727}}
{"target": 266.92578597130415, "params": {"T_s": 2.6634626390683396, "bandwidth_lower_bound": 0.1, "bandwidth_upper_bound": 1.8103010811173157, "delay": 85.96238441709775, "delay_noise": 0.0, "loss": 0.00024122547783863362, "queue": 1.5034226804830306}, "datetime": {"datetime": "2022-02-01 02:31:23", "elapsed": 51.116199, "delta": 6.874222}}
{"target": 445.356317073112, "params": {"T_s": 0.5275239220620714, "bandwidth_lower_bound": 0.1, "bandwidth_upper_bound": 15.760213425413244, "delay": 127.96759877890777, "delay_noise": 0.0, "loss": 0.00012892766501897541, "queue": 0.8183870583208794}, "datetime": {"datetime": "2022-02-01 02:31:31", "elapsed": 58.484767, "delta": 7.368568}}
{"target": 265.3766640790242, "params": {"T_s": 0.825299900103002, "bandwidth_lower_bound": 0.1, "bandwidth_upper_bound": 1.7746347111102936, "delay": 11.547312465462937, "delay_noise": 0.0, "loss": 0.009381100194014448, "queue": 0.5180848147114876}, "datetime": {"datetime": "2022-02-01 02:31:39", "elapsed": 66.903298, "delta": 8.418531}}
{"target": 373.6157679553795, "params": {"T_s": 4.156758216377943, "bandwidth_lower_bound": 0.1, "bandwidth_upper_bound": 3.0075434915305452, "delay": 102.29810298228277, "delay_noise": 0.0, "loss": 0.020403538915597506, "queue": 1.8961775407796377}, "datetime": {"datetime": "2022-02-01 02:31:45", "elapsed": 72.67405, "delta": 5.770752}}
{"target": 131.15769172362414, "params": {"T_s": 13.781205121498274, "bandwidth_lower_bound": 0.1, "bandwidth_upper_bound": 0.1259691743626845, "delay": 191.47596858247312, "delay_noise": 0.0, "loss": 0.00011217529350302748, "queue": 1.8970329162047208}, "datetime": {"datetime": "2022-02-01 02:31:51", "elapsed": 78.651912, "delta": 5.977862}}
{"target": 167.28405944384946, "params": {"T_s": 4.796498511931306, "bandwidth_lower_bound": 0.1, "bandwidth_upper_bound": 1.513260135588694, "delay": 84.57650782688499, "delay_noise": 0.0, "loss": 0.00011022710535550973, "queue": 1.671293333023346}, "datetime": {"datetime": "2022-02-01 02:31:58", "elapsed": 85.587027, "delta": 6.935115}}
{"target": 396.0366139774093, "params": {"T_s": 3.3594836113613087, "bandwidth_lower_bound": 0.1, "bandwidth_upper_bound": 3.829378068963798, "delay": 186.4276061771032, "delay_noise": 0.0, "loss": 0.0060114485135223635, "queue": 0.6829335796696228}, "datetime": {"datetime": "2022-02-01 02:32:05", "elapsed": 92.499418, "delta": 6.912391}}
{"target": 377.25034081453003, "params": {"T_s": 0.31794097183370174, "bandwidth_lower_bound": 0.1, "bandwidth_upper_bound": 3.315391548727438, "delay": 126.33350754723325, "delay_noise": 0.0, "loss": 0.007815478064876919, "queue": 1.7550659383681924}, "datetime": {"datetime": "2022-02-01 02:32:13", "elapsed": 100.459996, "delta": 7.960578}}
{"target": 116.49870777907473, "params": {"T_s": 6.043731973158534, "bandwidth_lower_bound": 0.1, "bandwidth_upper_bound": 0.1513478600429753, "delay": 129.66205933782132, "delay_noise": 0.0, "loss": 0, "queue": 2.1211792059041836}, "datetime": {"datetime": "2022-02-01 02:32:20", "elapsed": 108.10307, "delta": 7.643074}}
