{"target": 604.4477292174855, "params": {"T_s": 11.665536158607303, "bandwidth_lower_bound": 0.1, "bandwidth_upper_bound": 29.70541321550833, "delay": 193.21834121251396, "delay_noise": 0.0, "loss": 0.0004757015284708271, "queue": 1.905318895731578}, "datetime": {"datetime": "2022-02-01 02:39:57", "elapsed": 0.0, "delta": 0.0}}
{"target": 40.7963185909818, "params": {"T_s": 11.6328977190727, "bandwidth_lower_bound": 0.1, "bandwidth_upper_bound": 14.657324017493965, "delay": 8.937231772084589, "delay_noise": 0.0, "loss": 0, "queue": 2.599770639244157}, "datetime": {"datetime": "2022-02-01 02:40:12", "elapsed": 14.279583, "delta": 14.279583}}
{"target": 127.97356114334991, "params": {"T_s": 5.592810418122112, "bandwidth_lower_bound": 0.1, "bandwidth_upper_bound": 0.5872727477498225, "delay": 70.82108060019341, "delay_noise": 0.0, "loss": 0.00021159092401678808, "queue": 2.857463708698989}, "datetime": {"datetime": "2022-02-01 02:40:18", "elapsed": 20.759501, "delta": 6.479918}}
{"target": 66.71992800614453, "params": {"T_s": 3.268485136975334, "bandwidth_lower_bound": 0.1, "bandwidth_upper_bound": 56.66529551558119, "delay": 8.316925955099157, "delay_noise": 0.0, "loss": 0.002136846256581369, "queue": 2.646677641182708}, "datetime": {"datetime": "2022-02-01 02:40:41", "elapsed": 43.481825, "delta": 22.722324}}
{"target": 276.3054122262897, "params": {"T_s": 0.13073598455677293, "bandwidth_lower_bound": 0.1, "bandwidth_upper_bound": 27.448809492355785, "delay": 16.992054342108812, "delay_noise": 0.0, "loss": 0.000765226201570777, "queue": 1.5436734961898726}, "datetime": {"datetime": "2022-02-01 02:40:53", "elapsed": 55.469435, "delta": 11.98761}}
{"target": 127.3440812131249, "params": {"T_s": 14.333612173965994, "bandwidth_lower_bound": 0.1, "bandwidth_upper_bound": 0.5507266629471409, "delay": 143.02207022649353, "delay_noise": 0.0, "loss": 0.00010583401465885948, "queue": 2.1472472671497287}, "datetime": {"datetime": "2022-02-01 02:41:00", "elapsed": 62.477382, "delta": 7.007947}}
{"target": 66.8680238444706, "params": {"T_s": 13.77827622218923, "bandwidth_lower_bound": 0.1, "bandwidth_upper_bound": 2.3673226417073954, "delay": 52.09255119865828, "delay_noise": 0.0, "loss": 0.0017227549160499411, "queue": 2.3626605271055623}, "datetime": {"datetime": "2022-02-01 02:41:08", "elapsed": 70.327898, "delta": 7.850516}}
{"target": 220.324987496706, "params": {"T_s": 1.0187624519162175, "bandwidth_lower_bound": 0.1, "bandwidth_upper_bound": 4.4134711515564025, "delay": 29.321238446134938, "delay_noise": 0.0, "loss": 0, "queue": 0.6250026552365233}, "datetime": {"datetime": "2022-02-01 02:41:16", "elapsed": 79.051728, "delta": 8.72383}}
{"target": 111.64954550784756, "params": {"T_s": 13.889917192353268, "bandwidth_lower_bound": 0.1, "bandwidth_upper_bound": 0.5163887422036354, "delay": 114.63928000619896, "delay_noise": 0.0, "loss": 0, "queue": 2.5511838291649984}, "datetime": {"datetime": "2022-02-01 02:41:23", "elapsed": 85.815264, "delta": 6.763536}}
{"target": 184.88440512927798, "params": {"T_s": 6.079792390471971, "bandwidth_lower_bound": 0.1, "bandwidth_upper_bound": 0.3739040557611985, "delay": 99.14674713890184, "delay_noise": 0.0, "loss": 0.04398892544923429, "queue": 2.6494022048581245}, "datetime": {"datetime": "2022-02-01 02:41:30", "elapsed": 92.40931, "delta": 6.594046}}
{"target": 478.6971854646329, "params": {"T_s": 10.146446574353252, "bandwidth_lower_bound": 0.1, "bandwidth_upper_bound": 7.735165067793658, "delay": 192.91719991746552, "delay_noise": 0.0, "loss": 0.0032241581371177117, "queue": 0.9989636820925691}, "datetime": {"datetime": "2022-02-01 02:41:38", "elapsed": 100.765769, "delta": 8.356459}}
{"target": 452.02348951674173, "params": {"T_s": 14.214326848701866, "bandwidth_lower_bound": 0.1, "bandwidth_upper_bound": 14.412071641496558, "delay": 185.43322893601564, "delay_noise": 0.0, "loss": 0, "queue": 2.9120003673816055}, "datetime": {"datetime": "2022-02-01 02:41:47", "elapsed": 109.831172, "delta": 9.065403}}
{"target": 335.2084883647001, "params": {"T_s": 0.5922146888414759, "bandwidth_lower_bound": 0.1, "bandwidth_upper_bound": 0.915801404877781, "delay": 176.89935605140874, "delay_noise": 0.0, "loss": 0, "queue": 2.2796276847805816}, "datetime": {"datetime": "2022-02-01 02:41:55", "elapsed": 118.020236, "delta": 8.189064}}
{"target": 240.45904709495068, "params": {"T_s": 14.484750879274259, "bandwidth_lower_bound": 0.1, "bandwidth_upper_bound": 3.1585253568155816, "delay": 169.12693468007143, "delay_noise": 0.0, "loss": 0.04780531616725834, "queue": 0.36899415300044835}, "datetime": {"datetime": "2022-02-01 02:42:04", "elapsed": 126.123161, "delta": 8.102925}}
{"target": 256.57228077833395, "params": {"T_s": 0.044010953249435936, "bandwidth_lower_bound": 0.1, "bandwidth_upper_bound": 2.7158261337148644, "delay": 159.89228685244882, "delay_noise": 0.0, "loss": 0, "queue": 2.586586276175329}, "datetime": {"datetime": "2022-02-01 02:42:11", "elapsed": 133.62918, "delta": 7.506019}}
