{"target": 122.82523651284762, "params": {"T_s": 12.73226545902868, "bandwidth_lower_bound": 0.1, "bandwidth_upper_bound": 0.14557595335524995, "delay": 73.58461232546814, "delay_noise": 0.0, "loss": 0.0009130634637161483, "queue": 1.0565729640605648}, "datetime": {"datetime": "2022-02-01 03:08:27", "elapsed": 0.0, "delta": 0.0}}
{"target": 263.4270252117593, "params": {"T_s": 4.567115387312147, "bandwidth_lower_bound": 0.1, "bandwidth_upper_bound": 0.5619491797596131, "delay": 183.69071977163938, "delay_noise": 0.0, "loss": 0.004519450963993883, "queue": 2.6240020957324313}, "datetime": {"datetime": "2022-02-01 03:08:33", "elapsed": 5.953634, "delta": 5.953634}}
{"target": 198.07849690242745, "params": {"T_s": 12.106192233680636, "bandwidth_lower_bound": 0.1, "bandwidth_upper_bound": 0.3174893007705045, "delay": 11.247865553050195, "delay_noise": 0.0, "loss": 0, "queue": 2.9959215276360815}, "datetime": {"datetime": "2022-02-01 03:08:39", "elapsed": 12.115493, "delta": 6.161859}}
{"target": 140.9818026810979, "params": {"T_s": 5.591804674918323, "bandwidth_lower_bound": 0.1, "bandwidth_upper_bound": 2.632833092573324, "delay": 102.92363055189563, "delay_noise": 0.0, "loss": 0, "queue": 1.5022608501415393}, "datetime": {"datetime": "2022-02-01 03:08:45", "elapsed": 18.499787, "delta": 6.384294}}
{"target": 247.22455508869302, "params": {"T_s": 2.123328898512021, "bandwidth_lower_bound": 0.1, "bandwidth_upper_bound": 0.7888527965829395, "delay": 108.47355344492954, "delay_noise": 0.0, "loss": 0.0002226757619476077, "queue": 1.9444521341367689}, "datetime": {"datetime": "2022-02-01 03:08:51", "elapsed": 24.278953, "delta": 5.779166}}
{"target": 89.64803741165207, "params": {"T_s": 9.64087327867817, "bandwidth_lower_bound": 0.1, "bandwidth_upper_bound": 1.6207920657771124, "delay": 79.30322456711505, "delay_noise": 0.0, "loss": 0, "queue": 0.3591273639538345}, "datetime": {"datetime": "2022-02-01 03:08:57", "elapsed": 30.353387, "delta": 6.074434}}
{"target": 129.83371835887073, "params": {"T_s": 1.1749636294963333, "bandwidth_lower_bound": 0.1, "bandwidth_upper_bound": 0.12231420100613058, "delay": 100.89949910635863, "delay_noise": 0.0, "loss": 0, "queue": 1.9905703992788617}, "datetime": {"datetime": "2022-02-01 03:09:03", "elapsed": 36.142256, "delta": 5.788869}}
{"target": 88.04857149665861, "params": {"T_s": 6.689972212794188, "bandwidth_lower_bound": 0.1, "bandwidth_upper_bound": 0.975658420496262, "delay": 40.69411499621105, "delay_noise": 0.0, "loss": 0.00019894573565224074, "queue": 2.358901117349951}, "datetime": {"datetime": "2022-02-01 03:09:09", "elapsed": 42.502762, "delta": 6.360506}}
{"target": 124.50400978946669, "params": {"T_s": 11.876992520542121, "bandwidth_lower_bound": 0.1, "bandwidth_upper_bound": 0.6404495189372789, "delay": 6.733075566794286, "delay_noise": 0.0, "loss": 0, "queue": 2.2370631360181545}, "datetime": {"datetime": "2022-02-01 03:09:17", "elapsed": 50.072309, "delta": 7.569547}}
{"target": 227.32852398121668, "params": {"T_s": 6.891666380035736, "bandwidth_lower_bound": 0.1, "bandwidth_upper_bound": 11.316369739492284, "delay": 86.20747846788547, "delay_noise": 0.0, "loss": 0.011154874582514537, "queue": 1.4652395376397642}, "datetime": {"datetime": "2022-02-01 03:09:24", "elapsed": 57.13405, "delta": 7.061741}}
{"target": 138.60064534931746, "params": {"T_s": 7.95000337343138, "bandwidth_lower_bound": 0.1, "bandwidth_upper_bound": 0.8192625019904031, "delay": 24.12477268276775, "delay_noise": 0.0, "loss": 0.024795059998859243, "queue": 0.9396111891094461}, "datetime": {"datetime": "2022-02-01 03:09:30", "elapsed": 63.690669, "delta": 6.556619}}
{"target": 128.22476647666502, "params": {"T_s": 5.665861609948044, "bandwidth_lower_bound": 0.1, "bandwidth_upper_bound": 0.23619423188226196, "delay": 56.48270246281676, "delay_noise": 0.0, "loss": 0, "queue": 2.7774334435304904}, "datetime": {"datetime": "2022-02-01 03:09:36", "elapsed": 69.729688, "delta": 6.039019}}
{"target": 145.02267919586058, "params": {"T_s": 8.351888162729272, "bandwidth_lower_bound": 0.1, "bandwidth_upper_bound": 2.2064436145831032, "delay": 2.213902678157848, "delay_noise": 0.0, "loss": 0, "queue": 2.437965607526892}, "datetime": {"datetime": "2022-02-01 03:09:46", "elapsed": 78.881762, "delta": 9.152074}}
{"target": 123.46192846657647, "params": {"T_s": 12.43054804605939, "bandwidth_lower_bound": 0.1, "bandwidth_upper_bound": 0.8024089581555864, "delay": 139.46704124589357, "delay_noise": 0.0, "loss": 0.014569706500391069, "queue": 2.2004720723837154}, "datetime": {"datetime": "2022-02-01 03:09:52", "elapsed": 84.836427, "delta": 5.954665}}
{"target": 220.1250777518676, "params": {"T_s": 2.2738869497790364, "bandwidth_lower_bound": 0.1, "bandwidth_upper_bound": 0.5012149260690669, "delay": 107.69492138969026, "delay_noise": 0.0, "loss": 0, "queue": 1.7014063781606952}, "datetime": {"datetime": "2022-02-01 03:09:57", "elapsed": 90.709103, "delta": 5.872676}}
