{"target": 56.96155287239429, "params": {"T_s": 3.3493661873030827, "bandwidth_lower_bound": 0.1, "bandwidth_upper_bound": 4.488532454814247, "delay": 11.029186126295652, "delay_noise": 0.0, "loss": 0, "queue": 2.1284332530997983}, "datetime": {"datetime": "2022-02-01 03:17:05", "elapsed": 0.0, "delta": 0.0}}
{"target": 424.7793158889588, "params": {"T_s": 2.455971375013488, "bandwidth_lower_bound": 0.1, "bandwidth_upper_bound": 66.53230668131556, "delay": 113.60891328649541, "delay_noise": 0.0, "loss": 0.00471073133527679, "queue": 0.643666085864866}, "datetime": {"datetime": "2022-02-01 03:17:19", "elapsed": 14.454163, "delta": 14.454163}}
{"target": 210.90689176568657, "params": {"T_s": 3.754219601160351, "bandwidth_lower_bound": 0.1, "bandwidth_upper_bound": 12.297933565702303, "delay": 93.92428943195004, "delay_noise": 0.0, "loss": 0.00044960977794529234, "queue": 0.5384605043090793}, "datetime": {"datetime": "2022-02-01 03:17:30", "elapsed": 25.503028, "delta": 11.048865}}
{"target": 65.93648858612784, "params": {"T_s": 13.765305116170875, "bandwidth_lower_bound": 0.1, "bandwidth_upper_bound": 2.606501308144722, "delay": 64.28415208014789, "delay_noise": 0.0, "loss": 0.006072066619327537, "queue": 1.7211533228396902}, "datetime": {"datetime": "2022-02-01 03:17:40", "elapsed": 35.32747, "delta": 9.824442}}
{"target": 125.85157598314046, "params": {"T_s": 11.50785638572051, "bandwidth_lower_bound": 0.1, "bandwidth_upper_bound": 0.16468882769668913, "delay": 132.62373521275381, "delay_noise": 0.0, "loss": 0.0034193566176646834, "queue": 1.4413826936371414}, "datetime": {"datetime": "2022-02-01 03:17:47", "elapsed": 42.762386, "delta": 7.434916}}
{"target": 112.72303457040573, "params": {"T_s": 7.0199422106994165, "bandwidth_lower_bound": 0.1, "bandwidth_upper_bound": 11.746267740414648, "delay": 54.13923792022163, "delay_noise": 0.0, "loss": 0.007129548203475093, "queue": 2.485198513608778}, "datetime": {"datetime": "2022-02-01 03:17:58", "elapsed": 53.61975, "delta": 10.857364}}
{"target": 161.95842379024035, "params": {"T_s": 2.094624056224437, "bandwidth_lower_bound": 0.1, "bandwidth_upper_bound": 1.05201714123529, "delay": 47.978666518875166, "delay_noise": 0.0, "loss": 0.00010098568271603949, "queue": 2.9351877392299404}, "datetime": {"datetime": "2022-02-01 03:18:06", "elapsed": 61.099918, "delta": 7.480168}}
{"target": 170.5566768434218, "params": {"T_s": 3.231434674220423, "bandwidth_lower_bound": 0.1, "bandwidth_upper_bound": 0.11355332092131867, "delay": 124.1244733798128, "delay_noise": 0.0, "loss": 0.005571873882843499, "queue": 1.835900583505682}, "datetime": {"datetime": "2022-02-01 03:18:13", "elapsed": 68.297018, "delta": 7.1971}}
{"target": 559.0307239803658, "params": {"T_s": 6.301553318846355, "bandwidth_lower_bound": 0.1, "bandwidth_upper_bound": 82.43973322077174, "delay": 162.38774529614108, "delay_noise": 0.0, "loss": 0.03488932296332308, "queue": 0.33372268309370845}, "datetime": {"datetime": "2022-02-01 03:18:21", "elapsed": 76.788834, "delta": 8.491816}}
{"target": 159.58362828592777, "params": {"T_s": 10.991727013375325, "bandwidth_lower_bound": 0.1, "bandwidth_upper_bound": 3.81079426869988, "delay": 114.26351547073128, "delay_noise": 0.0, "loss": 0.0033495664766152477, "queue": 2.426875504278011}, "datetime": {"datetime": "2022-02-01 03:18:28", "elapsed": 83.652814, "delta": 6.86398}}
{"target": 262.8929549488265, "params": {"T_s": 4.479839231913385, "bandwidth_lower_bound": 0.1, "bandwidth_upper_bound": 2.425843501043504, "delay": 161.29163524400485, "delay_noise": 0.0, "loss": 0.007315469067342291, "queue": 0.9606714243426231}, "datetime": {"datetime": "2022-02-01 03:18:36", "elapsed": 91.453118, "delta": 7.800304}}
{"target": 383.3030452818045, "params": {"T_s": 7.734171812548288, "bandwidth_lower_bound": 0.1, "bandwidth_upper_bound": 7.939493084843789, "delay": 163.32059945572198, "delay_noise": 0.0, "loss": 0.039953133968723034, "queue": 2.799724118212487}, "datetime": {"datetime": "2022-02-01 03:18:45", "elapsed": 100.650185, "delta": 9.197067}}
{"target": 282.57626067529714, "params": {"T_s": 5.1221440415094275, "bandwidth_lower_bound": 0.1, "bandwidth_upper_bound": 5.693777650883343, "delay": 166.45955477935874, "delay_noise": 0.0, "loss": 0.0005068034159845203, "queue": 0.31752073670369546}, "datetime": {"datetime": "2022-02-01 03:18:53", "elapsed": 108.463005, "delta": 7.81282}}
{"target": 504.14214291890687, "params": {"T_s": 10.111699159364653, "bandwidth_lower_bound": 0.1, "bandwidth_upper_bound": 85.34642158247273, "delay": 159.7613788019411, "delay_noise": 0.0, "loss": 0.000679382023812228, "queue": 1.133600020803219}, "datetime": {"datetime": "2022-02-01 03:19:06", "elapsed": 121.506167, "delta": 13.043162}}
{"target": 405.0746192740936, "params": {"T_s": 14.354425878949655, "bandwidth_lower_bound": 0.1, "bandwidth_upper_bound": 69.52321352899833, "delay": 164.6851874059351, "delay_noise": 0.0, "loss": 0.0053176932059546605, "queue": 0.7606263929846502}, "datetime": {"datetime": "2022-02-01 03:19:21", "elapsed": 136.462079, "delta": 14.955912}}
