{"target": 85.46080758844914, "params": {"T_s": 9.755613626093876, "bandwidth_lower_bound": 0.1, "bandwidth_upper_bound": 43.23190895817233, "delay": 38.004364623563816, "delay_noise": 0.0, "loss": 0.005953834673595317, "queue": 2.065084668958903}, "datetime": {"datetime": "2022-02-01 03:51:51", "elapsed": 0.0, "delta": 0.0}}
{"target": 125.85682036554155, "params": {"T_s": 14.818431724139433, "bandwidth_lower_bound": 0.1, "bandwidth_upper_bound": 0.12159557641638828, "delay": 127.87238486127833, "delay_noise": 0.0, "loss": 0.0052862998450386315, "queue": 0.2582599133857731}, "datetime": {"datetime": "2022-02-01 03:51:59", "elapsed": 7.989353, "delta": 7.989353}}
{"target": 451.0671597238844, "params": {"T_s": 1.6740469599754921, "bandwidth_lower_bound": 0.1, "bandwidth_upper_bound": 11.505634509615147, "delay": 172.60195908832594, "delay_noise": 0.0, "loss": 0.00269761264324687, "queue": 2.1590357611778663}, "datetime": {"datetime": "2022-02-01 03:52:08", "elapsed": 17.054401, "delta": 9.065048}}
{"target": 147.31255949471068, "params": {"T_s": 5.285887031367694, "bandwidth_lower_bound": 0.1, "bandwidth_upper_bound": 27.67858055420836, "delay": 41.08941433142234, "delay_noise": 0.0, "loss": 0.0005793912399709029, "queue": 2.066480974348379}, "datetime": {"datetime": "2022-02-01 03:52:18", "elapsed": 27.208612, "delta": 10.154211}}
{"target": 144.32875362940678, "params": {"T_s": 3.1696805587710037, "bandwidth_lower_bound": 0.1, "bandwidth_upper_bound": 0.9100355574660297, "delay": 60.199322990954116, "delay_noise": 0.0, "loss": 0.011545426120963436, "queue": 1.747094328786195}, "datetime": {"datetime": "2022-02-01 03:52:24", "elapsed": 33.463345, "delta": 6.254733}}
{"target": 327.02282632045603, "params": {"T_s": 2.8751610739898874, "bandwidth_lower_bound": 0.1, "bandwidth_upper_bound": 8.310192263181662, "delay": 107.57435860663168, "delay_noise": 0.0, "loss": 0, "queue": 2.1466663392525027}, "datetime": {"datetime": "2022-02-01 03:52:32", "elapsed": 41.370568, "delta": 7.907223}}
{"target": 130.9278584388609, "params": {"T_s": 8.019888155557457, "bandwidth_lower_bound": 0.1, "bandwidth_upper_bound": 0.10987844514596065, "delay": 57.014901929251955, "delay_noise": 0.0, "loss": 0, "queue": 0.4940429890048686}, "datetime": {"datetime": "2022-02-01 03:52:39", "elapsed": 48.072407, "delta": 6.701839}}
{"target": 434.5272138527239, "params": {"T_s": 0.24451168086290498, "bandwidth_lower_bound": 0.1, "bandwidth_upper_bound": 26.58239923093516, "delay": 45.0292853344442, "delay_noise": 0.0, "loss": 0.04534295754808402, "queue": 0.2308467455911718}, "datetime": {"datetime": "2022-02-01 03:52:48", "elapsed": 57.383122, "delta": 9.310715}}
{"target": 74.81476145239975, "params": {"T_s": 11.773541308776034, "bandwidth_lower_bound": 0.1, "bandwidth_upper_bound": 3.5231567258594496, "delay": 55.284407774693655, "delay_noise": 0.0, "loss": 0.007492513496951589, "queue": 1.5318639748019487}, "datetime": {"datetime": "2022-02-01 03:52:57", "elapsed": 66.542925, "delta": 9.159803}}
{"target": 135.63409805775092, "params": {"T_s": 14.81679362829028, "bandwidth_lower_bound": 0.1, "bandwidth_upper_bound": 10.341088698340098, "delay": 87.19133771056052, "delay_noise": 0.0, "loss": 0.031091095497621415, "queue": 2.1239676419122664}, "datetime": {"datetime": "2022-02-01 03:53:06", "elapsed": 75.507964, "delta": 8.965039}}
{"target": 257.7640155972514, "params": {"T_s": 9.975801364370755, "bandwidth_lower_bound": 0.1, "bandwidth_upper_bound": 1.64515270848704, "delay": 182.43409273389352, "delay_noise": 0.0, "loss": 0.0004329605388443527, "queue": 2.287588949025749}, "datetime": {"datetime": "2022-02-01 03:53:14", "elapsed": 82.766208, "delta": 7.258244}}
{"target": 353.2073207593992, "params": {"T_s": 11.707621747623241, "bandwidth_lower_bound": 0.1, "bandwidth_upper_bound": 35.65657367404445, "delay": 164.53074557314443, "delay_noise": 0.0, "loss": 0.009947912950235348, "queue": 1.7724617668446867}, "datetime": {"datetime": "2022-02-01 03:53:24", "elapsed": 93.755003, "delta": 10.988795}}
{"target": 117.45325040579944, "params": {"T_s": 0.0852108562140963, "bandwidth_lower_bound": 0.1, "bandwidth_upper_bound": 0.13867646608461726, "delay": 154.61685507222995, "delay_noise": 0.0, "loss": 0.00010641776717120279, "queue": 1.2380391099722279}, "datetime": {"datetime": "2022-02-01 03:53:32", "elapsed": 101.031328, "delta": 7.276325}}
{"target": 138.96972488790897, "params": {"T_s": 0.009268055445259549, "bandwidth_lower_bound": 0.1, "bandwidth_upper_bound": 0.2265845640714158, "delay": 198.8427489348654, "delay_noise": 0.0, "loss": 0.006154034625065055, "queue": 2.0724679418699457}, "datetime": {"datetime": "2022-02-01 03:53:39", "elapsed": 108.541841, "delta": 7.510513}}
{"target": 43.39012339830407, "params": {"T_s": 2.3539905918059336, "bandwidth_lower_bound": 0.1, "bandwidth_upper_bound": 15.416836399377084, "delay": 2.0644785389175295, "delay_noise": 0.0, "loss": 0, "queue": 2.1974149525053264}, "datetime": {"datetime": "2022-02-01 03:54:03", "elapsed": 132.051607, "delta": 23.509766}}
