{"target": 161.9084221002288, "params": {"T_s": 1.4630040262417738, "bandwidth_lower_bound": 0.1, "bandwidth_upper_bound": 0.550571744483865, "delay": 29.35007412031127, "delay_noise": 0.0, "loss": 0, "queue": 2.0815358275853066}, "datetime": {"datetime": "2022-02-01 04:06:53", "elapsed": 0.0, "delta": 0.0}}
{"target": 51.54766862307088, "params": {"T_s": 12.098906972424864, "bandwidth_lower_bound": 0.1, "bandwidth_upper_bound": 8.072019537405826, "delay": 44.7528046973417, "delay_noise": 0.0, "loss": 0.001042454965252616, "queue": 0.8554130048116044}, "datetime": {"datetime": "2022-02-01 04:07:02", "elapsed": 8.756987, "delta": 8.756987}}
{"target": 171.09458127181207, "params": {"T_s": 1.7058876451061917, "bandwidth_lower_bound": 0.1, "bandwidth_upper_bound": 0.28597315533510914, "delay": 107.47184395033939, "delay_noise": 0.0, "loss": 0.0035169170552786337, "queue": 1.2441960379435}, "datetime": {"datetime": "2022-02-01 04:07:09", "elapsed": 15.420095, "delta": 6.663108}}
{"target": 163.1112498724574, "params": {"T_s": 14.192400674450889, "bandwidth_lower_bound": 0.1, "bandwidth_upper_bound": 6.669647925971073, "delay": 123.81594324404165, "delay_noise": 0.0, "loss": 0, "queue": 2.3004372160890343}, "datetime": {"datetime": "2022-02-01 04:07:16", "elapsed": 23.120062, "delta": 7.699967}}
{"target": 110.30088086302287, "params": {"T_s": 4.3024573413023, "bandwidth_lower_bound": 0.1, "bandwidth_upper_bound": 0.15644450966296206, "delay": 138.59197888936868, "delay_noise": 0.0, "loss": 0.001118499098055382, "queue": 1.1702801634136528}, "datetime": {"datetime": "2022-02-01 04:07:23", "elapsed": 29.917489, "delta": 6.797427}}
{"target": 150.82085097020712, "params": {"T_s": 2.589194401262965, "bandwidth_lower_bound": 0.1, "bandwidth_upper_bound": 0.14299048165167386, "delay": 165.46040745403363, "delay_noise": 0.0, "loss": 0, "queue": 0.4143023722997601}, "datetime": {"datetime": "2022-02-01 04:07:30", "elapsed": 36.310292, "delta": 6.392803}}
{"target": 293.53886650296704, "params": {"T_s": 0.1551584266536854, "bandwidth_lower_bound": 0.1, "bandwidth_upper_bound": 6.285382199885363, "delay": 37.58828294741124, "delay_noise": 0.0, "loss": 0.01568126761032822, "queue": 1.4607154026950095}, "datetime": {"datetime": "2022-02-01 04:07:37", "elapsed": 44.200224, "delta": 7.889932}}
{"target": 362.2116131494354, "params": {"T_s": 14.570546527274574, "bandwidth_lower_bound": 0.1, "bandwidth_upper_bound": 14.028894462927198, "delay": 184.3477536162781, "delay_noise": 0.0, "loss": 0.02906950877383814, "queue": 2.083767325676914}, "datetime": {"datetime": "2022-02-01 04:07:46", "elapsed": 52.292137, "delta": 8.091913}}
{"target": 107.71941507342109, "params": {"T_s": 14.08488953164094, "bandwidth_lower_bound": 0.1, "bandwidth_upper_bound": 2.2221085530574824, "delay": 8.19296215977319, "delay_noise": 0.0, "loss": 0, "queue": 2.2392664497201578}, "datetime": {"datetime": "2022-02-01 04:07:54", "elapsed": 60.754867, "delta": 8.46273}}
{"target": 210.4786544846872, "params": {"T_s": 14.510524179940386, "bandwidth_lower_bound": 0.1, "bandwidth_upper_bound": 31.850371947236624, "delay": 118.92054519761855, "delay_noise": 0.0, "loss": 0, "queue": 1.4325929292358262}, "datetime": {"datetime": "2022-02-01 04:08:07", "elapsed": 73.538685, "delta": 12.783818}}
{"target": 525.9717289943875, "params": {"T_s": 1.244993475103393, "bandwidth_lower_bound": 0.1, "bandwidth_upper_bound": 26.289443591435635, "delay": 196.58289907975438, "delay_noise": 0.0, "loss": 0, "queue": 1.7372768098359828}, "datetime": {"datetime": "2022-02-01 04:08:15", "elapsed": 82.016196, "delta": 8.477511}}
{"target": 200.14916379826107, "params": {"T_s": 0.04648182150700231, "bandwidth_lower_bound": 0.1, "bandwidth_upper_bound": 0.5431733692583331, "delay": 76.40540741686956, "delay_noise": 0.0, "loss": 0.026230947562322054, "queue": 2.5917887169074647}, "datetime": {"datetime": "2022-02-01 04:08:22", "elapsed": 88.352929, "delta": 6.336733}}
{"target": 69.41963680900452, "params": {"T_s": 14.753037046916294, "bandwidth_lower_bound": 0.1, "bandwidth_upper_bound": 0.5754994484370771, "delay": 90.48022961582056, "delay_noise": 0.0, "loss": 0.00017793886156814543, "queue": 1.108937693139621}, "datetime": {"datetime": "2022-02-01 04:08:28", "elapsed": 94.601316, "delta": 6.248387}}
{"target": 488.85807318397354, "params": {"T_s": 2.0491036636334066, "bandwidth_lower_bound": 0.1, "bandwidth_upper_bound": 15.108598036710609, "delay": 196.55220563156269, "delay_noise": 0.0, "loss": 0, "queue": 1.664443772765741}, "datetime": {"datetime": "2022-02-01 04:08:35", "elapsed": 102.050018, "delta": 7.448702}}
{"target": 524.8911575955026, "params": {"T_s": 0.5863790843914046, "bandwidth_lower_bound": 0.1, "bandwidth_upper_bound": 44.89698271827778, "delay": 186.6654264134108, "delay_noise": 0.0, "loss": 0.0011083054071186931, "queue": 2.764453478419789}, "datetime": {"datetime": "2022-02-01 04:08:45", "elapsed": 112.175285, "delta": 10.125267}}
