{"target": 194.94445796232728, "params": {"T_s": 18.05579323124095, "bandwidth_lower_bound": 0.1, "bandwidth_upper_bound": 47.270716859926225, "delay": 163.53582050692143, "delay_noise": 0.0, "loss": 0.003621184264265782, "queue": 1.2603066376151426}, "datetime": {"datetime": "2022-05-09 19:48:02", "elapsed": 0.0, "delta": 0.0}}
{"target": 246.19336647178898, "params": {"T_s": 16.03681741799434, "bandwidth_lower_bound": 0.1, "bandwidth_upper_bound": 0.381549293433095, "delay": 55.918647609183616, "delay_noise": 0.0, "loss": 0.007877254350020164, "queue": 2.580917391369987}, "datetime": {"datetime": "2022-05-09 19:48:10", "elapsed": 7.787622, "delta": 7.787622}}
{"target": -139.166183667491, "params": {"T_s": 23.482101925836517, "bandwidth_lower_bound": 0.1, "bandwidth_upper_bound": 0.22391397790244863, "delay": 150.7535784985648, "delay_noise": 0.0, "loss": 0, "queue": 2.601351487275335}, "datetime": {"datetime": "2022-05-09 19:48:17", "elapsed": 15.495117, "delta": 7.707495}}
{"target": -36.810835826739265, "params": {"T_s": 28.54359175731478, "bandwidth_lower_bound": 0.1, "bandwidth_upper_bound": 0.3438282521735949, "delay": 154.50988276140325, "delay_noise": 0.0, "loss": 0.002162922602991903, "queue": 2.550594184158377}, "datetime": {"datetime": "2022-05-09 19:48:26", "elapsed": 23.755562, "delta": 8.260445}}
{"target": 320.4708004510459, "params": {"T_s": 14.370142492480491, "bandwidth_lower_bound": 0.1, "bandwidth_upper_bound": 10.920269405912826, "delay": 130.85561099641936, "delay_noise": 0.0, "loss": 0, "queue": 2.3600463874039757}, "datetime": {"datetime": "2022-05-09 19:48:34", "elapsed": 32.544853, "delta": 8.789291}}
{"target": 388.52560832654, "params": {"T_s": 14.948539836689731, "bandwidth_lower_bound": 0.1, "bandwidth_upper_bound": 3.403479730716926, "delay": 54.19850807469124, "delay_noise": 0.0, "loss": 0.002083370477034057, "queue": 1.760859469602391}, "datetime": {"datetime": "2022-05-09 19:48:42", "elapsed": 40.657867, "delta": 8.113014}}
{"target": 113.85789267741092, "params": {"T_s": 10.238807227814258, "bandwidth_lower_bound": 0.1, "bandwidth_upper_bound": 0.5941878370364994, "delay": 117.28374241047268, "delay_noise": 0.0, "loss": 0.001631289369036997, "queue": 2.5123060163168285}, "datetime": {"datetime": "2022-05-09 19:48:50", "elapsed": 47.825798, "delta": 7.167931}}
{"target": 193.80653309409854, "params": {"T_s": 5.53535983681747, "bandwidth_lower_bound": 0.1, "bandwidth_upper_bound": 1.6824040154956446, "delay": 156.18020506393935, "delay_noise": 0.0, "loss": 0.008085799373759316, "queue": 1.858403652236276}, "datetime": {"datetime": "2022-05-09 19:48:57", "elapsed": 55.62877, "delta": 7.802972}}
{"target": 250.09131206626148, "params": {"T_s": 20.270186881942497, "bandwidth_lower_bound": 0.1, "bandwidth_upper_bound": 1.8919490507674346, "delay": 103.68653008403317, "delay_noise": 0.0, "loss": 0, "queue": 2.182725066508239}, "datetime": {"datetime": "2022-05-09 19:49:05", "elapsed": 63.284144, "delta": 7.655374}}
{"target": 320.6730870256884, "params": {"T_s": 18.99248740629328, "bandwidth_lower_bound": 0.1, "bandwidth_upper_bound": 2.3890673712415524, "delay": 77.20149983110106, "delay_noise": 0.0, "loss": 0.001151386792385427, "queue": 0.43565808475309303}, "datetime": {"datetime": "2022-05-09 19:49:13", "elapsed": 71.046855, "delta": 7.762711}}
{"target": 426.55109663183555, "params": {"T_s": 12.16656280192671, "bandwidth_lower_bound": 0.1, "bandwidth_upper_bound": 9.57315375266522, "delay": 43.36405593788053, "delay_noise": 0.0, "loss": 0.00013303296525102502, "queue": 0.7205542012747184}, "datetime": {"datetime": "2022-05-09 19:49:22", "elapsed": 80.439463, "delta": 9.392608}}
{"target": 362.8682865118642, "params": {"T_s": 1.4401374873451434, "bandwidth_lower_bound": 0.1, "bandwidth_upper_bound": 8.605315643142294, "delay": 52.11044598266967, "delay_noise": 0.0, "loss": 0.0002525713828770334, "queue": 1.8832369158166282}, "datetime": {"datetime": "2022-05-09 19:49:31", "elapsed": 89.188937, "delta": 8.749474}}
{"target": 194.04690120765608, "params": {"T_s": 28.718211965788566, "bandwidth_lower_bound": 0.1, "bandwidth_upper_bound": 87.8863233930272, "delay": 42.78009377306844, "delay_noise": 0.0, "loss": 0.013856294815179759, "queue": 0.2246947316100293}, "datetime": {"datetime": "2022-05-09 19:49:41", "elapsed": 99.68197, "delta": 10.493033}}
{"target": 384.6137045638018, "params": {"T_s": 1.172164533092095, "bandwidth_lower_bound": 0.1, "bandwidth_upper_bound": 11.72840053776491, "delay": 31.175998809548048, "delay_noise": 0.0, "loss": 0.00027284882259530124, "queue": 2.573164091650659}, "datetime": {"datetime": "2022-05-09 19:49:51", "elapsed": 109.25929, "delta": 9.57732}}
{"target": -78.17242216283881, "params": {"T_s": 16.501549336161922, "bandwidth_lower_bound": 0.1, "bandwidth_upper_bound": 0.11793165537123604, "delay": 23.92148255385835, "delay_noise": 0.0, "loss": 0.008784136691172787, "queue": 0.907959325482967}, "datetime": {"datetime": "2022-05-09 19:49:59", "elapsed": 117.722895, "delta": 8.463605}}
