{"target": -245.43178930354654, "params": {"T_s": 2.11828874556088, "bandwidth_lower_bound": 0.1, "bandwidth_upper_bound": 0.18971919184565808, "delay": 127.3127519239265, "delay_noise": 0.0, "loss": 0.02903378455655487, "queue": 1.3944082688594934}, "datetime": {"datetime": "2022-05-09 23:30:41", "elapsed": 0.0, "delta": 0.0}}
{"target": -517.7100947059539, "params": {"T_s": 8.339507071985775, "bandwidth_lower_bound": 0.1, "bandwidth_upper_bound": 1.7557953673572972, "delay": 4.657280728401697, "delay_noise": 0.0, "loss": 0.016437827508372638, "queue": 1.9052999696536155}, "datetime": {"datetime": "2022-05-09 23:30:53", "elapsed": 12.286896, "delta": 12.286896}}
{"target": -206.25812869020467, "params": {"T_s": 24.431791747567722, "bandwidth_lower_bound": 0.1, "bandwidth_upper_bound": 0.6532057532371845, "delay": 167.6223352970997, "delay_noise": 0.0, "loss": 0, "queue": 2.2012167669156666}, "datetime": {"datetime": "2022-05-09 23:31:01", "elapsed": 20.362845, "delta": 8.075949}}
{"target": -20.284930529622855, "params": {"T_s": 14.703561618794547, "bandwidth_lower_bound": 0.1, "bandwidth_upper_bound": 1.4345864343812533, "delay": 188.34703869124212, "delay_noise": 0.0, "loss": 0.02471864014333668, "queue": 0.6394163908908219}, "datetime": {"datetime": "2022-05-09 23:31:09", "elapsed": 28.473129, "delta": 8.110284}}
{"target": -264.5904748312197, "params": {"T_s": 13.880277110143904, "bandwidth_lower_bound": 0.1, "bandwidth_upper_bound": 0.33425620351939483, "delay": 103.93001423526849, "delay_noise": 0.0, "loss": 0.02610650794995918, "queue": 2.5407399463650497}, "datetime": {"datetime": "2022-05-09 23:31:17", "elapsed": 36.372157, "delta": 7.899028}}
{"target": -17.155840654655094, "params": {"T_s": 15.490061490354599, "bandwidth_lower_bound": 0.1, "bandwidth_upper_bound": 63.557159839152035, "delay": 159.37275099344447, "delay_noise": 0.0, "loss": 0.00020165994452141423, "queue": 0.5040587912575579}, "datetime": {"datetime": "2022-05-09 23:31:42", "elapsed": 61.689893, "delta": 25.317736}}
{"target": -280.7540951730731, "params": {"T_s": 29.55851945694896, "bandwidth_lower_bound": 0.1, "bandwidth_upper_bound": 0.6842840046174286, "delay": 140.42764980059428, "delay_noise": 0.0, "loss": 0, "queue": 2.4451758991038886}, "datetime": {"datetime": "2022-05-09 23:31:50", "elapsed": 69.881248, "delta": 8.191355}}
{"target": -379.5878534685073, "params": {"T_s": 15.851257006928932, "bandwidth_lower_bound": 0.1, "bandwidth_upper_bound": 0.12661328683221335, "delay": 114.09795882202492, "delay_noise": 0.0, "loss": 0, "queue": 0.29376003597323536}, "datetime": {"datetime": "2022-05-09 23:31:58", "elapsed": 77.348975, "delta": 7.467727}}
{"target": -328.9009104040172, "params": {"T_s": 20.02180864590232, "bandwidth_lower_bound": 0.1, "bandwidth_upper_bound": 0.3974306696833057, "delay": 161.7963925755958, "delay_noise": 0.0, "loss": 0.0022528244839031698, "queue": 2.526360938310719}, "datetime": {"datetime": "2022-05-09 23:32:06", "elapsed": 85.226245, "delta": 7.87727}}
{"target": -315.60895398897986, "params": {"T_s": 9.454124609801115, "bandwidth_lower_bound": 0.1, "bandwidth_upper_bound": 0.3327155609295315, "delay": 190.68769667199672, "delay_noise": 0.0, "loss": 0.014105544988070408, "queue": 2.55032606595234}, "datetime": {"datetime": "2022-05-09 23:32:14", "elapsed": 93.624293, "delta": 8.398048}}
{"target": -363.63440583943907, "params": {"T_s": 28.148597546462774, "bandwidth_lower_bound": 0.1, "bandwidth_upper_bound": 0.574459415859569, "delay": 39.613130646146644, "delay_noise": 0.0, "loss": 0, "queue": 2.015723797504933}, "datetime": {"datetime": "2022-05-09 23:32:22", "elapsed": 101.883887, "delta": 8.259594}}
{"target": -536.1341814699473, "params": {"T_s": 24.67247336387661, "bandwidth_lower_bound": 0.1, "bandwidth_upper_bound": 0.15425572631255358, "delay": 167.93378204105028, "delay_noise": 0.0, "loss": 0, "queue": 2.589747390803962}, "datetime": {"datetime": "2022-05-09 23:32:30", "elapsed": 109.725371, "delta": 7.841484}}
{"target": -109.34317980781739, "params": {"T_s": 10.817026447892651, "bandwidth_lower_bound": 0.1, "bandwidth_upper_bound": 1.5351117026590484, "delay": 71.41832072362156, "delay_noise": 0.0, "loss": 0.00017032612174136373, "queue": 1.2165340237325728}, "datetime": {"datetime": "2022-05-09 23:32:39", "elapsed": 118.303619, "delta": 8.578248}}
{"target": -242.06671374966666, "params": {"T_s": 10.74474693917873, "bandwidth_lower_bound": 0.1, "bandwidth_upper_bound": 0.47152054961450457, "delay": 71.34350551834345, "delay_noise": 0.0, "loss": 0.00031229600557569875, "queue": 1.0590443756205856}, "datetime": {"datetime": "2022-05-09 23:32:47", "elapsed": 126.351373, "delta": 8.047754}}
{"target": -243.2812515187513, "params": {"T_s": 28.188199644917006, "bandwidth_lower_bound": 0.1, "bandwidth_upper_bound": 9.223581999763567, "delay": 132.43897860383603, "delay_noise": 0.0, "loss": 0.030131269400508132, "queue": 0.8837413920510648}, "datetime": {"datetime": "2022-05-09 23:32:56", "elapsed": 135.464716, "delta": 9.113343}}
