{"target": -50.0954009190182, "params": {"T_s": 8.206793695694168, "bandwidth_lower_bound": 0.1, "bandwidth_upper_bound": 1.7093162012911807, "delay": 53.53933879560617, "delay_noise": 0.0, "loss": 0, "queue": 0.25505199120412325}, "datetime": {"datetime": "2022-05-09 23:16:23", "elapsed": 0.0, "delta": 0.0}}
{"target": -53.896265190587215, "params": {"T_s": 28.64430891360765, "bandwidth_lower_bound": 0.1, "bandwidth_upper_bound": 2.8824672368677087, "delay": 193.0753103334589, "delay_noise": 0.0, "loss": 0, "queue": 1.1839407883586295}, "datetime": {"datetime": "2022-05-09 23:16:32", "elapsed": 8.485463, "delta": 8.485463}}
{"target": 16.03960403023234, "params": {"T_s": 5.745419715547762, "bandwidth_lower_bound": 0.1, "bandwidth_upper_bound": 43.8414139811475, "delay": 99.82456668608955, "delay_noise": 0.0, "loss": 0.00046703860413102144, "queue": 2.2184551758109095}, "datetime": {"datetime": "2022-05-09 23:16:52", "elapsed": 28.710594, "delta": 20.225131}}
{"target": -336.24761132887045, "params": {"T_s": 8.185280248664483, "bandwidth_lower_bound": 0.1, "bandwidth_upper_bound": 0.2675139583620126, "delay": 41.83290392943913, "delay_noise": 0.0, "loss": 0.03364714562069414, "queue": 0.35606715499807723}, "datetime": {"datetime": "2022-05-09 23:17:00", "elapsed": 37.001171, "delta": 8.290577}}
{"target": -2.5597584173548285, "params": {"T_s": 18.386558020207616, "bandwidth_lower_bound": 0.1, "bandwidth_upper_bound": 81.4458871266437, "delay": 164.6707525676095, "delay_noise": 0.0, "loss": 0.0001683260253148336, "queue": 1.191150147654237}, "datetime": {"datetime": "2022-05-09 23:17:24", "elapsed": 60.85353, "delta": 23.852359}}
{"target": -277.4033716843575, "params": {"T_s": 3.2918787364782953, "bandwidth_lower_bound": 0.1, "bandwidth_upper_bound": 0.31432823120262493, "delay": 60.45709054609645, "delay_noise": 0.0, "loss": 0.0002193499229155432, "queue": 1.1542791370634808}, "datetime": {"datetime": "2022-05-09 23:17:32", "elapsed": 68.925549, "delta": 8.072019}}
{"target": -73.74576065134843, "params": {"T_s": 21.60165058227942, "bandwidth_lower_bound": 0.1, "bandwidth_upper_bound": 2.613145537340928, "delay": 146.8521712758985, "delay_noise": 0.0, "loss": 0, "queue": 1.057351727429199}, "datetime": {"datetime": "2022-05-09 23:17:41", "elapsed": 77.795592, "delta": 8.870043}}
{"target": -306.944873841535, "params": {"T_s": 4.962839512078752, "bandwidth_lower_bound": 0.1, "bandwidth_upper_bound": 0.30740193678171795, "delay": 160.86078843992846, "delay_noise": 0.0, "loss": 0, "queue": 1.2972241727325622}, "datetime": {"datetime": "2022-05-09 23:17:49", "elapsed": 85.197075, "delta": 7.401483}}
{"target": -172.03487974492455, "params": {"T_s": 18.973489558165014, "bandwidth_lower_bound": 0.1, "bandwidth_upper_bound": 1.921610775393598, "delay": 19.618364312891654, "delay_noise": 0.0, "loss": 0.00028499462969824234, "queue": 1.1635819028874645}, "datetime": {"datetime": "2022-05-09 23:17:58", "elapsed": 94.595553, "delta": 9.398478}}
{"target": -113.55058554820724, "params": {"T_s": 12.50965733469284, "bandwidth_lower_bound": 0.1, "bandwidth_upper_bound": 2.5415285330189743, "delay": 178.86360240480704, "delay_noise": 0.0, "loss": 0.01329546603225851, "queue": 0.9701912312270775}, "datetime": {"datetime": "2022-05-09 23:18:07", "elapsed": 103.280958, "delta": 8.685405}}
{"target": -193.92356369403123, "params": {"T_s": 6.366157887695245, "bandwidth_lower_bound": 0.1, "bandwidth_upper_bound": 72.4029221544269, "delay": 136.72925933674577, "delay_noise": 0.0, "loss": 0.03712693287624898, "queue": 1.3015164695405732}, "datetime": {"datetime": "2022-05-09 23:18:24", "elapsed": 120.275693, "delta": 16.994735}}
{"target": -20.30391434895199, "params": {"T_s": 25.630520753667764, "bandwidth_lower_bound": 0.1, "bandwidth_upper_bound": 55.457112237075286, "delay": 163.95096873201447, "delay_noise": 0.0, "loss": 0.00026003795581988447, "queue": 2.3185851674979907}, "datetime": {"datetime": "2022-05-09 23:18:43", "elapsed": 140.105964, "delta": 19.830271}}
{"target": -91.81672297848397, "params": {"T_s": 21.259779414135313, "bandwidth_lower_bound": 0.1, "bandwidth_upper_bound": 2.274610120516297, "delay": 156.58464728642616, "delay_noise": 0.0, "loss": 0.008787588134217969, "queue": 1.142478437838246}, "datetime": {"datetime": "2022-05-09 23:18:52", "elapsed": 148.704367, "delta": 8.598403}}
{"target": -212.34547925882643, "params": {"T_s": 7.453972488779785, "bandwidth_lower_bound": 0.1, "bandwidth_upper_bound": 0.71594201729561, "delay": 99.63295272165361, "delay_noise": 0.0, "loss": 0.00026758755959347574, "queue": 2.172983752256079}, "datetime": {"datetime": "2022-05-09 23:19:00", "elapsed": 156.850323, "delta": 8.145956}}
{"target": -59.898603472361515, "params": {"T_s": 2.0829943970005473, "bandwidth_lower_bound": 0.1, "bandwidth_upper_bound": 38.09121195144366, "delay": 118.94605808465333, "delay_noise": 0.0, "loss": 0.00040454275396232674, "queue": 1.81861459152933}, "datetime": {"datetime": "2022-05-09 23:19:16", "elapsed": 172.972386, "delta": 16.122063}}
