{"target": 7.147417249021316, "params": {"T_s": 19.680162545981712, "bandwidth_lower_bound": 0.1, "bandwidth_upper_bound": 9.753123330552471, "delay": 34.40284376834516, "delay_noise": 0.0, "loss": 0.00019156751113090457, "queue": 2.9769027784221014}, "datetime": {"datetime": "2022-05-09 22:39:37", "elapsed": 0.0, "delta": 0.0}}
{"target": -67.65390498170143, "params": {"T_s": 7.8166789725637225, "bandwidth_lower_bound": 0.1, "bandwidth_upper_bound": 1.6598555880228851, "delay": 28.974395759771298, "delay_noise": 0.0, "loss": 0.0008255887523598021, "queue": 2.347194297635815}, "datetime": {"datetime": "2022-05-09 22:39:46", "elapsed": 9.793768, "delta": 9.793768}}
{"target": -399.75869222575096, "params": {"T_s": 28.081654156238812, "bandwidth_lower_bound": 0.1, "bandwidth_upper_bound": 0.3866462214268806, "delay": 198.8503494908776, "delay_noise": 0.0, "loss": 0, "queue": 1.9614795263161655}, "datetime": {"datetime": "2022-05-09 22:39:54", "elapsed": 17.611669, "delta": 7.817901}}
{"target": -409.69697957752, "params": {"T_s": 22.313624722651046, "bandwidth_lower_bound": 0.1, "bandwidth_upper_bound": 0.12399159458574026, "delay": 180.69774096320992, "delay_noise": 0.0, "loss": 0.0011356446587023384, "queue": 1.2539766846827207}, "datetime": {"datetime": "2022-05-09 22:40:02", "elapsed": 24.995398, "delta": 7.383729}}
{"target": 22.850833540433356, "params": {"T_s": 1.7721065784203165, "bandwidth_lower_bound": 0.1, "bandwidth_upper_bound": 31.926056690693187, "delay": 74.66349134203003, "delay_noise": 0.0, "loss": 0.0005589297700069402, "queue": 1.2812258476791725}, "datetime": {"datetime": "2022-05-09 22:40:17", "elapsed": 40.187402, "delta": 15.192004}}
{"target": -14.697988008816367, "params": {"T_s": 22.57997312876857, "bandwidth_lower_bound": 0.1, "bandwidth_upper_bound": 6.113851200293995, "delay": 64.59440961783427, "delay_noise": 0.0, "loss": 0, "queue": 2.154260461949603}, "datetime": {"datetime": "2022-05-09 22:40:27", "elapsed": 50.172471, "delta": 9.985069}}
{"target": -77.63084978157192, "params": {"T_s": 7.150344110351021, "bandwidth_lower_bound": 0.1, "bandwidth_upper_bound": 1.3233728976427708, "delay": 115.471524343021, "delay_noise": 0.0, "loss": 0.01070134960994661, "queue": 0.656906498606465}, "datetime": {"datetime": "2022-05-09 22:40:35", "elapsed": 57.955394, "delta": 7.782923}}
{"target": -103.39970123947487, "params": {"T_s": 1.7004883257912904, "bandwidth_lower_bound": 0.1, "bandwidth_upper_bound": 0.6231206399728331, "delay": 69.19467715756583, "delay_noise": 0.0, "loss": 0.009701098214674157, "queue": 1.5819725830370195}, "datetime": {"datetime": "2022-05-09 22:40:42", "elapsed": 65.937285, "delta": 7.981891}}
{"target": -369.10140105313087, "params": {"T_s": 25.514060872623567, "bandwidth_lower_bound": 0.1, "bandwidth_upper_bound": 0.13915303964360318, "delay": 54.300865706652566, "delay_noise": 0.0, "loss": 0.003670792075405807, "queue": 1.0776229095224048}, "datetime": {"datetime": "2022-05-09 22:40:51", "elapsed": 74.033887, "delta": 8.096602}}
{"target": -0.8499898259542533, "params": {"T_s": 14.413566867045873, "bandwidth_lower_bound": 0.1, "bandwidth_upper_bound": 11.31027267524135, "delay": 66.15869711352124, "delay_noise": 0.0, "loss": 0.0021888109821318353, "queue": 1.8700926691863144}, "datetime": {"datetime": "2022-05-09 22:41:01", "elapsed": 84.726729, "delta": 10.692842}}
{"target": -34.235982621782654, "params": {"T_s": 19.936392287096023, "bandwidth_lower_bound": 0.1, "bandwidth_upper_bound": 6.869901877250644, "delay": 87.87694453173548, "delay_noise": 0.0, "loss": 0, "queue": 2.682570206447981}, "datetime": {"datetime": "2022-05-09 22:41:11", "elapsed": 94.281922, "delta": 9.555193}}
{"target": -294.37829770544306, "params": {"T_s": 29.29958314213936, "bandwidth_lower_bound": 0.1, "bandwidth_upper_bound": 1.2601810056784464, "delay": 10.868248894683035, "delay_noise": 0.0, "loss": 0.0012901645371534677, "queue": 2.275376903460092}, "datetime": {"datetime": "2022-05-09 22:41:21", "elapsed": 104.658322, "delta": 10.3764}}
{"target": -84.33500987568223, "params": {"T_s": 29.598962168099213, "bandwidth_lower_bound": 0.1, "bandwidth_upper_bound": 2.537650452910386, "delay": 131.46077818161564, "delay_noise": 0.0, "loss": 0.0036201947595739547, "queue": 2.1188904471820065}, "datetime": {"datetime": "2022-05-09 22:41:30", "elapsed": 113.332344, "delta": 8.674022}}
{"target": -411.66040012645067, "params": {"T_s": 1.2361407527840385, "bandwidth_lower_bound": 0.1, "bandwidth_upper_bound": 0.11074699181054913, "delay": 95.48362828074511, "delay_noise": 0.0, "loss": 0, "queue": 2.503323018887662}, "datetime": {"datetime": "2022-05-09 22:41:38", "elapsed": 121.266103, "delta": 7.933759}}
{"target": -274.32711893447765, "params": {"T_s": 27.939592821689075, "bandwidth_lower_bound": 0.1, "bandwidth_upper_bound": 1.1510113135158784, "delay": 107.14207464926501, "delay_noise": 0.0, "loss": 0.00019193302625218037, "queue": 1.8025049590567808}, "datetime": {"datetime": "2022-05-09 22:41:46", "elapsed": 129.37874, "delta": 8.112637}}
