{"target": -262.74710161894507, "params": {"T_s": 28.840501796741638, "bandwidth_lower_bound": 0.1, "bandwidth_upper_bound": 99.9083709972361, "delay": 45.57332535700465, "delay_noise": 0.0, "loss": 0.005453984333593872, "queue": 2.9900760302494716}, "datetime": {"datetime": "2022-05-09 20:41:07", "elapsed": 0.0, "delta": 0.0}}
{"target": -66.33020447517711, "params": {"T_s": 10.174062355927644, "bandwidth_lower_bound": 0.1, "bandwidth_upper_bound": 1.4188615846867303, "delay": 65.46281814590824, "delay_noise": 0.0, "loss": 0.004217367791244548, "queue": 2.7203988054654458}, "datetime": {"datetime": "2022-05-09 20:41:21", "elapsed": 14.541551, "delta": 14.541551}}
{"target": -174.15942060271288, "params": {"T_s": 16.489347736733897, "bandwidth_lower_bound": 0.1, "bandwidth_upper_bound": 10.36142977110159, "delay": 113.22236324800124, "delay_noise": 0.0, "loss": 0.020179643176721485, "queue": 2.55978273878212}, "datetime": {"datetime": "2022-05-09 20:41:37", "elapsed": 29.854815, "delta": 15.313264}}
{"target": -158.45667315302308, "params": {"T_s": 9.874365108539067, "bandwidth_lower_bound": 0.1, "bandwidth_upper_bound": 10.982888670456317, "delay": 194.1446569582735, "delay_noise": 0.0, "loss": 0.030625757710764274, "queue": 1.9982313474238242}, "datetime": {"datetime": "2022-05-09 20:41:52", "elapsed": 45.105649, "delta": 15.250834}}
{"target": -42.38442399139639, "params": {"T_s": 18.824781381420443, "bandwidth_lower_bound": 0.1, "bandwidth_upper_bound": 2.871412633902128, "delay": 161.82942127890584, "delay_noise": 0.0, "loss": 0.0009501997749514354, "queue": 2.321834539592432}, "datetime": {"datetime": "2022-05-09 20:42:06", "elapsed": 59.593217, "delta": 14.487568}}
{"target": 30.76289139542928, "params": {"T_s": 15.490629697011343, "bandwidth_lower_bound": 0.1, "bandwidth_upper_bound": 7.229201433989462, "delay": 172.59960745192254, "delay_noise": 0.0, "loss": 0.0003074884331489297, "queue": 1.9482501740476792}, "datetime": {"datetime": "2022-05-09 20:42:23", "elapsed": 75.785628, "delta": 16.192411}}
{"target": -41.333032933141155, "params": {"T_s": 5.148064470633153, "bandwidth_lower_bound": 0.1, "bandwidth_upper_bound": 1.7802858183373003, "delay": 112.26283044628808, "delay_noise": 0.0, "loss": 0.0003264918858863082, "queue": 2.2629040582722326}, "datetime": {"datetime": "2022-05-09 20:42:36", "elapsed": 89.416132, "delta": 13.630504}}
{"target": -293.1607133505838, "params": {"T_s": 29.868069556621226, "bandwidth_lower_bound": 0.1, "bandwidth_upper_bound": 0.10140743966373494, "delay": 194.32367525939935, "delay_noise": 0.0, "loss": 0.0038676585274205013, "queue": 0.4730690719341936}, "datetime": {"datetime": "2022-05-09 20:42:47", "elapsed": 100.132781, "delta": 10.716649}}
{"target": -42.01399520764281, "params": {"T_s": 17.629442128633638, "bandwidth_lower_bound": 0.1, "bandwidth_upper_bound": 4.815852223453564, "delay": 71.45096722264744, "delay_noise": 0.0, "loss": 0.017932880682266783, "queue": 0.5194703816421223}, "datetime": {"datetime": "2022-05-09 20:42:58", "elapsed": 111.489373, "delta": 11.356592}}
{"target": -83.52033197058303, "params": {"T_s": 1.9117253578654143, "bandwidth_lower_bound": 0.1, "bandwidth_upper_bound": 0.7349036816639841, "delay": 89.5059358352349, "delay_noise": 0.0, "loss": 0.0016141183929267676, "queue": 2.034800928736467}, "datetime": {"datetime": "2022-05-09 20:43:10", "elapsed": 123.430767, "delta": 11.941394}}
{"target": -53.15033910227294, "params": {"T_s": 16.48347982250388, "bandwidth_lower_bound": 0.1, "bandwidth_upper_bound": 14.795547450246533, "delay": 172.05278138212495, "delay_noise": 0.0, "loss": 0.038250188316694377, "queue": 2.351627612154389}, "datetime": {"datetime": "2022-05-09 20:43:27", "elapsed": 139.957615, "delta": 16.526848}}
{"target": -167.13591622854236, "params": {"T_s": 11.735590480485355, "bandwidth_lower_bound": 0.1, "bandwidth_upper_bound": 0.5417075610750243, "delay": 166.35553897913195, "delay_noise": 0.0, "loss": 0, "queue": 0.6712018507679467}, "datetime": {"datetime": "2022-05-09 20:43:42", "elapsed": 154.856897, "delta": 14.899282}}
{"target": -50.56807603719034, "params": {"T_s": 14.276512312247986, "bandwidth_lower_bound": 0.1, "bandwidth_upper_bound": 3.2172294101534753, "delay": 178.3426403898167, "delay_noise": 0.0, "loss": 0, "queue": 1.4825161204675092}, "datetime": {"datetime": "2022-05-09 20:43:57", "elapsed": 170.316854, "delta": 15.459957}}
{"target": -207.84662419662652, "params": {"T_s": 22.12351699332449, "bandwidth_lower_bound": 0.1, "bandwidth_upper_bound": 0.23284903925272782, "delay": 176.56529250039114, "delay_noise": 0.0, "loss": 0, "queue": 0.5476431739705089}, "datetime": {"datetime": "2022-05-09 20:44:11", "elapsed": 183.781559, "delta": 13.464705}}
{"target": 2.3592554700596224, "params": {"T_s": 9.140371777171227, "bandwidth_lower_bound": 0.1, "bandwidth_upper_bound": 84.64594861752282, "delay": 174.41949689381394, "delay_noise": 0.0, "loss": 0.004655937367851542, "queue": 0.8842401819143821}, "datetime": {"datetime": "2022-05-09 20:44:40", "elapsed": 212.884756, "delta": 29.103197}}
