{"target": -199.29811108300228, "params": {"T_s": 13.345920905047977, "bandwidth_lower_bound": 0.1, "bandwidth_upper_bound": 16.07651353906192, "delay": 173.86463357618769, "delay_noise": 0.0, "loss": 0.04198225564381929, "queue": 2.7009441708023787}, "datetime": {"datetime": "2022-05-09 21:40:53", "elapsed": 0.0, "delta": 0.0}}
{"target": 224.71599401679913, "params": {"T_s": 7.081739922876888, "bandwidth_lower_bound": 0.1, "bandwidth_upper_bound": 9.759553685611676, "delay": 177.58668937540355, "delay_noise": 0.0, "loss": 0.005909674046101789, "queue": 2.636405216154713}, "datetime": {"datetime": "2022-05-09 21:41:03", "elapsed": 9.88002, "delta": 9.88002}}
{"target": -71.09734189673506, "params": {"T_s": 6.415919460670978, "bandwidth_lower_bound": 0.1, "bandwidth_upper_bound": 1.314656535845497, "delay": 159.15517896656795, "delay_noise": 0.0, "loss": 0, "queue": 0.4272734602595678}, "datetime": {"datetime": "2022-05-09 21:41:11", "elapsed": 17.868932, "delta": 7.988912}}
{"target": -810.5550284781291, "params": {"T_s": 9.850084908424016, "bandwidth_lower_bound": 0.1, "bandwidth_upper_bound": 0.3081190470008632, "delay": 15.98697658529463, "delay_noise": 0.0, "loss": 0, "queue": 1.8769683010605238}, "datetime": {"datetime": "2022-05-09 21:41:20", "elapsed": 26.254201, "delta": 8.385269}}
{"target": -162.53730521981342, "params": {"T_s": 13.04264582666646, "bandwidth_lower_bound": 0.1, "bandwidth_upper_bound": 0.4591647276732828, "delay": 145.66345551175561, "delay_noise": 0.0, "loss": 0.027291498523983715, "queue": 2.260632110783996}, "datetime": {"datetime": "2022-05-09 21:41:27", "elapsed": 34.057704, "delta": 7.803503}}
{"target": 17.55395292459093, "params": {"T_s": 14.821029981469277, "bandwidth_lower_bound": 0.1, "bandwidth_upper_bound": 6.075203294455134, "delay": 17.055319143594843, "delay_noise": 0.0, "loss": 0.037584731027168514, "queue": 1.8333024132125055}, "datetime": {"datetime": "2022-05-09 21:41:39", "elapsed": 45.75727, "delta": 11.699566}}
{"target": -169.5641129874541, "params": {"T_s": 3.6802355024561506, "bandwidth_lower_bound": 0.1, "bandwidth_upper_bound": 32.41830660519136, "delay": 183.12800408027329, "delay_noise": 0.0, "loss": 0.0002701216587530719, "queue": 2.1759429339238596}, "datetime": {"datetime": "2022-05-09 21:41:56", "elapsed": 62.990841, "delta": 17.233571}}
{"target": -261.67034917011324, "params": {"T_s": 27.776023539734172, "bandwidth_lower_bound": 0.1, "bandwidth_upper_bound": 11.273519939613, "delay": 105.01791495444007, "delay_noise": 0.0, "loss": 0.026152853982448432, "queue": 1.5698444382861008}, "datetime": {"datetime": "2022-05-09 21:42:11", "elapsed": 78.168749, "delta": 15.177908}}
{"target": -70.69872525022828, "params": {"T_s": 18.2902049201608, "bandwidth_lower_bound": 0.1, "bandwidth_upper_bound": 94.43493605694962, "delay": 43.65879675091267, "delay_noise": 0.0, "loss": 0.0025137252760984896, "queue": 2.7507193885355252}, "datetime": {"datetime": "2022-05-09 21:42:57", "elapsed": 123.40165, "delta": 45.232901}}
{"target": -71.41509159571416, "params": {"T_s": 4.528079977111798, "bandwidth_lower_bound": 0.1, "bandwidth_upper_bound": 18.3761368526872, "delay": 182.28600323149286, "delay_noise": 0.0, "loss": 0.040624061659111005, "queue": 1.0504431044979277}, "datetime": {"datetime": "2022-05-09 21:43:11", "elapsed": 137.764028, "delta": 14.362378}}
{"target": -103.70082086915755, "params": {"T_s": 3.106285570081992, "bandwidth_lower_bound": 0.1, "bandwidth_upper_bound": 0.9887186732015723, "delay": 176.0270103180087, "delay_noise": 0.0, "loss": 0.0031761014200283114, "queue": 1.9384411586257806}, "datetime": {"datetime": "2022-05-09 21:43:23", "elapsed": 149.709676, "delta": 11.945648}}
{"target": -198.26445657109505, "params": {"T_s": 10.062575865222554, "bandwidth_lower_bound": 0.1, "bandwidth_upper_bound": 0.27406814518066974, "delay": 180.69362979492846, "delay_noise": 0.0, "loss": 0.03916565532821096, "queue": 1.7350749786241593}, "datetime": {"datetime": "2022-05-09 21:43:34", "elapsed": 161.135222, "delta": 11.425546}}
{"target": -129.7065390646215, "params": {"T_s": 8.630323801270276, "bandwidth_lower_bound": 0.1, "bandwidth_upper_bound": 0.7615107948161044, "delay": 174.23687144778972, "delay_noise": 0.0, "loss": 0.00034034508595586437, "queue": 2.411753347247764}, "datetime": {"datetime": "2022-05-09 21:43:46", "elapsed": 173.214288, "delta": 12.079066}}
{"target": -90.26244035412815, "params": {"T_s": 6.273985936687993, "bandwidth_lower_bound": 0.1, "bandwidth_upper_bound": 0.8148341598631886, "delay": 178.58877833954014, "delay_noise": 0.0, "loss": 0, "queue": 0.47138965818197237}, "datetime": {"datetime": "2022-05-09 21:43:58", "elapsed": 185.070612, "delta": 11.856324}}
{"target": -101.93655872504223, "params": {"T_s": 19.081006025091618, "bandwidth_lower_bound": 0.1, "bandwidth_upper_bound": 26.64036821146139, "delay": 19.098051190621305, "delay_noise": 0.0, "loss": 0.0188315398586538, "queue": 1.3576329911710083}, "datetime": {"datetime": "2022-05-09 21:44:23", "elapsed": 209.629052, "delta": 24.55844}}
