{"target": -335.44651875482, "params": {"T_s": 22.141398526384453, "bandwidth_lower_bound": 0.1, "bandwidth_upper_bound": 0.2370834705433467, "delay": 80.7232890026232, "delay_noise": 0.0, "loss": 0.0007765905319615103, "queue": 0.71154140356431}, "datetime": {"datetime": "2022-05-09 22:00:06", "elapsed": 0.0, "delta": 0.0}}
{"target": 29.08608858957217, "params": {"T_s": 25.75187338221673, "bandwidth_lower_bound": 0.1, "bandwidth_upper_bound": 89.66860322160639, "delay": 40.15479281781892, "delay_noise": 0.0, "loss": 0, "queue": 0.27379077582763783}, "datetime": {"datetime": "2022-05-09 22:00:58", "elapsed": 51.630448, "delta": 51.630448}}
{"target": -290.396496351154, "params": {"T_s": 28.435749949811715, "bandwidth_lower_bound": 0.1, "bandwidth_upper_bound": 0.7619514562770012, "delay": 34.922193035406806, "delay_noise": 0.0, "loss": 0.0007744553473276889, "queue": 1.0625042397740427}, "datetime": {"datetime": "2022-05-09 22:01:11", "elapsed": 64.503198, "delta": 12.87275}}
{"target": -26.782629162505884, "params": {"T_s": 13.457496174166192, "bandwidth_lower_bound": 0.1, "bandwidth_upper_bound": 4.866096468682924, "delay": 166.51588542214654, "delay_noise": 0.0, "loss": 0.00016991350905359702, "queue": 0.4548227538836406}, "datetime": {"datetime": "2022-05-09 22:01:24", "elapsed": 77.730176, "delta": 13.226978}}
{"target": -56.694835472095335, "params": {"T_s": 23.441115199076744, "bandwidth_lower_bound": 0.1, "bandwidth_upper_bound": 14.999099251892053, "delay": 191.1189939948822, "delay_noise": 0.0, "loss": 0.00045090021140059425, "queue": 2.5551305897769065}, "datetime": {"datetime": "2022-05-09 22:01:43", "elapsed": 96.528016, "delta": 18.79784}}
{"target": 50.05428022316744, "params": {"T_s": 5.220650361925443, "bandwidth_lower_bound": 0.1, "bandwidth_upper_bound": 22.14903218361596, "delay": 135.66555196512712, "delay_noise": 0.0, "loss": 0, "queue": 2.0368646155732897}, "datetime": {"datetime": "2022-05-09 22:02:06", "elapsed": 119.967746, "delta": 23.43973}}
{"target": -23.985583576062766, "params": {"T_s": 8.284295803844817, "bandwidth_lower_bound": 0.1, "bandwidth_upper_bound": 3.9824390134065903, "delay": 13.716698222667256, "delay_noise": 0.0, "loss": 0.002089080228911655, "queue": 2.7081799085103992}, "datetime": {"datetime": "2022-05-09 22:02:22", "elapsed": 135.795083, "delta": 15.827337}}
{"target": -59.74132080037337, "params": {"T_s": 5.69581545464675, "bandwidth_lower_bound": 0.1, "bandwidth_upper_bound": 0.8932135307263874, "delay": 153.1266026426456, "delay_noise": 0.0, "loss": 0.027523712254690566, "queue": 1.593869455755484}, "datetime": {"datetime": "2022-05-09 22:02:33", "elapsed": 147.057557, "delta": 11.262474}}
{"target": -332.9036243891085, "params": {"T_s": 25.16378512082302, "bandwidth_lower_bound": 0.1, "bandwidth_upper_bound": 0.20913659545539912, "delay": 135.3926754144766, "delay_noise": 0.0, "loss": 0.017370672398646793, "queue": 2.991957394510206}, "datetime": {"datetime": "2022-05-09 22:02:44", "elapsed": 158.346703, "delta": 11.289146}}
{"target": -68.22694382800476, "params": {"T_s": 8.983883912324501, "bandwidth_lower_bound": 0.1, "bandwidth_upper_bound": 0.7148186214321999, "delay": 145.7972367625649, "delay_noise": 0.0, "loss": 0.01624953271185087, "queue": 0.6543327693645644}, "datetime": {"datetime": "2022-05-09 22:02:56", "elapsed": 169.450645, "delta": 11.103942}}
{"target": -15.93915812661632, "params": {"T_s": 15.818796467940281, "bandwidth_lower_bound": 0.1, "bandwidth_upper_bound": 36.35286350064123, "delay": 191.16363474169222, "delay_noise": 0.0, "loss": 0, "queue": 2.918226283836608}, "datetime": {"datetime": "2022-05-09 22:03:19", "elapsed": 193.017287, "delta": 23.566642}}
{"target": -326.3009831170173, "params": {"T_s": 9.50984316231214, "bandwidth_lower_bound": 0.1, "bandwidth_upper_bound": 0.1966421653876491, "delay": 58.95383517980984, "delay_noise": 0.0, "loss": 0.00018176128059885352, "queue": 2.1090266169031717}, "datetime": {"datetime": "2022-05-09 22:03:31", "elapsed": 204.509362, "delta": 11.492075}}
{"target": -293.5818539399196, "params": {"T_s": 14.41018590180191, "bandwidth_lower_bound": 0.1, "bandwidth_upper_bound": 0.39762333737347216, "delay": 101.29875682081328, "delay_noise": 0.0, "loss": 0, "queue": 1.747223663496298}, "datetime": {"datetime": "2022-05-09 22:03:42", "elapsed": 215.828964, "delta": 11.319602}}
{"target": -0.2449783436034636, "params": {"T_s": 18.070866267846146, "bandwidth_lower_bound": 0.1, "bandwidth_upper_bound": 19.44194024407439, "delay": 53.265442797197785, "delay_noise": 0.0, "loss": 0, "queue": 2.9369548173673805}, "datetime": {"datetime": "2022-05-09 22:04:01", "elapsed": 235.366475, "delta": 19.537511}}
{"target": -71.4912908341366, "params": {"T_s": 15.68244716265249, "bandwidth_lower_bound": 0.1, "bandwidth_upper_bound": 1.8919037201194586, "delay": 127.25495906092911, "delay_noise": 0.0, "loss": 0, "queue": 2.9179275137575}, "datetime": {"datetime": "2022-05-09 22:04:11", "elapsed": 245.324245, "delta": 9.95777}}
