{"target": 331.3136956711821, "params": {"T_s": 23.368298654735632, "bandwidth_lower_bound": 0.1, "bandwidth_upper_bound": 7.960579883076777, "delay": 150.26316874264515, "delay_noise": 0.0, "loss": 0, "queue": 0.754576021326947}, "datetime": {"datetime": "2022-05-09 15:17:13", "elapsed": 0.0, "delta": 0.0}}
{"target": -41.85158711478914, "params": {"T_s": 23.055390653769802, "bandwidth_lower_bound": 0.1, "bandwidth_upper_bound": 0.1840854411107584, "delay": 137.70124403682385, "delay_noise": 0.0, "loss": 0, "queue": 1.6341383374801743}, "datetime": {"datetime": "2022-05-09 15:17:21", "elapsed": 8.412369, "delta": 8.412369}}
{"target": 366.1924318052863, "params": {"T_s": 24.56600788791129, "bandwidth_lower_bound": 0.1, "bandwidth_upper_bound": 14.630728535036056, "delay": 59.79146149778536, "delay_noise": 0.0, "loss": 0.004398012401727209, "queue": 1.7191242304315315}, "datetime": {"datetime": "2022-05-09 15:17:32", "elapsed": 19.223251, "delta": 10.810882}}
{"target": 288.535306152143, "params": {"T_s": 5.122931380444282, "bandwidth_lower_bound": 0.1, "bandwidth_upper_bound": 10.529332619998273, "delay": 89.48296853575323, "delay_noise": 0.0, "loss": 0.001928213753333562, "queue": 1.6367870791522943}, "datetime": {"datetime": "2022-05-09 15:17:43", "elapsed": 29.552614, "delta": 10.329363}}
{"target": 378.13900854131964, "params": {"T_s": 19.86151827601255, "bandwidth_lower_bound": 0.1, "bandwidth_upper_bound": 26.04171552863374, "delay": 105.28613617393955, "delay_noise": 0.0, "loss": 0.00015166048594107096, "queue": 0.45328617795854065}, "datetime": {"datetime": "2022-05-09 15:17:55", "elapsed": 41.753937, "delta": 12.201323}}
{"target": 470.8641644504367, "params": {"T_s": 9.720301642449897, "bandwidth_lower_bound": 0.1, "bandwidth_upper_bound": 30.62273519768889, "delay": 11.285471239071454, "delay_noise": 0.0, "loss": 0.0010606017112594443, "queue": 2.4940035878761924}, "datetime": {"datetime": "2022-05-09 15:18:09", "elapsed": 56.031378, "delta": 14.277441}}
{"target": 216.70610845567379, "params": {"T_s": 6.769478650685556, "bandwidth_lower_bound": 0.1, "bandwidth_upper_bound": 1.1349008421937203, "delay": 151.42024292291174, "delay_noise": 0.0, "loss": 0.018609353841130206, "queue": 1.1114325859302965}, "datetime": {"datetime": "2022-05-09 15:18:18", "elapsed": 64.756336, "delta": 8.724958}}
{"target": -141.27737287701927, "params": {"T_s": 5.785461033855306, "bandwidth_lower_bound": 0.1, "bandwidth_upper_bound": 0.1907133626483571, "delay": 164.57892025171182, "delay_noise": 0.0, "loss": 0.00026354888572009986, "queue": 2.843929994268643}, "datetime": {"datetime": "2022-05-09 15:18:26", "elapsed": 73.05679, "delta": 8.300454}}
{"target": 210.47614218016093, "params": {"T_s": 29.641138772154296, "bandwidth_lower_bound": 0.1, "bandwidth_upper_bound": 30.08628267051226, "delay": 51.77207857299775, "delay_noise": 0.0, "loss": 0.02185878465390362, "queue": 1.696762256645082}, "datetime": {"datetime": "2022-05-09 15:18:36", "elapsed": 83.034142, "delta": 9.977352}}
{"target": 543.9083464601476, "params": {"T_s": 18.115839526577265, "bandwidth_lower_bound": 0.1, "bandwidth_upper_bound": 1.1790854384045446, "delay": 17.763391850880907, "delay_noise": 0.0, "loss": 0.00016724361176050353, "queue": 2.3667248293896685}, "datetime": {"datetime": "2022-05-09 15:18:44", "elapsed": 91.308183, "delta": 8.274041}}
{"target": 454.0164540587114, "params": {"T_s": 7.519102720394582, "bandwidth_lower_bound": 0.1, "bandwidth_upper_bound": 19.124590142517373, "delay": 35.48394563938202, "delay_noise": 0.0, "loss": 0.0034291377712844934, "queue": 2.8695013693458225}, "datetime": {"datetime": "2022-05-09 15:18:55", "elapsed": 101.881336, "delta": 10.573153}}
{"target": -47.78853144578778, "params": {"T_s": 16.84852387127588, "bandwidth_lower_bound": 0.1, "bandwidth_upper_bound": 0.13174352648017176, "delay": 118.97835515503633, "delay_noise": 0.0, "loss": 0, "queue": 1.7468205323121593}, "datetime": {"datetime": "2022-05-09 15:19:03", "elapsed": 109.828743, "delta": 7.947407}}
{"target": 117.20539496721176, "params": {"T_s": 17.912615229153555, "bandwidth_lower_bound": 0.1, "bandwidth_upper_bound": 0.18012218838760238, "delay": 15.494097868426872, "delay_noise": 0.0, "loss": 0.00015853350173283462, "queue": 2.056184274452135}, "datetime": {"datetime": "2022-05-09 15:19:11", "elapsed": 118.256752, "delta": 8.428009}}
{"target": -121.92169518249187, "params": {"T_s": 23.90728688892353, "bandwidth_lower_bound": 0.1, "bandwidth_upper_bound": 0.2019948065545806, "delay": 164.31608335248114, "delay_noise": 0.0, "loss": 0.00010182564875169614, "queue": 1.7637550719510724}, "datetime": {"datetime": "2022-05-09 15:19:19", "elapsed": 126.118235, "delta": 7.861483}}
{"target": -24.64090517739143, "params": {"T_s": 12.076889738778629, "bandwidth_lower_bound": 0.1, "bandwidth_upper_bound": 0.21668139223511787, "delay": 124.50250648788752, "delay_noise": 0.0, "loss": 0.0007348617390548783, "queue": 2.3400324788737152}, "datetime": {"datetime": "2022-05-09 15:19:27", "elapsed": 134.16558, "delta": 8.047345}}
