{"target": -266.14300467587907, "params": {"T_s": 28.840501796741638, "bandwidth_lower_bound": 0.1, "bandwidth_upper_bound": 99.9083709972361, "delay": 45.57332535700465, "delay_noise": 0.0, "loss": 0.005453984333593872, "queue": 2.9900760302494716}, "datetime": {"datetime": "2022-05-09 19:32:28", "elapsed": 0.0, "delta": 0.0}}
{"target": -95.09669555098088, "params": {"T_s": 10.174062355927644, "bandwidth_lower_bound": 0.1, "bandwidth_upper_bound": 1.4188615846867303, "delay": 65.46281814590824, "delay_noise": 0.0, "loss": 0.004217367791244548, "queue": 2.7203988054654458}, "datetime": {"datetime": "2022-05-09 19:32:36", "elapsed": 7.89986, "delta": 7.89986}}
{"target": -201.4793789045213, "params": {"T_s": 16.489347736733897, "bandwidth_lower_bound": 0.1, "bandwidth_upper_bound": 10.36142977110159, "delay": 113.22236324800124, "delay_noise": 0.0, "loss": 0.020179643176721485, "queue": 2.55978273878212}, "datetime": {"datetime": "2022-05-09 19:32:46", "elapsed": 17.693308, "delta": 9.793448}}
{"target": 16.0038327829526, "params": {"T_s": 9.874365108539067, "bandwidth_lower_bound": 0.1, "bandwidth_upper_bound": 10.982888670456317, "delay": 194.1446569582735, "delay_noise": 0.0, "loss": 0.030625757710764274, "queue": 1.9982313474238242}, "datetime": {"datetime": "2022-05-09 19:32:55", "elapsed": 26.189949, "delta": 8.496641}}
{"target": -55.88397053079126, "params": {"T_s": 18.824781381420443, "bandwidth_lower_bound": 0.1, "bandwidth_upper_bound": 2.871412633902128, "delay": 161.82942127890584, "delay_noise": 0.0, "loss": 0.0009501997749514354, "queue": 2.321834539592432}, "datetime": {"datetime": "2022-05-09 19:33:03", "elapsed": 34.671394, "delta": 8.481445}}
{"target": -34.27044638147413, "params": {"T_s": 15.490629697011343, "bandwidth_lower_bound": 0.1, "bandwidth_upper_bound": 7.229201433989462, "delay": 172.59960745192254, "delay_noise": 0.0, "loss": 0.0003074884331489297, "queue": 1.9482501740476792}, "datetime": {"datetime": "2022-05-09 19:33:12", "elapsed": 43.749885, "delta": 9.078491}}
{"target": 27.067888359214855, "params": {"T_s": 5.148064470633153, "bandwidth_lower_bound": 0.1, "bandwidth_upper_bound": 1.7802858183373003, "delay": 112.26283044628808, "delay_noise": 0.0, "loss": 0.0003264918858863082, "queue": 2.2629040582722326}, "datetime": {"datetime": "2022-05-09 19:33:20", "elapsed": 51.432417, "delta": 7.682532}}
{"target": -251.43625973656725, "params": {"T_s": 29.868069556621226, "bandwidth_lower_bound": 0.1, "bandwidth_upper_bound": 0.10140743966373494, "delay": 194.32367525939935, "delay_noise": 0.0, "loss": 0.0038676585274205013, "queue": 0.4730690719341936}, "datetime": {"datetime": "2022-05-09 19:33:27", "elapsed": 58.702618, "delta": 7.270201}}
{"target": -43.1136532894501, "params": {"T_s": 17.629442128633638, "bandwidth_lower_bound": 0.1, "bandwidth_upper_bound": 4.815852223453564, "delay": 71.45096722264744, "delay_noise": 0.0, "loss": 0.017932880682266783, "queue": 0.5194703816421223}, "datetime": {"datetime": "2022-05-09 19:33:37", "elapsed": 68.298357, "delta": 9.595739}}
{"target": -113.19292159717514, "params": {"T_s": 1.9117253578654143, "bandwidth_lower_bound": 0.1, "bandwidth_upper_bound": 0.7349036816639841, "delay": 89.5059358352349, "delay_noise": 0.0, "loss": 0.0016141183929267676, "queue": 2.034800928736467}, "datetime": {"datetime": "2022-05-09 19:33:44", "elapsed": 75.562299, "delta": 7.263942}}
{"target": 275.27785377272016, "params": {"T_s": 5.827603102707567, "bandwidth_lower_bound": 0.1, "bandwidth_upper_bound": 55.31408766286504, "delay": 113.8391482630772, "delay_noise": 0.0, "loss": 0, "queue": 2.1114278818024648}, "datetime": {"datetime": "2022-05-09 19:34:03", "elapsed": 94.270354, "delta": 18.708055}}
{"target": -21.70949634268291, "params": {"T_s": 8.155834997197859, "bandwidth_lower_bound": 0.1, "bandwidth_upper_bound": 4.941057537860676, "delay": 116.56124818204351, "delay_noise": 0.0, "loss": 0.00013758754692143717, "queue": 2.978693159555448}, "datetime": {"datetime": "2022-05-09 19:34:12", "elapsed": 103.236644, "delta": 8.96629}}
{"target": 96.87506729033569, "params": {"T_s": 2.7440611154870136, "bandwidth_lower_bound": 0.1, "bandwidth_upper_bound": 14.5104192757644, "delay": 116.01200798096062, "delay_noise": 0.0, "loss": 0, "queue": 2.0276168651136235}, "datetime": {"datetime": "2022-05-09 19:34:22", "elapsed": 113.823989, "delta": 10.587345}}
{"target": 45.13055558527006, "params": {"T_s": 10.580923072036176, "bandwidth_lower_bound": 0.1, "bandwidth_upper_bound": 93.41286641511228, "delay": 111.13614616834268, "delay_noise": 0.0, "loss": 0, "queue": 1.2995794895820278}, "datetime": {"datetime": "2022-05-09 19:34:50", "elapsed": 141.116994, "delta": 27.293005}}
{"target": 23.951554913689677, "params": {"T_s": 4.053835928924915, "bandwidth_lower_bound": 0.1, "bandwidth_upper_bound": 5.107737917985051, "delay": 121.41187581264705, "delay_noise": 0.0, "loss": 0.00010109943063578077, "queue": 0.5026821965148542}, "datetime": {"datetime": "2022-05-09 19:34:59", "elapsed": 150.209926, "delta": 9.092932}}
