{"target": -136.6858306161954, "params": {"T_s": 18.05579323124095, "bandwidth_lower_bound": 0.1, "bandwidth_upper_bound": 47.270716859926225, "delay": 163.53582050692143, "delay_noise": 0.0, "loss": 0.003621184264265782, "queue": 1.2603066376151426}, "datetime": {"datetime": "2022-05-09 17:53:17", "elapsed": 0.0, "delta": 0.0}}
{"target": -268.04773756080624, "params": {"T_s": 16.03681741799434, "bandwidth_lower_bound": 0.1, "bandwidth_upper_bound": 0.381549293433095, "delay": 55.918647609183616, "delay_noise": 0.0, "loss": 0.007877254350020164, "queue": 2.580917391369987}, "datetime": {"datetime": "2022-05-09 17:53:29", "elapsed": 11.817247, "delta": 11.817247}}
{"target": -450.08004564927955, "params": {"T_s": 23.482101925836517, "bandwidth_lower_bound": 0.1, "bandwidth_upper_bound": 0.22391397790244863, "delay": 150.7535784985648, "delay_noise": 0.0, "loss": 0, "queue": 2.601351487275335}, "datetime": {"datetime": "2022-05-09 17:53:40", "elapsed": 23.107772, "delta": 11.290525}}
{"target": -340.57759485119425, "params": {"T_s": 28.54359175731478, "bandwidth_lower_bound": 0.1, "bandwidth_upper_bound": 0.3438282521735949, "delay": 154.50988276140325, "delay_noise": 0.0, "loss": 0.002162922602991903, "queue": 2.550594184158377}, "datetime": {"datetime": "2022-05-09 17:53:52", "elapsed": 34.356445, "delta": 11.248673}}
{"target": 4.796573950640649, "params": {"T_s": 14.370142492480491, "bandwidth_lower_bound": 0.1, "bandwidth_upper_bound": 10.920269405912826, "delay": 130.85561099641936, "delay_noise": 0.0, "loss": 0, "queue": 2.3600463874039757}, "datetime": {"datetime": "2022-05-09 17:54:06", "elapsed": 48.397145, "delta": 14.0407}}
{"target": -49.32036393240804, "params": {"T_s": 14.948539836689731, "bandwidth_lower_bound": 0.1, "bandwidth_upper_bound": 3.403479730716926, "delay": 54.19850807469124, "delay_noise": 0.0, "loss": 0.002083370477034057, "queue": 1.760859469602391}, "datetime": {"datetime": "2022-05-09 17:54:16", "elapsed": 58.687359, "delta": 10.290214}}
{"target": -219.9285161014727, "params": {"T_s": 10.238807227814258, "bandwidth_lower_bound": 0.1, "bandwidth_upper_bound": 0.5941878370364994, "delay": 117.28374241047268, "delay_noise": 0.0, "loss": 0.001631289369036997, "queue": 2.5123060163168285}, "datetime": {"datetime": "2022-05-09 17:54:25", "elapsed": 67.58534, "delta": 8.897981}}
{"target": -37.222744973394114, "params": {"T_s": 5.53535983681747, "bandwidth_lower_bound": 0.1, "bandwidth_upper_bound": 1.6824040154956446, "delay": 156.18020506393935, "delay_noise": 0.0, "loss": 0.008085799373759316, "queue": 1.858403652236276}, "datetime": {"datetime": "2022-05-09 17:54:38", "elapsed": 80.87292, "delta": 13.28758}}
{"target": -73.73225718413039, "params": {"T_s": 20.270186881942497, "bandwidth_lower_bound": 0.1, "bandwidth_upper_bound": 1.8919490507674346, "delay": 103.68653008403317, "delay_noise": 0.0, "loss": 0, "queue": 2.182725066508239}, "datetime": {"datetime": "2022-05-09 17:54:51", "elapsed": 93.484607, "delta": 12.611687}}
{"target": -58.674982467155644, "params": {"T_s": 18.99248740629328, "bandwidth_lower_bound": 0.1, "bandwidth_upper_bound": 2.3890673712415524, "delay": 77.20149983110106, "delay_noise": 0.0, "loss": 0.001151386792385427, "queue": 0.43565808475309303}, "datetime": {"datetime": "2022-05-09 17:55:04", "elapsed": 106.811269, "delta": 13.326662}}
{"target": -26.020324456693302, "params": {"T_s": 21.060969871007632, "bandwidth_lower_bound": 0.1, "bandwidth_upper_bound": 3.5936256658450603, "delay": 132.27439018064499, "delay_noise": 0.0, "loss": 0.00010169833756099303, "queue": 2.212096614083264}, "datetime": {"datetime": "2022-05-09 17:55:19", "elapsed": 121.405603, "delta": 14.594334}}
{"target": -13.040789510808528, "params": {"T_s": 29.808749524526334, "bandwidth_lower_bound": 0.1, "bandwidth_upper_bound": 74.12702384711254, "delay": 156.34034955963037, "delay_noise": 0.0, "loss": 0, "queue": 1.9121087921833226}, "datetime": {"datetime": "2022-05-09 17:56:00", "elapsed": 162.403681, "delta": 40.998078}}
{"target": -370.57679373490055, "params": {"T_s": 15.474025327489116, "bandwidth_lower_bound": 0.1, "bandwidth_upper_bound": 0.2481762946604463, "delay": 113.97989604771048, "delay_noise": 0.0, "loss": 0.006792072776740697, "queue": 2.869424495510184}, "datetime": {"datetime": "2022-05-09 17:56:11", "elapsed": 173.968483, "delta": 11.564802}}
{"target": 76.42729341665915, "params": {"T_s": 13.84742519233252, "bandwidth_lower_bound": 0.1, "bandwidth_upper_bound": 74.9915079899812, "delay": 165.0089327368056, "delay_noise": 0.0, "loss": 0, "queue": 2.2413022843739223}, "datetime": {"datetime": "2022-05-09 17:57:00", "elapsed": 222.621663, "delta": 48.65318}}
{"target": -472.9944652352909, "params": {"T_s": 29.79170090381231, "bandwidth_lower_bound": 0.1, "bandwidth_upper_bound": 0.1178377652996322, "delay": 179.27997815351898, "delay_noise": 0.0, "loss": 0.0005201423402031528, "queue": 1.7899960326177469}, "datetime": {"datetime": "2022-05-09 17:57:11", "elapsed": 233.654615, "delta": 11.032952}}
