{"target": 4.4885047451614355, "params": {"T_s": 2.4130215434646916, "bandwidth_lower_bound": 0.1, "bandwidth_upper_bound": 14.551207724569945, "delay": 6.280017483358058, "delay_noise": 0.0, "loss": 0, "queue": 1.0463613031009271}, "datetime": {"datetime": "2022-05-09 18:38:28", "elapsed": 0.0, "delta": 0.0}}
{"target": -96.86742870048391, "params": {"T_s": 20.253398544116298, "bandwidth_lower_bound": 0.1, "bandwidth_upper_bound": 5.633442017222582, "delay": 15.775049013294907, "delay_noise": 0.0, "loss": 0, "queue": 0.6987490523665953}, "datetime": {"datetime": "2022-05-09 18:39:01", "elapsed": 33.339725, "delta": 33.339725}}
{"target": -12.699370404839584, "params": {"T_s": 15.381956944958517, "bandwidth_lower_bound": 0.1, "bandwidth_upper_bound": 18.916095874742094, "delay": 194.1560548191332, "delay_noise": 0.0, "loss": 0.00026385341228444084, "queue": 1.344411322442451}, "datetime": {"datetime": "2022-05-09 18:39:26", "elapsed": 58.28476, "delta": 24.945035}}
{"target": -4.441465901032984, "params": {"T_s": 21.687452408649882, "bandwidth_lower_bound": 0.1, "bandwidth_upper_bound": 36.50132385015482, "delay": 182.8064659831375, "delay_noise": 0.0, "loss": 0.0008150538367177688, "queue": 0.6699401426202205}, "datetime": {"datetime": "2022-05-09 18:40:02", "elapsed": 94.561787, "delta": 36.277027}}
{"target": -172.5792760612833, "params": {"T_s": 9.662076456657104, "bandwidth_lower_bound": 0.1, "bandwidth_upper_bound": 0.9586006736497134, "delay": 93.10778609100926, "delay_noise": 0.0, "loss": 0, "queue": 2.4396313154291343}, "datetime": {"datetime": "2022-05-09 18:40:23", "elapsed": 115.644809, "delta": 21.083022}}
{"target": -221.30652889557982, "params": {"T_s": 22.073849029599526, "bandwidth_lower_bound": 0.1, "bandwidth_upper_bound": 0.634695492072146, "delay": 123.73529280739005, "delay_noise": 0.0, "loss": 0.0002696844974251172, "queue": 1.3489917000038925}, "datetime": {"datetime": "2022-05-09 18:40:44", "elapsed": 136.257636, "delta": 20.612827}}
{"target": -281.0452565414146, "params": {"T_s": 24.494568935286477, "bandwidth_lower_bound": 0.1, "bandwidth_upper_bound": 49.54741664980947, "delay": 99.02638055970556, "delay_noise": 0.0, "loss": 0.015034222925633124, "queue": 2.4076464021950605}, "datetime": {"datetime": "2022-05-09 18:41:24", "elapsed": 175.800521, "delta": 39.542885}}
{"target": -65.02586329145544, "params": {"T_s": 26.742007679008886, "bandwidth_lower_bound": 0.1, "bandwidth_upper_bound": 2.3076552208868018, "delay": 62.57120262819339, "delay_noise": 0.0, "loss": 0, "queue": 1.323630195745928}, "datetime": {"datetime": "2022-05-09 18:41:53", "elapsed": 204.76019, "delta": 28.959669}}
{"target": -242.65847662096084, "params": {"T_s": 7.705157133269735, "bandwidth_lower_bound": 0.1, "bandwidth_upper_bound": 45.583133230539026, "delay": 66.89283490167963, "delay_noise": 0.0, "loss": 0.008908885802377855, "queue": 2.0639422137677452}, "datetime": {"datetime": "2022-05-09 18:42:35", "elapsed": 247.473279, "delta": 42.713089}}
{"target": -64.59384019417979, "params": {"T_s": 8.079262404960431, "bandwidth_lower_bound": 0.1, "bandwidth_upper_bound": 2.5281542695809587, "delay": 148.3435279428497, "delay_noise": 0.0, "loss": 0.015714563234291178, "queue": 2.166060017611517}, "datetime": {"datetime": "2022-05-09 18:42:55", "elapsed": 267.637601, "delta": 20.164322}}
{"target": -707.7612077249869, "params": {"T_s": 1.7765960683836497, "bandwidth_lower_bound": 0.1, "bandwidth_upper_bound": 0.8984240434991536, "delay": 6.923263698606464, "delay_noise": 0.0, "loss": 0.0017430549014560667, "queue": 0.7170744171044838}, "datetime": {"datetime": "2022-05-09 18:43:26", "elapsed": 298.531201, "delta": 30.8936}}
{"target": -88.6691831050889, "params": {"T_s": 9.071195099130277, "bandwidth_lower_bound": 0.1, "bandwidth_upper_bound": 1.4856381121659534, "delay": 160.9955876086765, "delay_noise": 0.0, "loss": 0.0036871915515964034, "queue": 1.9249945792614778}, "datetime": {"datetime": "2022-05-09 18:43:42", "elapsed": 313.96616, "delta": 15.434959}}
{"target": -143.24604764081218, "params": {"T_s": 24.532398597126427, "bandwidth_lower_bound": 0.1, "bandwidth_upper_bound": 23.347486771438962, "delay": 193.70372579550346, "delay_noise": 0.0, "loss": 0.011565822949122654, "queue": 1.7630704656649547}, "datetime": {"datetime": "2022-05-09 18:43:59", "elapsed": 330.884493, "delta": 16.918333}}
{"target": -216.89474591473217, "params": {"T_s": 27.12694537317882, "bandwidth_lower_bound": 0.1, "bandwidth_upper_bound": 37.22600741127955, "delay": 141.41142521681883, "delay_noise": 0.0, "loss": 0.015978795257296403, "queue": 1.878617162036901}, "datetime": {"datetime": "2022-05-09 18:44:15", "elapsed": 346.792688, "delta": 15.908195}}
{"target": -225.94257521179995, "params": {"T_s": 23.157432023580522, "bandwidth_lower_bound": 0.1, "bandwidth_upper_bound": 0.7638319135821253, "delay": 189.7847002155499, "delay_noise": 0.0, "loss": 0, "queue": 2.946923234664671}, "datetime": {"datetime": "2022-05-09 18:44:28", "elapsed": 360.354042, "delta": 13.561354}}
