{"target": -131.78610929647698, "params": {"T_s": 5.4707224290104985, "bandwidth_lower_bound": 0.1, "bandwidth_upper_bound": 0.6165169845402052, "delay": 107.68039988929895, "delay_noise": 0.0, "loss": 0.025032107655274707, "queue": 2.722001591527634}, "datetime": {"datetime": "2022-05-09 15:38:27", "elapsed": 0.0, "delta": 0.0}}
{"target": -199.7020257321951, "params": {"T_s": 1.9692214011639932, "bandwidth_lower_bound": 0.1, "bandwidth_upper_bound": 0.2580049059139254, "delay": 58.19801388567328, "delay_noise": 0.0, "loss": 0.031098716247325523, "queue": 2.587659515105998}, "datetime": {"datetime": "2022-05-09 15:38:42", "elapsed": 14.716898, "delta": 14.716898}}
{"target": 10.784345607500612, "params": {"T_s": 1.0655177720368925, "bandwidth_lower_bound": 0.1, "bandwidth_upper_bound": 4.530153310891031, "delay": 98.10472790521652, "delay_noise": 0.0, "loss": 0, "queue": 2.3407692609488606}, "datetime": {"datetime": "2022-05-09 15:38:57", "elapsed": 30.195439, "delta": 15.478541}}
{"target": -315.27055039548634, "params": {"T_s": 1.6034841406099187, "bandwidth_lower_bound": 0.1, "bandwidth_upper_bound": 0.22326418039536883, "delay": 63.35972172902579, "delay_noise": 0.0, "loss": 0.000553484854388903, "queue": 2.4852712345288754}, "datetime": {"datetime": "2022-05-09 15:39:10", "elapsed": 43.647355, "delta": 13.451916}}
{"target": -227.4666650347471, "params": {"T_s": 9.398016722386053, "bandwidth_lower_bound": 0.1, "bandwidth_upper_bound": 12.81938131094414, "delay": 66.85875630015776, "delay_noise": 0.0, "loss": 0.04148512866020409, "queue": 1.9488299128589865}, "datetime": {"datetime": "2022-05-09 15:39:27", "elapsed": 60.019854, "delta": 16.372499}}
{"target": 31.645050512652716, "params": {"T_s": 28.559092216286235, "bandwidth_lower_bound": 0.1, "bandwidth_upper_bound": 29.855734475187234, "delay": 82.51477975771901, "delay_noise": 0.0, "loss": 0.0003033605949114307, "queue": 2.986386848947964}, "datetime": {"datetime": "2022-05-09 15:39:46", "elapsed": 79.379482, "delta": 19.359628}}
{"target": -46.84781463621289, "params": {"T_s": 6.14936110219879, "bandwidth_lower_bound": 0.1, "bandwidth_upper_bound": 1.8103010811173157, "delay": 85.96238441709775, "delay_noise": 0.0, "loss": 0.00024122547783863362, "queue": 1.5034226804830306}, "datetime": {"datetime": "2022-05-09 15:39:58", "elapsed": 91.295898, "delta": 11.916416}}
{"target": 91.32615626337139, "params": {"T_s": 2.019879582653338, "bandwidth_lower_bound": 0.1, "bandwidth_upper_bound": 15.760213425413244, "delay": 127.96759877890777, "delay_noise": 0.0, "loss": 0.00012892766501897541, "queue": 0.8183870583208794}, "datetime": {"datetime": "2022-05-09 15:40:17", "elapsed": 110.481797, "delta": 19.185899}}
{"target": -235.02094043768642, "params": {"T_s": 2.595579806865804, "bandwidth_lower_bound": 0.1, "bandwidth_upper_bound": 1.7746347111102936, "delay": 11.547312465462937, "delay_noise": 0.0, "loss": 0.009381100194014448, "queue": 0.5180848147114876}, "datetime": {"datetime": "2022-05-09 15:40:37", "elapsed": 130.328349, "delta": 19.846552}}
{"target": -7.263186484843416, "params": {"T_s": 9.03639921833069, "bandwidth_lower_bound": 0.1, "bandwidth_upper_bound": 3.0075434915305452, "delay": 102.29810298228277, "delay_noise": 0.0, "loss": 0.020403538915597506, "queue": 1.8961775407796377}, "datetime": {"datetime": "2022-05-09 15:40:54", "elapsed": 147.293687, "delta": 16.965338}}
{"target": 5.631888311925508, "params": {"T_s": 3.850095249355091, "bandwidth_lower_bound": 0.1, "bandwidth_upper_bound": 21.705317753687467, "delay": 148.74034522812332, "delay_noise": 0.0, "loss": 0, "queue": 1.1163332570200162}, "datetime": {"datetime": "2022-05-09 15:41:16", "elapsed": 169.606542, "delta": 22.312855}}
{"target": -127.54807965584797, "params": {"T_s": 23.173833486358156, "bandwidth_lower_bound": 0.1, "bandwidth_upper_bound": 44.962842846063, "delay": 133.43198673661794, "delay_noise": 0.0, "loss": 0.037995507319372984, "queue": 0.40515871484732313}, "datetime": {"datetime": "2022-05-09 15:41:37", "elapsed": 190.649117, "delta": 21.042575}}
{"target": -411.39436023696805, "params": {"T_s": 29.907517103188198, "bandwidth_lower_bound": 0.1, "bandwidth_upper_bound": 0.13505412757700314, "delay": 103.73382598301276, "delay_noise": 0.0, "loss": 0.001047268665875542, "queue": 2.102673104896551}, "datetime": {"datetime": "2022-05-09 15:41:50", "elapsed": 203.511957, "delta": 12.86284}}
{"target": -66.75456192524933, "params": {"T_s": 2.4705231133538286, "bandwidth_lower_bound": 0.1, "bandwidth_upper_bound": 3.1931398121617325, "delay": 171.2603662984768, "delay_noise": 0.0, "loss": 0.0008325683782562673, "queue": 2.3050802544887548}, "datetime": {"datetime": "2022-05-09 15:42:05", "elapsed": 218.306916, "delta": 14.794959}}
{"target": -156.65591534649127, "params": {"T_s": 23.39753960199467, "bandwidth_lower_bound": 0.1, "bandwidth_upper_bound": 0.9545996443144091, "delay": 160.42334823312353, "delay_noise": 0.0, "loss": 0, "queue": 1.4910067494200205}, "datetime": {"datetime": "2022-05-09 15:42:19", "elapsed": 232.121532, "delta": 13.814616}}
