{"target": 54.289877225043, "params": {"T_s": 23.553369906640786, "bandwidth_lower_bound": 0.1, "bandwidth_upper_bound": 29.70541321550833, "delay": 193.21834121251396, "delay_noise": 0.0, "loss": 0.0004757015284708271, "queue": 1.905318895731578}, "datetime": {"datetime": "2022-05-09 15:55:20", "elapsed": 0.0, "delta": 0.0}}
{"target": -12.414897515789733, "params": {"T_s": 23.490268923540555, "bandwidth_lower_bound": 0.1, "bandwidth_upper_bound": 14.657324017493965, "delay": 8.937231772084589, "delay_noise": 0.0, "loss": 0, "queue": 2.599770639244157}, "datetime": {"datetime": "2022-05-09 15:55:40", "elapsed": 19.857514, "delta": 19.857514}}
{"target": -223.8758485255808, "params": {"T_s": 11.812766808369418, "bandwidth_lower_bound": 0.1, "bandwidth_upper_bound": 0.5872727477498225, "delay": 70.82108060019341, "delay_noise": 0.0, "loss": 0.00021159092401678808, "queue": 2.857463708698989}, "datetime": {"datetime": "2022-05-09 15:55:51", "elapsed": 31.147438, "delta": 11.289924}}
{"target": 1.1130668951134908, "params": {"T_s": 7.319071264818978, "bandwidth_lower_bound": 0.1, "bandwidth_upper_bound": 56.66529551558119, "delay": 8.316925955099157, "delay_noise": 0.0, "loss": 0.002136846256581369, "queue": 2.646677641182708}, "datetime": {"datetime": "2022-05-09 15:56:36", "elapsed": 75.896111, "delta": 44.748673}}
{"target": 58.27245426666639, "params": {"T_s": 1.252756236809761, "bandwidth_lower_bound": 0.1, "bandwidth_upper_bound": 27.448809492355785, "delay": 16.992054342108812, "delay_noise": 0.0, "loss": 0.000765226201570777, "queue": 1.5436734961898726}, "datetime": {"datetime": "2022-05-09 15:57:02", "elapsed": 101.80289, "delta": 25.906779}}
{"target": -301.6983947990369, "params": {"T_s": 28.71165020300092, "bandwidth_lower_bound": 0.1, "bandwidth_upper_bound": 0.5507266629471409, "delay": 143.02207022649353, "delay_noise": 0.0, "loss": 0.00010583401465885948, "queue": 2.1472472671497287}, "datetime": {"datetime": "2022-05-09 15:57:16", "elapsed": 116.424425, "delta": 14.621535}}
{"target": -170.80239680952252, "params": {"T_s": 27.638000696232513, "bandwidth_lower_bound": 0.1, "bandwidth_upper_bound": 2.3673226417073954, "delay": 52.09255119865828, "delay_noise": 0.0, "loss": 0.0017227549160499411, "queue": 2.3626605271055623}, "datetime": {"datetime": "2022-05-09 15:57:32", "elapsed": 132.205759, "delta": 15.781334}}
{"target": -23.701774453356336, "params": {"T_s": 2.9696074070380205, "bandwidth_lower_bound": 0.1, "bandwidth_upper_bound": 4.4134711515564025, "delay": 29.321238446134938, "delay_noise": 0.0, "loss": 0, "queue": 0.6250026552365233}, "datetime": {"datetime": "2022-05-09 15:57:52", "elapsed": 152.432335, "delta": 20.226576}}
{"target": -263.39367960379275, "params": {"T_s": 27.85383990521632, "bandwidth_lower_bound": 0.1, "bandwidth_upper_bound": 0.5163887422036354, "delay": 114.63928000619896, "delay_noise": 0.0, "loss": 0, "queue": 2.5511838291649984}, "datetime": {"datetime": "2022-05-09 15:58:07", "elapsed": 166.689181, "delta": 14.256846}}
{"target": -139.0050059721901, "params": {"T_s": 12.75426528824581, "bandwidth_lower_bound": 0.1, "bandwidth_upper_bound": 0.3739040557611985, "delay": 99.14674713890184, "delay_noise": 0.0, "loss": 0.04398892544923429, "queue": 2.6494022048581245}, "datetime": {"datetime": "2022-05-09 15:58:22", "elapsed": 181.668793, "delta": 14.979612}}
{"target": -22.130055144589676, "params": {"T_s": 2.7865080270888845, "bandwidth_lower_bound": 0.1, "bandwidth_upper_bound": 3.8253771835504775, "delay": 15.357617910103214, "delay_noise": 0.0, "loss": 0.003917681806483089, "queue": 1.837752285906812}, "datetime": {"datetime": "2022-05-09 15:58:42", "elapsed": 202.495294, "delta": 20.826501}}
{"target": 68.58933291289242, "params": {"T_s": 11.073150770116508, "bandwidth_lower_bound": 0.1, "bandwidth_upper_bound": 25.07149460545441, "delay": 191.09293807402193, "delay_noise": 0.0, "loss": 0.00875820663922278, "queue": 1.902266027113545}, "datetime": {"datetime": "2022-05-09 15:59:02", "elapsed": 221.785979, "delta": 19.290685}}
{"target": -93.98996764630067, "params": {"T_s": 19.97710544760308, "bandwidth_lower_bound": 0.1, "bandwidth_upper_bound": 0.333636543150938, "delay": 177.7902997058742, "delay_noise": 0.0, "loss": 0.019484510420709256, "queue": 0.48037446263581085}, "datetime": {"datetime": "2022-05-09 15:59:17", "elapsed": 236.618073, "delta": 14.832094}}
{"target": 39.21821359432505, "params": {"T_s": 1.5794332143388536, "bandwidth_lower_bound": 0.1, "bandwidth_upper_bound": 8.041237754349497, "delay": 179.37626583483703, "delay_noise": 0.0, "loss": 0.0004800109568391889, "queue": 0.44748665629476003}, "datetime": {"datetime": "2022-05-09 15:59:33", "elapsed": 253.474295, "delta": 16.856222}}
{"target": 42.041759730955505, "params": {"T_s": 1.0214629670640452, "bandwidth_lower_bound": 0.1, "bandwidth_upper_bound": 17.665315999277535, "delay": 162.26637229609432, "delay_noise": 0.0, "loss": 0.03194960995283289, "queue": 1.1906515972146297}, "datetime": {"datetime": "2022-05-09 15:59:50", "elapsed": 270.06204, "delta": 16.587745}}
