{"target": -19.320577803532444, "params": {"T_s": 15.904356969408017, "bandwidth_lower_bound": 0.1, "bandwidth_upper_bound": 40.85856006398574, "delay": 3.593295808903946, "delay_noise": 0.0, "loss": 0.034852238396968396, "queue": 1.6367267943500838}, "datetime": {"datetime": "2022-05-09 16:13:30", "elapsed": 0.0, "delta": 0.0}}
{"target": -97.65363305302967, "params": {"T_s": 10.23024832129086, "bandwidth_lower_bound": 0.1, "bandwidth_upper_bound": 0.4610678363220656, "delay": 161.68330886900546, "delay_noise": 0.0, "loss": 0.0009848735883072703, "queue": 0.21644659954296333}, "datetime": {"datetime": "2022-05-09 16:13:44", "elapsed": 13.991149, "delta": 13.991149}}
{"target": -186.39815100376052, "params": {"T_s": 20.521421867235237, "bandwidth_lower_bound": 0.1, "bandwidth_upper_bound": 62.75853233087524, "delay": 76.10046039733544, "delay_noise": 0.0, "loss": 0.006651116512387934, "queue": 2.6373984747609005}, "datetime": {"datetime": "2022-05-09 16:14:19", "elapsed": 49.152344, "delta": 35.161195}}
{"target": 136.96815363569507, "params": {"T_s": 4.193224169441448, "bandwidth_lower_bound": 0.1, "bandwidth_upper_bound": 2.6589936357136534, "delay": 135.241470394984, "delay_noise": 0.0, "loss": 0.0039228219372556255, "queue": 2.0396001662479346}, "datetime": {"datetime": "2022-05-09 16:14:34", "elapsed": 63.89701, "delta": 14.744666}}
{"target": -3.0458045590941083, "params": {"T_s": 6.278224973644933, "bandwidth_lower_bound": 0.1, "bandwidth_upper_bound": 45.98459551728327, "delay": 18.50313388785184, "delay_noise": 0.0, "loss": 0, "queue": 2.2481471544036395}, "datetime": {"datetime": "2022-05-09 16:15:16", "elapsed": 105.986076, "delta": 42.089066}}
{"target": 31.628817267767772, "params": {"T_s": 22.53282929481277, "bandwidth_lower_bound": 0.1, "bandwidth_upper_bound": 94.22127931542553, "delay": 91.52318515416158, "delay_noise": 0.0, "loss": 0.00019984179036782127, "queue": 2.2014726659907278}, "datetime": {"datetime": "2022-05-09 16:16:11", "elapsed": 160.886481, "delta": 54.900405}}
{"target": -146.55678905114985, "params": {"T_s": 11.365625534301202, "bandwidth_lower_bound": 0.1, "bandwidth_upper_bound": 0.8866597887522047, "delay": 199.76331308986622, "delay_noise": 0.0, "loss": 0.0005107509505488947, "queue": 2.258750710755125}, "datetime": {"datetime": "2022-05-09 16:16:25", "elapsed": 174.560742, "delta": 13.674261}}
{"target": -451.1988070899463, "params": {"T_s": 28.36668957161543, "bandwidth_lower_bound": 0.1, "bandwidth_upper_bound": 0.4337746097169381, "delay": 28.23056736421122, "delay_noise": 0.0, "loss": 0.04820657939592207, "queue": 0.8906083293684754}, "datetime": {"datetime": "2022-05-09 16:16:37", "elapsed": 186.938123, "delta": 12.377381}}
{"target": 13.23354060664147, "params": {"T_s": 4.1915415997156025, "bandwidth_lower_bound": 0.1, "bandwidth_upper_bound": 2.335422423017705, "delay": 147.4290653312846, "delay_noise": 0.0, "loss": 0.0019832345477320892, "queue": 0.6204833757488927}, "datetime": {"datetime": "2022-05-09 16:16:48", "elapsed": 198.193907, "delta": 11.255784}}
{"target": -208.29384420962046, "params": {"T_s": 16.609961833565404, "bandwidth_lower_bound": 0.1, "bandwidth_upper_bound": 0.2877905744445001, "delay": 91.13535424917703, "delay_noise": 0.0, "loss": 0.005174373202223418, "queue": 0.40600034017221975}, "datetime": {"datetime": "2022-05-09 16:16:59", "elapsed": 208.980083, "delta": 10.786176}}
{"target": -128.06495580614418, "params": {"T_s": 28.770508441610836, "bandwidth_lower_bound": 0.1, "bandwidth_upper_bound": 0.9012665953349537, "delay": 108.76158761027833, "delay_noise": 0.0, "loss": 0.009621003997464787, "queue": 1.1583129517211161}, "datetime": {"datetime": "2022-05-09 16:17:09", "elapsed": 219.208355, "delta": 10.228272}}
{"target": -48.08247171918856, "params": {"T_s": 17.721568714691056, "bandwidth_lower_bound": 0.1, "bandwidth_upper_bound": 2.304847870456413, "delay": 27.357222108312083, "delay_noise": 0.0, "loss": 0.014688597889972257, "queue": 2.9291558205879116}, "datetime": {"datetime": "2022-05-09 16:17:21", "elapsed": 230.842837, "delta": 11.634482}}
{"target": -465.03631395113484, "params": {"T_s": 18.328537523512892, "bandwidth_lower_bound": 0.1, "bandwidth_upper_bound": 0.19213414083813032, "delay": 110.64657458565823, "delay_noise": 0.0, "loss": 0.0003316495973050217, "queue": 2.314404409185792}, "datetime": {"datetime": "2022-05-09 16:17:30", "elapsed": 239.985949, "delta": 9.143112}}
{"target": -337.439729982148, "params": {"T_s": 19.66320283238829, "bandwidth_lower_bound": 0.1, "bandwidth_upper_bound": 0.15531031451158364, "delay": 135.15905656760225, "delay_noise": 0.0, "loss": 0.03433280161423385, "queue": 2.924644701739953}, "datetime": {"datetime": "2022-05-09 16:17:39", "elapsed": 249.096287, "delta": 9.110338}}
{"target": 0.18229991272579582, "params": {"T_s": 5.8604278409364765, "bandwidth_lower_bound": 0.1, "bandwidth_upper_bound": 78.93342439768857, "delay": 18.463514702295484, "delay_noise": 0.0, "loss": 0, "queue": 1.5412610797728432}, "datetime": {"datetime": "2022-05-09 16:18:18", "elapsed": 287.71188, "delta": 38.615593}}
