{"target": -47.737296473264394, "params": {"T_s": 7.475441295452627, "bandwidth_lower_bound": 0.1, "bandwidth_upper_bound": 4.488532454814247, "delay": 11.029186126295652, "delay_noise": 0.0, "loss": 0, "queue": 2.1284332530997983}, "datetime": {"datetime": "2022-05-09 16:49:59", "elapsed": 0.0, "delta": 0.0}}
{"target": -137.6601505215919, "params": {"T_s": 5.748211325026077, "bandwidth_lower_bound": 0.1, "bandwidth_upper_bound": 66.53230668131556, "delay": 113.60891328649541, "delay_noise": 0.0, "loss": 0.00471073133527679, "queue": 0.643666085864866}, "datetime": {"datetime": "2022-05-09 16:50:23", "elapsed": 24.534424, "delta": 24.534424}}
{"target": 22.832635700997272, "params": {"T_s": 8.258157895576678, "bandwidth_lower_bound": 0.1, "bandwidth_upper_bound": 12.297933565702303, "delay": 93.92428943195004, "delay_noise": 0.0, "loss": 0.00044960977794529234, "queue": 0.5384605043090793}, "datetime": {"datetime": "2022-05-09 16:50:37", "elapsed": 37.707096, "delta": 13.172672}}
{"target": -129.5124026487684, "params": {"T_s": 27.612923224597026, "bandwidth_lower_bound": 0.1, "bandwidth_upper_bound": 2.606501308144722, "delay": 64.28415208014789, "delay_noise": 0.0, "loss": 0.006072066619327537, "queue": 1.7211533228396902}, "datetime": {"datetime": "2022-05-09 16:50:47", "elapsed": 47.918316, "delta": 10.21122}}
{"target": -375.6759911152809, "params": {"T_s": 23.248522345726318, "bandwidth_lower_bound": 0.1, "bandwidth_upper_bound": 0.16468882769668913, "delay": 132.62373521275381, "delay_noise": 0.0, "loss": 0.0034193566176646834, "queue": 1.4413826936371414}, "datetime": {"datetime": "2022-05-09 16:50:56", "elapsed": 56.749125, "delta": 8.830809}}
{"target": -14.680646086479783, "params": {"T_s": 14.571888274018871, "bandwidth_lower_bound": 0.1, "bandwidth_upper_bound": 11.746267740414648, "delay": 54.13923792022163, "delay_noise": 0.0, "loss": 0.007129548203475093, "queue": 2.485198513608778}, "datetime": {"datetime": "2022-05-09 16:51:08", "elapsed": 68.751322, "delta": 12.002197}}
{"target": -109.83456769138621, "params": {"T_s": 5.049606508700578, "bandwidth_lower_bound": 0.1, "bandwidth_upper_bound": 1.05201714123529, "delay": 47.978666518875166, "delay_noise": 0.0, "loss": 0.00010098568271603949, "queue": 2.9351877392299404}, "datetime": {"datetime": "2022-05-09 16:51:18", "elapsed": 78.944894, "delta": 10.193572}}
{"target": -435.9939749237507, "params": {"T_s": 7.2474403701594845, "bandwidth_lower_bound": 0.1, "bandwidth_upper_bound": 0.11355332092131867, "delay": 124.1244733798128, "delay_noise": 0.0, "loss": 0.005571873882843499, "queue": 1.835900583505682}, "datetime": {"datetime": "2022-05-09 16:51:28", "elapsed": 89.214803, "delta": 10.269909}}
{"target": -142.64838151792037, "params": {"T_s": 13.183003083102953, "bandwidth_lower_bound": 0.1, "bandwidth_upper_bound": 82.43973322077174, "delay": 162.38774529614108, "delay_noise": 0.0, "loss": 0.03488932296332308, "queue": 0.33372268309370845}, "datetime": {"datetime": "2022-05-09 16:51:50", "elapsed": 110.941921, "delta": 21.727118}}
{"target": -23.63206863544491, "params": {"T_s": 22.25067222585896, "bandwidth_lower_bound": 0.1, "bandwidth_upper_bound": 3.81079426869988, "delay": 114.26351547073128, "delay_noise": 0.0, "loss": 0.0033495664766152477, "queue": 2.426875504278011}, "datetime": {"datetime": "2022-05-09 16:52:03", "elapsed": 124.124323, "delta": 13.182402}}
{"target": -224.06277754912247, "params": {"T_s": 23.672480406701407, "bandwidth_lower_bound": 0.1, "bandwidth_upper_bound": 15.115646583234492, "delay": 97.42536863853546, "delay_noise": 0.0, "loss": 0.02342862370595097, "queue": 0.9295073911339415}, "datetime": {"datetime": "2022-05-09 16:52:18", "elapsed": 139.221507, "delta": 15.097184}}
{"target": -224.40187258243273, "params": {"T_s": 3.555714627362418, "bandwidth_lower_bound": 0.1, "bandwidth_upper_bound": 0.46191766845555576, "delay": 98.16523562660443, "delay_noise": 0.0, "loss": 0, "queue": 2.4107729228726362}, "datetime": {"datetime": "2022-05-09 16:52:29", "elapsed": 150.167247, "delta": 10.94574}}
{"target": 20.183009706724818, "params": {"T_s": 1.294516509196601, "bandwidth_lower_bound": 0.1, "bandwidth_upper_bound": 31.32548892872222, "delay": 151.12557755360262, "delay_noise": 0.0, "loss": 0.00011938939065054375, "queue": 1.0604273836314426}, "datetime": {"datetime": "2022-05-09 16:52:48", "elapsed": 169.321994, "delta": 19.154747}}
{"target": -267.22278781592956, "params": {"T_s": 14.393363767154776, "bandwidth_lower_bound": 0.1, "bandwidth_upper_bound": 26.597048804759783, "delay": 53.922043116312636, "delay_noise": 0.0, "loss": 0.025580776770982274, "queue": 1.7895348435978602}, "datetime": {"datetime": "2022-05-09 16:53:08", "elapsed": 188.808093, "delta": 19.486099}}
{"target": 2.3352897003841804, "params": {"T_s": 7.903725830892319, "bandwidth_lower_bound": 0.1, "bandwidth_upper_bound": 7.251517350273299, "delay": 63.48102760248696, "delay_noise": 0.0, "loss": 0.000889086027740441, "queue": 1.8854691054336916}, "datetime": {"datetime": "2022-05-09 16:53:23", "elapsed": 203.702796, "delta": 14.894703}}
