{"target": 516.953599632043, "params": {"T_s": 8.821962016159114, "bandwidth_lower_bound": 0.1, "bandwidth_upper_bound": 47.270716859926225, "delay": 163.53582050692143, "delay_noise": 0.0, "loss": 0.003621184264265782, "queue": 1.2603066376151426}, "datetime": {"datetime": "2022-02-01 02:03:56", "elapsed": 0.0, "delta": 0.0}}
{"target": 1819.6558959966746, "params": {"T_s": 7.777664181721209, "bandwidth_lower_bound": 0.1, "bandwidth_upper_bound": 0.381549293433095, "delay": 55.918647609183616, "delay_noise": 0.0, "loss": 0.007877254350020164, "queue": 2.580917391369987}, "datetime": {"datetime": "2022-02-01 02:04:05", "elapsed": 8.143791, "delta": 8.143791}}
{"target": 2115.580025858215, "params": {"T_s": 11.628673409915441, "bandwidth_lower_bound": 0.1, "bandwidth_upper_bound": 0.22391397790244863, "delay": 150.7535784985648, "delay_noise": 0.0, "loss": 0, "queue": 2.601351487275335}, "datetime": {"datetime": "2022-02-01 02:04:13", "elapsed": 16.333428, "delta": 8.189637}}
{"target": 1621.9589004827503, "params": {"T_s": 14.246685391714541, "bandwidth_lower_bound": 0.1, "bandwidth_upper_bound": 0.3438282521735949, "delay": 154.50988276140325, "delay_noise": 0.0, "loss": 0.002162922602991903, "queue": 2.550594184158377}, "datetime": {"datetime": "2022-02-01 02:04:20", "elapsed": 23.488335, "delta": 7.154907}}
{"target": 670.6429971282448, "params": {"T_s": 6.915590944386461, "bandwidth_lower_bound": 0.1, "bandwidth_upper_bound": 10.920269405912826, "delay": 130.85561099641936, "delay_noise": 0.0, "loss": 0, "queue": 2.3600463874039757}, "datetime": {"datetime": "2022-02-01 02:04:27", "elapsed": 30.851039, "delta": 7.362704}}
{"target": 864.2081930501265, "params": {"T_s": 7.214761984494688, "bandwidth_lower_bound": 0.1, "bandwidth_upper_bound": 3.403479730716926, "delay": 54.19850807469124, "delay_noise": 0.0, "loss": 0.002083370477034057, "queue": 1.760859469602391}, "datetime": {"datetime": "2022-02-01 02:04:35", "elapsed": 38.94212, "delta": 8.091081}}
{"target": 1649.048127618386, "params": {"T_s": 4.77869339369703, "bandwidth_lower_bound": 0.1, "bandwidth_upper_bound": 0.5941878370364994, "delay": 117.28374241047268, "delay_noise": 0.0, "loss": 0.001631289369036997, "queue": 2.5123060163168285}, "datetime": {"datetime": "2022-02-01 02:04:43", "elapsed": 46.543979, "delta": 7.601859}}
{"target": 507.9091024775217, "params": {"T_s": 2.3458757776642085, "bandwidth_lower_bound": 0.1, "bandwidth_upper_bound": 1.6824040154956446, "delay": 156.18020506393935, "delay_noise": 0.0, "loss": 0.008085799373759316, "queue": 1.858403652236276}, "datetime": {"datetime": "2022-02-01 02:04:50", "elapsed": 53.707549, "delta": 7.16357}}
{"target": 701.9935094110061, "params": {"T_s": 9.96733804238405, "bandwidth_lower_bound": 0.1, "bandwidth_upper_bound": 1.8919490507674346, "delay": 103.68653008403317, "delay_noise": 0.0, "loss": 0, "queue": 2.182725066508239}, "datetime": {"datetime": "2022-02-01 02:04:58", "elapsed": 61.64664, "delta": 7.939091}}
{"target": 550.3934460392736, "params": {"T_s": 9.306459003255144, "bandwidth_lower_bound": 0.1, "bandwidth_upper_bound": 2.3890673712415524, "delay": 77.20149983110106, "delay_noise": 0.0, "loss": 0.001151386792385427, "queue": 0.43565808475309303}, "datetime": {"datetime": "2022-02-01 02:05:08", "elapsed": 71.302691, "delta": 9.656051}}
{"target": 775.5966164053252, "params": {"T_s": 10.376363726383259, "bandwidth_lower_bound": 0.1, "bandwidth_upper_bound": 3.5936256658450603, "delay": 132.27439018064499, "delay_noise": 0.0, "loss": 0.00010169833756099303, "queue": 2.212096614083264}, "datetime": {"datetime": "2022-02-01 02:05:20", "elapsed": 83.701334, "delta": 12.398643}}
{"target": 513.3569844058459, "params": {"T_s": 14.901077340272243, "bandwidth_lower_bound": 0.1, "bandwidth_upper_bound": 74.12702384711254, "delay": 156.34034955963037, "delay_noise": 0.0, "loss": 0, "queue": 1.9121087921833226}, "datetime": {"datetime": "2022-02-01 02:05:34", "elapsed": 97.395682, "delta": 13.694348}}
{"target": 2068.4599081596552, "params": {"T_s": 7.486564824563335, "bandwidth_lower_bound": 0.1, "bandwidth_upper_bound": 0.2481762946604463, "delay": 113.97989604771048, "delay_noise": 0.0, "loss": 0.006792072776740697, "queue": 2.869424495510184}, "datetime": {"datetime": "2022-02-01 02:05:48", "elapsed": 111.167359, "delta": 13.771677}}
{"target": 553.4858595646265, "params": {"T_s": 6.645219927068544, "bandwidth_lower_bound": 0.1, "bandwidth_upper_bound": 74.9915079899812, "delay": 165.0089327368056, "delay_noise": 0.0, "loss": 0, "queue": 2.2413022843739223}, "datetime": {"datetime": "2022-02-01 02:06:00", "elapsed": 123.554929, "delta": 12.38757}}
{"target": 1900.7258975797627, "params": {"T_s": 14.892259088178779, "bandwidth_lower_bound": 0.1, "bandwidth_upper_bound": 0.1178377652996322, "delay": 179.27997815351898, "delay_noise": 0.0, "loss": 0.0005201423402031528, "queue": 1.7899960326177469}, "datetime": {"datetime": "2022-02-01 02:06:10", "elapsed": 133.254753, "delta": 9.699824}}
