{"target": 501.61047830677575, "params": {"T_s": 0.7308732121369094, "bandwidth_lower_bound": 0.1, "bandwidth_upper_bound": 14.551207724569945, "delay": 6.280017483358058, "delay_noise": 0.0, "loss": 0, "queue": 1.0463613031009271}, "datetime": {"datetime": "2022-02-01 02:20:16", "elapsed": 0.0, "delta": 0.0}}
{"target": 490.80598025287367, "params": {"T_s": 9.9586544193705, "bandwidth_lower_bound": 0.1, "bandwidth_upper_bound": 5.633442017222582, "delay": 15.775049013294907, "delay_noise": 0.0, "loss": 0, "queue": 0.6987490523665953}, "datetime": {"datetime": "2022-02-01 02:20:25", "elapsed": 8.387069, "delta": 8.387069}}
{"target": 506.83914983427195, "params": {"T_s": 7.438943247392337, "bandwidth_lower_bound": 0.1, "bandwidth_upper_bound": 18.916095874742094, "delay": 194.1560548191332, "delay_noise": 0.0, "loss": 0.00026385341228444084, "queue": 1.344411322442451}, "datetime": {"datetime": "2022-02-01 02:20:34", "elapsed": 18.172679, "delta": 9.78561}}
{"target": 509.10149445137677, "params": {"T_s": 10.700406418267182, "bandwidth_lower_bound": 0.1, "bandwidth_upper_bound": 36.50132385015482, "delay": 182.8064659831375, "delay_noise": 0.0, "loss": 0.0008150538367177688, "queue": 0.6699401426202205}, "datetime": {"datetime": "2022-02-01 02:20:45", "elapsed": 28.845392, "delta": 10.672713}}
{"target": 399.64000685688103, "params": {"T_s": 4.480384374132985, "bandwidth_lower_bound": 0.1, "bandwidth_upper_bound": 0.9586006736497134, "delay": 93.10778609100926, "delay_noise": 0.0, "loss": 0, "queue": 2.4396313154291343}, "datetime": {"datetime": "2022-02-01 02:20:55", "elapsed": 38.806558, "delta": 9.961166}}
{"target": 258.6016247095915, "params": {"T_s": 10.900266739448032, "bandwidth_lower_bound": 0.1, "bandwidth_upper_bound": 0.634695492072146, "delay": 123.73529280739005, "delay_noise": 0.0, "loss": 0.0002696844974251172, "queue": 1.3489917000038925}, "datetime": {"datetime": "2022-02-01 02:21:05", "elapsed": 49.250818, "delta": 10.44426}}
{"target": 504.1343199830948, "params": {"T_s": 12.152363242389558, "bandwidth_lower_bound": 0.1, "bandwidth_upper_bound": 49.54741664980947, "delay": 99.02638055970556, "delay_noise": 0.0, "loss": 0.015034222925633124, "queue": 2.4076464021950605}, "datetime": {"datetime": "2022-02-01 02:21:14", "elapsed": 57.64662, "delta": 8.395802}}
{"target": 393.8244236273219, "params": {"T_s": 13.314831558108045, "bandwidth_lower_bound": 0.1, "bandwidth_upper_bound": 2.3076552208868018, "delay": 62.57120262819339, "delay_noise": 0.0, "loss": 0, "queue": 1.323630195745928}, "datetime": {"datetime": "2022-02-01 02:21:23", "elapsed": 67.303086, "delta": 9.656466}}
{"target": 510.35220815353637, "params": {"T_s": 3.468184724105035, "bandwidth_lower_bound": 0.1, "bandwidth_upper_bound": 45.583133230539026, "delay": 66.89283490167963, "delay_noise": 0.0, "loss": 0.008908885802377855, "queue": 2.0639422137677452}, "datetime": {"datetime": "2022-02-01 02:21:34", "elapsed": 77.900659, "delta": 10.597573}}
{"target": 464.10583069947216, "params": {"T_s": 3.661687450841602, "bandwidth_lower_bound": 0.1, "bandwidth_upper_bound": 2.5281542695809587, "delay": 148.3435279428497, "delay_noise": 0.0, "loss": 0.015714563234291178, "queue": 2.166060017611517}, "datetime": {"datetime": "2022-02-01 02:21:46", "elapsed": 90.206272, "delta": 12.305613}}
{"target": 477.0216235276987, "params": {"T_s": 0.761598850430652, "bandwidth_lower_bound": 0.1, "bandwidth_upper_bound": 9.811397788083909, "delay": 63.00664986090201, "delay_noise": 0.0, "loss": 0, "queue": 2.6287325551806475}, "datetime": {"datetime": "2022-02-01 02:21:58", "elapsed": 101.705162, "delta": 11.49889}}
{"target": 300.79803645933896, "params": {"T_s": 0.560546505616914, "bandwidth_lower_bound": 0.1, "bandwidth_upper_bound": 0.10007858083817912, "delay": 169.06217122190245, "delay_noise": 0.0, "loss": 0.00013273118930182137, "queue": 2.528106251836194}, "datetime": {"datetime": "2022-02-01 02:22:09", "elapsed": 112.940893, "delta": 11.235731}}
{"target": 457.02494493766835, "params": {"T_s": 0.15973270316093802, "bandwidth_lower_bound": 0.1, "bandwidth_upper_bound": 1.3582191447568435, "delay": 31.088372943014583, "delay_noise": 0.0, "loss": 0.0067297409023274616, "queue": 0.922565661484851}, "datetime": {"datetime": "2022-02-01 02:22:22", "elapsed": 125.45459, "delta": 12.513697}}
{"target": 475.60131572854397, "params": {"T_s": 14.992624690121309, "bandwidth_lower_bound": 0.1, "bandwidth_upper_bound": 13.499145931227808, "delay": 39.781416865869744, "delay_noise": 0.0, "loss": 0.0010183220814161586, "queue": 0.5393519213406743}, "datetime": {"datetime": "2022-02-01 02:22:33", "elapsed": 136.643906, "delta": 11.189316}}
{"target": 1318.2296328248995, "params": {"T_s": 14.807220674055486, "bandwidth_lower_bound": 0.1, "bandwidth_upper_bound": 0.42199108970889887, "delay": 2.768389218383832, "delay_noise": 0.0, "loss": 0.04654150922865079, "queue": 1.3271179519309138}, "datetime": {"datetime": "2022-02-01 02:22:43", "elapsed": 147.060653, "delta": 10.416747}}
