{"target": 249.6500258862067, "params": {"T_s": 12.883339009395595, "bandwidth_lower_bound": 0.1, "bandwidth_upper_bound": 4.627925232529891, "delay": 191.21999670037, "delay_noise": 0.0, "loss": 0.010451754848154755, "queue": 0.48304236886414925}, "datetime": {"datetime": "2022-02-01 06:34:38", "elapsed": 0.0, "delta": 0.0}}
{"target": 31.016381189789456, "params": {"T_s": 13.927321056119055, "bandwidth_lower_bound": 0.1, "bandwidth_upper_bound": 6.1611290900068045, "delay": 20.17325868964801, "delay_noise": 0.0, "loss": 0.00282852006412758, "queue": 1.43679776769146}, "datetime": {"datetime": "2022-02-01 06:34:48", "elapsed": 9.657843, "delta": 9.657843}}
{"target": 36.05290055874309, "params": {"T_s": 8.272316795909408, "bandwidth_lower_bound": 0.1, "bandwidth_upper_bound": 5.864131410095607, "delay": 11.886686364278235, "delay_noise": 0.0, "loss": 0.006836023708777267, "queue": 2.7505433230697283}, "datetime": {"datetime": "2022-02-01 06:34:58", "elapsed": 19.654294, "delta": 9.996451}}
{"target": 308.29057634227127, "params": {"T_s": 1.393649202569827, "bandwidth_lower_bound": 0.1, "bandwidth_upper_bound": 2.414800280604145, "delay": 91.49965697718463, "delay_noise": 0.0, "loss": 0, "queue": 2.1862376357576263}, "datetime": {"datetime": "2022-02-01 06:35:05", "elapsed": 26.860597, "delta": 7.206303}}
{"target": 180.17997998633714, "params": {"T_s": 2.4093611579661345, "bandwidth_lower_bound": 0.1, "bandwidth_upper_bound": 0.1274798441560498, "delay": 107.90757229156326, "delay_noise": 0.0, "loss": 0.00013830170368051142, "queue": 0.3261747560960061}, "datetime": {"datetime": "2022-02-01 06:35:12", "elapsed": 33.152144, "delta": 6.291547}}
{"target": 355.5582910295307, "params": {"T_s": 3.5786418948586767, "bandwidth_lower_bound": 0.1, "bandwidth_upper_bound": 22.240689579428473, "delay": 139.64992363979283, "delay_noise": 0.0, "loss": 0.0006721279589477652, "queue": 1.6675398156200114}, "datetime": {"datetime": "2022-02-01 06:35:21", "elapsed": 43.109678, "delta": 9.957534}}
{"target": 392.5218778135892, "params": {"T_s": 4.478118679303845, "bandwidth_lower_bound": 0.1, "bandwidth_upper_bound": 90.02287485018113, "delay": 101.22471436421372, "delay_noise": 0.0, "loss": 0.004926779796688947, "queue": 2.6173267170449854}, "datetime": {"datetime": "2022-02-01 06:35:41", "elapsed": 62.464632, "delta": 19.354954}}
{"target": 396.0789126359375, "params": {"T_s": 0.39254305846445403, "bandwidth_lower_bound": 0.1, "bandwidth_upper_bound": 23.292042958464364, "delay": 92.50969455707549, "delay_noise": 0.0, "loss": 0.00035575064464783446, "queue": 1.125889338708035}, "datetime": {"datetime": "2022-02-01 06:35:50", "elapsed": 72.082284, "delta": 9.617652}}
{"target": 208.1893710533372, "params": {"T_s": 9.062281915389526, "bandwidth_lower_bound": 0.1, "bandwidth_upper_bound": 87.85232142636721, "delay": 118.46992627755436, "delay_noise": 0.0, "loss": 0.0008455244015478223, "queue": 1.2023395207960186}, "datetime": {"datetime": "2022-02-01 06:36:10", "elapsed": 91.282668, "delta": 19.200384}}
{"target": 357.6974098745061, "params": {"T_s": 0.2249996612058358, "bandwidth_lower_bound": 0.1, "bandwidth_upper_bound": 22.527051918649214, "delay": 86.5466027809662, "delay_noise": 0.0, "loss": 0.0020351059787847695, "queue": 1.9928090298812413}, "datetime": {"datetime": "2022-02-01 06:36:19", "elapsed": 100.355715, "delta": 9.073047}}
{"target": 166.59443474945851, "params": {"T_s": 1.082726517613482, "bandwidth_lower_bound": 0.1, "bandwidth_upper_bound": 0.11005264730099432, "delay": 157.57239267959602, "delay_noise": 0.0, "loss": 0, "queue": 0.897570760567659}, "datetime": {"datetime": "2022-02-01 06:36:25", "elapsed": 106.564176, "delta": 6.208461}}
{"target": 376.31946385705396, "params": {"T_s": 0.6433090419424575, "bandwidth_lower_bound": 0.1, "bandwidth_upper_bound": 2.505438503300224, "delay": 69.03412666357575, "delay_noise": 0.0, "loss": 0.032227270455832666, "queue": 1.3355443018245043}, "datetime": {"datetime": "2022-02-01 06:36:32", "elapsed": 113.530205, "delta": 6.966029}}
{"target": 81.47854674775454, "params": {"T_s": 14.910145667234104, "bandwidth_lower_bound": 0.1, "bandwidth_upper_bound": 52.7358020101631, "delay": 59.665598305077815, "delay_noise": 0.0, "loss": 0, "queue": 0.9343728164588745}, "datetime": {"datetime": "2022-02-01 06:36:46", "elapsed": 127.538106, "delta": 14.007901}}
{"target": 167.70778080052193, "params": {"T_s": 14.202837380589562, "bandwidth_lower_bound": 0.1, "bandwidth_upper_bound": 22.246417989015416, "delay": 79.66825329576918, "delay_noise": 0.0, "loss": 0.005583002080414733, "queue": 0.33240845011599607}, "datetime": {"datetime": "2022-02-01 06:36:55", "elapsed": 136.744861, "delta": 9.206755}}
{"target": 215.34355067689808, "params": {"T_s": 0.051502777557030366, "bandwidth_lower_bound": 0.1, "bandwidth_upper_bound": 0.4333628275630517, "delay": 41.90292298572806, "delay_noise": 0.0, "loss": 0.0006239448048656995, "queue": 1.4297102866950737}, "datetime": {"datetime": "2022-02-01 06:37:02", "elapsed": 143.344179, "delta": 6.599318}}
