{"target": 41.2052110452928, "params": {"T_s": 9.662153041025025, "bandwidth_lower_bound": 0.1, "bandwidth_upper_bound": 9.753123330552471, "delay": 34.40284376834516, "delay_noise": 0.0, "loss": 0.00019156751113090457, "queue": 2.9769027784221014}, "datetime": {"datetime": "2022-02-01 05:48:40", "elapsed": 0.0, "delta": 0.0}}
{"target": 86.05714862299584, "params": {"T_s": 3.525868434084684, "bandwidth_lower_bound": 0.1, "bandwidth_upper_bound": 1.6598555880228851, "delay": 28.974395759771298, "delay_noise": 0.0, "loss": 0.0008255887523598021, "queue": 2.347194297635815}, "datetime": {"datetime": "2022-02-01 05:48:47", "elapsed": 6.855919, "delta": 6.855919}}
{"target": 157.36326189985488, "params": {"T_s": 14.007752149778696, "bandwidth_lower_bound": 0.1, "bandwidth_upper_bound": 0.3866462214268806, "delay": 198.8503494908776, "delay_noise": 0.0, "loss": 0, "queue": 1.9614795263161655}, "datetime": {"datetime": "2022-02-01 05:48:53", "elapsed": 13.127774, "delta": 6.271855}}
{"target": 139.6799276376037, "params": {"T_s": 11.024288649647092, "bandwidth_lower_bound": 0.1, "bandwidth_upper_bound": 0.12399159458574026, "delay": 180.69774096320992, "delay_noise": 0.0, "loss": 0.0011356446587023384, "queue": 1.2539766846827207}, "datetime": {"datetime": "2022-02-01 05:49:00", "elapsed": 19.50456, "delta": 6.376786}}
{"target": 389.4257052937827, "params": {"T_s": 0.3993654715967154, "bandwidth_lower_bound": 0.1, "bandwidth_upper_bound": 31.926056690693187, "delay": 74.66349134203003, "delay_noise": 0.0, "loss": 0.0005589297700069402, "queue": 1.2812258476791725}, "datetime": {"datetime": "2022-02-01 05:49:10", "elapsed": 29.866221, "delta": 10.361661}}
{"target": 63.38985006987474, "params": {"T_s": 11.162055066604434, "bandwidth_lower_bound": 0.1, "bandwidth_upper_bound": 6.113851200293995, "delay": 64.59440961783427, "delay_noise": 0.0, "loss": 0, "queue": 2.154260461949603}, "datetime": {"datetime": "2022-02-01 05:49:18", "elapsed": 37.862341, "delta": 7.99612}}
{"target": 265.9880255291497, "params": {"T_s": 3.181212470871218, "bandwidth_lower_bound": 0.1, "bandwidth_upper_bound": 1.3233728976427708, "delay": 115.471524343021, "delay_noise": 0.0, "loss": 0.01070134960994661, "queue": 0.656906498606465}, "datetime": {"datetime": "2022-02-01 05:49:24", "elapsed": 44.432775, "delta": 6.570434}}
{"target": 257.3893712950095, "params": {"T_s": 0.36232154782308124, "bandwidth_lower_bound": 0.1, "bandwidth_upper_bound": 0.6231206399728331, "delay": 69.19467715756583, "delay_noise": 0.0, "loss": 0.009701098214674157, "queue": 1.5819725830370195}, "datetime": {"datetime": "2022-02-01 05:49:31", "elapsed": 51.009699, "delta": 6.576924}}
{"target": 167.5817359195854, "params": {"T_s": 12.67968665825357, "bandwidth_lower_bound": 0.1, "bandwidth_upper_bound": 0.13915303964360318, "delay": 54.300865706652566, "delay_noise": 0.0, "loss": 0.003670792075405807, "queue": 1.0776229095224048}, "datetime": {"datetime": "2022-02-01 05:49:38", "elapsed": 57.791035, "delta": 6.781336}}
{"target": 133.08550394174193, "params": {"T_s": 6.938051827782347, "bandwidth_lower_bound": 0.1, "bandwidth_upper_bound": 11.31027267524135, "delay": 66.15869711352124, "delay_noise": 0.0, "loss": 0.0021888109821318353, "queue": 1.8700926691863144}, "datetime": {"datetime": "2022-02-01 05:49:46", "elapsed": 65.881618, "delta": 8.090583}}
{"target": 272.35005732763625, "params": {"T_s": 0.41214775851093954, "bandwidth_lower_bound": 0.1, "bandwidth_upper_bound": 0.3373394719332036, "delay": 91.64217287376135, "delay_noise": 0.0, "loss": 0.001247514827429199, "queue": 0.9318017745882174}, "datetime": {"datetime": "2022-02-01 05:49:52", "elapsed": 72.439451, "delta": 6.557833}}
{"target": 216.27352268533, "params": {"T_s": 13.535316593254036, "bandwidth_lower_bound": 0.1, "bandwidth_upper_bound": 58.79724926267358, "delay": 136.94258885966494, "delay_noise": 0.0, "loss": 0, "queue": 0.8289939016873824}, "datetime": {"datetime": "2022-02-01 05:50:09", "elapsed": 88.67093, "delta": 16.231479}}
{"target": 13.276286606116741, "params": {"T_s": 14.878254222554888, "bandwidth_lower_bound": 0.1, "bandwidth_upper_bound": 26.340369833169884, "delay": 2.212614373728539, "delay_noise": 0.0, "loss": 0, "queue": 1.472668460133886}, "datetime": {"datetime": "2022-02-01 05:50:34", "elapsed": 114.045167, "delta": 25.374237}}
{"target": 277.5238845609357, "params": {"T_s": 0.045876435610932575, "bandwidth_lower_bound": 0.1, "bandwidth_upper_bound": 7.050207644219581, "delay": 155.8539694272804, "delay_noise": 0.0, "loss": 0, "queue": 2.5291403342524665}, "datetime": {"datetime": "2022-02-01 05:50:42", "elapsed": 121.830639, "delta": 7.785472}}
{"target": 183.90132359844898, "params": {"T_s": 14.766404295468107, "bandwidth_lower_bound": 0.1, "bandwidth_upper_bound": 94.38668070194446, "delay": 100.91894288813594, "delay_noise": 0.0, "loss": 0.0001714952706852477, "queue": 0.3158518009978052}, "datetime": {"datetime": "2022-02-01 05:51:04", "elapsed": 144.398154, "delta": 22.567515}}
