{"target": 84.84878408308577, "params": {"T_s": 13.051862049408179, "bandwidth_lower_bound": 0.1, "bandwidth_upper_bound": 0.6863044614360575, "delay": 38.81042395385549, "delay_noise": 0.0, "loss": 0, "queue": 2.117912484247578}, "datetime": {"datetime": "2022-02-01 02:59:20", "elapsed": 0.0, "delta": 0.0}}
{"target": 137.01875079154786, "params": {"T_s": 6.5641658948947565, "bandwidth_lower_bound": 0.1, "bandwidth_upper_bound": 1.2625278438796266, "delay": 81.66841430521217, "delay_noise": 0.0, "loss": 0.0004503939167499155, "queue": 1.8392463262308998}, "datetime": {"datetime": "2022-02-01 02:59:27", "elapsed": 7.216348, "delta": 7.216348}}
{"target": 328.2370084415383, "params": {"T_s": 2.4297765576740735, "bandwidth_lower_bound": 0.1, "bandwidth_upper_bound": 0.9509405750453236, "delay": 140.4388751129993, "delay_noise": 0.0, "loss": 0.012410716577184197, "queue": 1.5477602410930484}, "datetime": {"datetime": "2022-02-01 02:59:34", "elapsed": 13.864685, "delta": 6.648337}}
{"target": 545.4145257374084, "params": {"T_s": 7.747534469877914, "bandwidth_lower_bound": 0.1, "bandwidth_upper_bound": 98.31565742411901, "delay": 103.82040867385223, "delay_noise": 0.0, "loss": 0, "queue": 2.215804073828537}, "datetime": {"datetime": "2022-02-01 02:59:55", "elapsed": 35.181808, "delta": 21.317123}}
{"target": 242.80221439294382, "params": {"T_s": 6.3150532141086355, "bandwidth_lower_bound": 0.1, "bandwidth_upper_bound": 0.7000068040497032, "delay": 180.25431893522915, "delay_noise": 0.0, "loss": 0.0004864343524593899, "queue": 1.0114521653622608}, "datetime": {"datetime": "2022-02-01 03:00:02", "elapsed": 42.565368, "delta": 7.38356}}
{"target": 375.1160943313737, "params": {"T_s": 7.887284451970828, "bandwidth_lower_bound": 0.1, "bandwidth_upper_bound": 17.212798919567327, "delay": 166.01255820751408, "delay_noise": 0.0, "loss": 0, "queue": 2.005613797010248}, "datetime": {"datetime": "2022-02-01 03:00:11", "elapsed": 51.167687, "delta": 8.602319}}
{"target": 484.5524387355476, "params": {"T_s": 4.6388637845482075, "bandwidth_lower_bound": 0.1, "bandwidth_upper_bound": 74.86468689801146, "delay": 176.87378926504275, "delay_noise": 0.0, "loss": 0.0007857925594460626, "queue": 0.44836676951599175}, "datetime": {"datetime": "2022-02-01 03:00:25", "elapsed": 65.453257, "delta": 14.28557}}
{"target": 54.559449689258315, "params": {"T_s": 9.625750966317451, "bandwidth_lower_bound": 0.1, "bandwidth_upper_bound": 19.9277122611841, "delay": 17.194963559939932, "delay_noise": 0.0, "loss": 0.00327197271661932, "queue": 1.6257966224899982}, "datetime": {"datetime": "2022-02-01 03:00:37", "elapsed": 77.42325, "delta": 11.969993}}
{"target": 133.113395793085, "params": {"T_s": 9.827192103698795, "bandwidth_lower_bound": 0.1, "bandwidth_upper_bound": 14.360305284909598, "delay": 84.2134086128265, "delay_noise": 0.0, "loss": 0.011278099978381454, "queue": 2.195144910244649}, "datetime": {"datetime": "2022-02-01 03:00:45", "elapsed": 85.20661, "delta": 7.78336}}
{"target": 324.8982594884015, "params": {"T_s": 1.4690572822015202, "bandwidth_lower_bound": 0.1, "bandwidth_upper_bound": 2.1011800228997424, "delay": 76.04987036504713, "delay_noise": 0.0, "loss": 0.0010623363149271647, "queue": 0.9054243360096932}, "datetime": {"datetime": "2022-02-01 03:00:51", "elapsed": 91.573068, "delta": 6.366458}}
{"target": 246.2686221203592, "params": {"T_s": 12.677385660408993, "bandwidth_lower_bound": 0.1, "bandwidth_upper_bound": 19.938511698801904, "delay": 109.28026687005341, "delay_noise": 0.0, "loss": 0, "queue": 0.7602920493705125}, "datetime": {"datetime": "2022-02-01 03:01:00", "elapsed": 100.723053, "delta": 9.149985}}
{"target": 371.5131139992037, "params": {"T_s": 2.9641024965915608, "bandwidth_lower_bound": 0.1, "bandwidth_upper_bound": 21.515209446474245, "delay": 100.24694668577395, "delay_noise": 0.0, "loss": 0, "queue": 2.91343190597543}, "datetime": {"datetime": "2022-02-01 03:01:09", "elapsed": 108.979072, "delta": 8.256019}}
{"target": 133.31364616329716, "params": {"T_s": 12.06728641386571, "bandwidth_lower_bound": 0.1, "bandwidth_upper_bound": 0.8603115906058797, "delay": 98.26349816790503, "delay_noise": 0.0, "loss": 0.026175034284951052, "queue": 2.59040803386542}, "datetime": {"datetime": "2022-02-01 03:01:15", "elapsed": 115.21544, "delta": 6.236368}}
{"target": 335.5057285778069, "params": {"T_s": 3.2765770931572935, "bandwidth_lower_bound": 0.1, "bandwidth_upper_bound": 23.556593983888412, "delay": 108.02993552467224, "delay_noise": 0.0, "loss": 0.001652724720053155, "queue": 1.0938437078988363}, "datetime": {"datetime": "2022-02-01 03:01:23", "elapsed": 122.931742, "delta": 7.716302}}
{"target": 511.72385169985046, "params": {"T_s": 1.0275893972868366, "bandwidth_lower_bound": 0.1, "bandwidth_upper_bound": 1.7741600595924396, "delay": 170.7703744279932, "delay_noise": 0.0, "loss": 0.0019044694638989308, "queue": 0.267226839646581}, "datetime": {"datetime": "2022-02-01 03:01:29", "elapsed": 129.330429, "delta": 6.398687}}
