{"target": 515.3983041296394, "params": {"T_s": 4.619024289374563, "bandwidth_lower_bound": 0.1, "bandwidth_upper_bound": 20.178690751945865, "delay": 158.26570576183022, "delay_noise": 0.0, "loss": 0, "queue": 0.9546146877273711}, "datetime": {"datetime": "2022-02-01 03:32:06", "elapsed": 0.0, "delta": 0.0}}
{"target": 117.95675234491824, "params": {"T_s": 7.442882114817919, "bandwidth_lower_bound": 0.1, "bandwidth_upper_bound": 0.38446426102224307, "delay": 37.58955885173057, "delay_noise": 0.0, "loss": 0.00011116448183316158, "queue": 2.3306316344938764}, "datetime": {"datetime": "2022-02-01 03:32:12", "elapsed": 6.394041, "delta": 6.394041}}
{"target": 618.0352597550419, "params": {"T_s": 4.045394124689211, "bandwidth_lower_bound": 0.1, "bandwidth_upper_bound": 77.1287929577015, "delay": 182.8164365818798, "delay_noise": 0.0, "loss": 0.0006249766904492999, "queue": 2.0303722378160383}, "datetime": {"datetime": "2022-02-01 03:32:27", "elapsed": 21.184481, "delta": 14.79044}}
{"target": 139.54424844263593, "params": {"T_s": 8.04944097794062, "bandwidth_lower_bound": 0.1, "bandwidth_upper_bound": 0.26665356335878404, "delay": 195.11764404159783, "delay_noise": 0.0, "loss": 0.004625082088259568, "queue": 1.026177999851601}, "datetime": {"datetime": "2022-02-01 03:32:33", "elapsed": 26.932894, "delta": 5.748413}}
{"target": 386.70880489969124, "params": {"T_s": 9.001979483551242, "bandwidth_lower_bound": 0.1, "bandwidth_upper_bound": 8.396504477740738, "delay": 184.8132929845725, "delay_noise": 0.0, "loss": 0.0024248003467114976, "queue": 1.0277987481730304}, "datetime": {"datetime": "2022-02-01 03:32:40", "elapsed": 33.994926, "delta": 7.062032}}
{"target": 113.07350665997919, "params": {"T_s": 10.238905692482795, "bandwidth_lower_bound": 0.1, "bandwidth_upper_bound": 0.23949136597200324, "delay": 114.8436196787199, "delay_noise": 0.0, "loss": 0.0011829612026478923, "queue": 2.592161576834868}, "datetime": {"datetime": "2022-02-01 03:32:46", "elapsed": 39.959888, "delta": 5.964962}}
{"target": 688.2653044666843, "params": {"T_s": 1.4507834574724692, "bandwidth_lower_bound": 0.1, "bandwidth_upper_bound": 83.34226781025528, "delay": 184.54929325368474, "delay_noise": 0.0, "loss": 0, "queue": 2.6739564643995224}, "datetime": {"datetime": "2022-02-01 03:32:57", "elapsed": 51.354083, "delta": 11.394195}}
{"target": 189.5086807042906, "params": {"T_s": 11.54962030062988, "bandwidth_lower_bound": 0.1, "bandwidth_upper_bound": 0.20485390680745058, "delay": 38.88686961996589, "delay_noise": 0.0, "loss": 0.03348274190473799, "queue": 2.4136296672661803}, "datetime": {"datetime": "2022-02-01 03:33:03", "elapsed": 57.43501, "delta": 6.080927}}
{"target": 229.29735767885444, "params": {"T_s": 2.7991387155368836, "bandwidth_lower_bound": 0.1, "bandwidth_upper_bound": 0.1755283472728924, "delay": 105.60147530883107, "delay_noise": 0.0, "loss": 0, "queue": 0.5029468672295363}, "datetime": {"datetime": "2022-02-01 03:33:10", "elapsed": 63.708335, "delta": 6.273325}}
{"target": 124.23452825225186, "params": {"T_s": 9.490878383872758, "bandwidth_lower_bound": 0.1, "bandwidth_upper_bound": 3.793844261537754, "delay": 68.68981323356725, "delay_noise": 0.0, "loss": 0.046111003036765436, "queue": 1.9731384982133384}, "datetime": {"datetime": "2022-02-01 03:33:16", "elapsed": 70.454575, "delta": 6.74624}}
{"target": 113.44032305883388, "params": {"T_s": 14.385697643030682, "bandwidth_lower_bound": 0.1, "bandwidth_upper_bound": 5.080560828220607, "delay": 2.1876246767766103, "delay_noise": 0.0, "loss": 0.01669524365189784, "queue": 0.9411575779816006}, "datetime": {"datetime": "2022-02-01 03:33:29", "elapsed": 83.477215, "delta": 13.02264}}
{"target": 430.31161326065796, "params": {"T_s": 0.45889694430519656, "bandwidth_lower_bound": 0.1, "bandwidth_upper_bound": 21.85778371565459, "delay": 136.9629010329095, "delay_noise": 0.0, "loss": 0.013714488055807023, "queue": 2.7853822140058195}, "datetime": {"datetime": "2022-02-01 03:33:39", "elapsed": 92.994789, "delta": 9.517574}}
{"target": 167.75482749772002, "params": {"T_s": 14.882744336735362, "bandwidth_lower_bound": 0.1, "bandwidth_upper_bound": 20.924318202643306, "delay": 90.14218565491922, "delay_noise": 0.0, "loss": 0.0002938220437297421, "queue": 0.2689508748629252}, "datetime": {"datetime": "2022-02-01 03:33:50", "elapsed": 104.453636, "delta": 11.458847}}
{"target": 397.38314731880837, "params": {"T_s": 0.10368395385828455, "bandwidth_lower_bound": 0.1, "bandwidth_upper_bound": 0.862982802894949, "delay": 15.880911797608048, "delay_noise": 0.0, "loss": 0, "queue": 1.5454156332650912}, "datetime": {"datetime": "2022-02-01 03:33:59", "elapsed": 113.399051, "delta": 8.945415}}
{"target": 143.94157828045698, "params": {"T_s": 14.973678619604703, "bandwidth_lower_bound": 0.1, "bandwidth_upper_bound": 3.0885101139508437, "delay": 141.97839690624963, "delay_noise": 0.0, "loss": 0, "queue": 0.7718114120607369}, "datetime": {"datetime": "2022-02-01 03:34:07", "elapsed": 121.27307, "delta": 7.874019}}
