{"target": 341.67197833877685, "params": {"T_s": 6.385821157783437, "bandwidth_lower_bound": 0.1, "bandwidth_upper_bound": 16.07651353906192, "delay": 173.86463357618769, "delay_noise": 0.0, "loss": 0.04198225564381929, "queue": 2.7009441708023787}, "datetime": {"datetime": "2022-02-01 04:12:09", "elapsed": 0.0, "delta": 0.0}}
{"target": 682.9950711116892, "params": {"T_s": 3.1457275463156313, "bandwidth_lower_bound": 0.1, "bandwidth_upper_bound": 9.759553685611676, "delay": 177.58668937540355, "delay_noise": 0.0, "loss": 0.005909674046101789, "queue": 2.636405216154713}, "datetime": {"datetime": "2022-02-01 04:12:17", "elapsed": 7.692407, "delta": 7.692407}}
{"target": 334.38451742786987, "params": {"T_s": 2.801337652071196, "bandwidth_lower_bound": 0.1, "bandwidth_upper_bound": 1.314656535845497, "delay": 159.15517896656795, "delay_noise": 0.0, "loss": 0, "queue": 0.4272734602595678}, "datetime": {"datetime": "2022-02-01 04:12:23", "elapsed": 14.181407, "delta": 6.489}}
{"target": 179.21250085169578, "params": {"T_s": 4.5776301250469045, "bandwidth_lower_bound": 0.1, "bandwidth_upper_bound": 0.3081190470008632, "delay": 15.98697658529463, "delay_noise": 0.0, "loss": 0, "queue": 1.8769683010605238}, "datetime": {"datetime": "2022-02-01 04:12:30", "elapsed": 21.070998, "delta": 6.889591}}
{"target": 165.1702570367171, "params": {"T_s": 6.228954737930927, "bandwidth_lower_bound": 0.1, "bandwidth_upper_bound": 0.4591647276732828, "delay": 145.66345551175561, "delay_noise": 0.0, "loss": 0.027291498523983715, "queue": 2.260632110783996}, "datetime": {"datetime": "2022-02-01 04:12:37", "elapsed": 27.474308, "delta": 6.40331}}
{"target": 45.92256746367093, "params": {"T_s": 7.148808611104799, "bandwidth_lower_bound": 0.1, "bandwidth_upper_bound": 6.075203294455134, "delay": 17.055319143594843, "delay_noise": 0.0, "loss": 0.037584731027168514, "queue": 1.8333024132125055}, "datetime": {"datetime": "2022-02-01 04:12:46", "elapsed": 36.942271, "delta": 9.467963}}
{"target": 562.0452720546108, "params": {"T_s": 1.3863287081669746, "bandwidth_lower_bound": 0.1, "bandwidth_upper_bound": 32.41830660519136, "delay": 183.12800408027329, "delay_noise": 0.0, "loss": 0.0002701216587530719, "queue": 2.1759429339238596}, "datetime": {"datetime": "2022-02-01 04:12:56", "elapsed": 47.243373, "delta": 10.301102}}
{"target": 175.35105502452217, "params": {"T_s": 13.849667348138365, "bandwidth_lower_bound": 0.1, "bandwidth_upper_bound": 11.273519939613, "delay": 105.01791495444007, "delay_noise": 0.0, "loss": 0.026152853982448432, "queue": 1.5698444382861008}, "datetime": {"datetime": "2022-02-01 04:13:05", "elapsed": 55.92921, "delta": 8.685837}}
{"target": 77.34299858347731, "params": {"T_s": 8.943209441462482, "bandwidth_lower_bound": 0.1, "bandwidth_upper_bound": 94.43493605694962, "delay": 43.65879675091267, "delay_noise": 0.0, "loss": 0.0025137252760984896, "queue": 2.7507193885355252}, "datetime": {"datetime": "2022-02-01 04:13:26", "elapsed": 77.162465, "delta": 21.233255}}
{"target": 535.251225388343, "params": {"T_s": 1.824868953678516, "bandwidth_lower_bound": 0.1, "bandwidth_upper_bound": 18.3761368526872, "delay": 182.28600323149286, "delay_noise": 0.0, "loss": 0.040624061659111005, "queue": 1.0504431044979277}, "datetime": {"datetime": "2022-02-01 04:13:35", "elapsed": 85.745243, "delta": 8.582778}}
{"target": 203.98165795901815, "params": {"T_s": 14.532074102408467, "bandwidth_lower_bound": 0.1, "bandwidth_upper_bound": 0.9232179736604035, "delay": 188.3540701234078, "delay_noise": 0.0, "loss": 0, "queue": 2.313536634575554}, "datetime": {"datetime": "2022-02-01 04:13:42", "elapsed": 92.448839, "delta": 6.703596}}
{"target": 492.8021991783293, "params": {"T_s": 0.18905823405127697, "bandwidth_lower_bound": 0.1, "bandwidth_upper_bound": 47.38907225984306, "delay": 199.82835340820088, "delay_noise": 0.0, "loss": 0.03215624443461428, "queue": 0.5187319594181014}, "datetime": {"datetime": "2022-02-01 04:13:52", "elapsed": 102.512154, "delta": 10.063315}}
{"target": 263.9470356751349, "params": {"T_s": 0.0358325468223436, "bandwidth_lower_bound": 0.1, "bandwidth_upper_bound": 43.29587866381593, "delay": 75.7224047169598, "delay_noise": 0.0, "loss": 0.0009417771560433525, "queue": 1.5445550533397572}, "datetime": {"datetime": "2022-02-01 04:14:04", "elapsed": 115.342554, "delta": 12.8304}}
{"target": 248.33537327258017, "params": {"T_s": 0.03458919838537744, "bandwidth_lower_bound": 0.1, "bandwidth_upper_bound": 1.6043949871593972, "delay": 122.61526292662893, "delay_noise": 0.0, "loss": 0, "queue": 0.6131405593229862}, "datetime": {"datetime": "2022-02-01 04:14:11", "elapsed": 122.317017, "delta": 6.974463}}
{"target": 198.533095540224, "params": {"T_s": 14.944457765024172, "bandwidth_lower_bound": 0.1, "bandwidth_upper_bound": 0.2171081041552062, "delay": 64.90073635425784, "delay_noise": 0.0, "loss": 0.015075046197377644, "queue": 0.7166794277491784}, "datetime": {"datetime": "2022-02-01 04:14:18", "elapsed": 129.16127, "delta": 6.844253}}
